{"meta": {"format": 3, "version": "7.11.0", "timestamp": "2026-02-18T12:43:30.783998", "branch_coverage": false, "show_contexts": false}, "files": {"backend\\app\\__init__.py": {"executed_lines": [0], "summary": {"covered_lines": 0, "num_statements": 0, "percent_covered": 100.0, "percent_covered_display": "100", "missing_lines": 0, "excluded_lines": 0}, "missing_lines": [], "excluded_lines": [], "functions": {"": {"executed_lines": [], "summary": {"covered_lines": 0, "num_statements": 0, "percent_covered": 100.0, "percent_covered_display": "100", "missing_lines": 0, "excluded_lines": 0}, "missing_lines": [], "excluded_lines": []}}, "classes": {"": {"executed_lines": [], "summary": {"covered_lines": 0, "num_statements": 0, "percent_covered": 100.0, "percent_covered_display": "100", "missing_lines": 0, "excluded_lines": 0}, "missing_lines": [], "excluded_lines": []}}}, "backend\\app\\api\\__init__.py": {"executed_lines": [], "summary": {"covered_lines": 0, "num_statements": 0, "percent_covered": 100.0, "percent_covered_display": "100", "missing_lines": 0, "excluded_lines": 0}, "missing_lines": [], "excluded_lines": [], "functions": {"": {"executed_lines": [], "summary": {"covered_lines": 0, "num_statements": 0, "percent_covered": 100.0, "percent_covered_display": "100", "missing_lines": 0, "excluded_lines": 0}, "missing_lines": [], "excluded_lines": []}}, "classes": {"": {"executed_lines": [], "summary": {"covered_lines": 0, "num_statements": 0, "percent_covered": 100.0, "percent_covered_display": "100", "missing_lines": 0, "excluded_lines": 0}, "missing_lines": [], "excluded_lines": []}}}, "backend\\app\\api\\v1\\__init__.py": {"executed_lines": [], "summary": {"covered_lines": 0, "num_statements": 7, "percent_covered": 0.0, "percent_covered_display": "0", "missing_lines": 7, "excluded_lines": 0}, "missing_lines": [1, 2, 3, 4, 5, 6, 8], "excluded_lines": [], "functions": {"": {"executed_lines": [], "summary": {"covered_lines": 0, "num_statements": 7, "percent_covered": 0.0, "percent_covered_display": "0", "missing_lines": 7, "excluded_lines": 0}, "missing_lines": [1, 2, 3, 4, 5, 6, 8], "excluded_lines": []}}, "classes": {"": {"executed_lines": [], "summary": {"covered_lines": 0, "num_statements": 7, "percent_covered": 0.0, "percent_covered_display": "0", "missing_lines": 7, "excluded_lines": 0}, "missing_lines": [1, 2, 3, 4, 5, 6, 8], "excluded_lines": []}}}, "backend\\app\\api\\v1\\auth.py": {"executed_lines": [], "summary": {"covered_lines": 0, "num_statements": 18, "percent_covered": 0.0, "percent_covered_display": "0", "missing_lines": 18, "excluded_lines": 0}, "missing_lines": [1, 2, 3, 4, 5, 6, 7, 9, 11, 12, 17, 20, 24, 25, 27, 37, 38, 40], "excluded_lines": [], "functions": {"get_me": {"executed_lines": [], "summary": {"covered_lines": 0, "num_statements": 5, "percent_covered": 0.0, "percent_covered_display": "0", "missing_lines": 5, "excluded_lines": 0}, "missing_lines": [17, 20, 24, 25, 27], "excluded_lines": []}, "refresh_token": {"executed_lines": [], "summary": {"covered_lines": 0, "num_statements": 1, "percent_covered": 0.0, "percent_covered_display": "0", "missing_lines": 1, "excluded_lines": 0}, "missing_lines": [40], "excluded_lines": []}, "": {"executed_lines": [], "summary": {"covered_lines": 0, "num_statements": 12, "percent_covered": 0.0, "percent_covered_display": "0", "missing_lines": 12, "excluded_lines": 0}, "missing_lines": [1, 2, 3, 4, 5, 6, 7, 9, 11, 12, 37, 38], "excluded_lines": []}}, "classes": {"": {"executed_lines": [], "summary": {"covered_lines": 0, "num_statements": 18, "percent_covered": 0.0, "percent_covered_display": "0", "missing_lines": 18, "excluded_lines": 0}, "missing_lines": [1, 2, 3, 4, 5, 6, 7, 9, 11, 12, 17, 20, 24, 25, 27, 37, 38, 40], "excluded_lines": []}}}, "backend\\app\\api\\v1\\checks.py": {"executed_lines": [], "summary": {"covered_lines": 0, "num_statements": 779, "percent_covered": 0.0, "percent_covered_display": "0", "missing_lines": 779, "excluded_lines": 0}, "missing_lines": [1, 2, 3, 4, 5, 6, 7, 8, 9, 10, 11, 12, 13, 14, 15, 16, 17, 18, 19, 20, 21, 22, 23, 24, 25, 26, 27, 29, 32, 41, 42, 44, 45, 46, 48, 49, 50, 52, 53, 54, 55, 57, 59, 62, 64, 65, 67, 68, 69, 71, 72, 73, 75, 76, 85, 87, 90, 93, 94, 99, 100, 102, 113, 114, 115, 117, 118, 120, 121, 122, 124, 128, 137, 139, 140, 141, 143, 146, 147, 152, 153, 154, 155, 157, 178, 179, 180, 181, 185, 186, 189, 190, 191, 195, 196, 199, 200, 201, 202, 203, 206, 207, 208, 209, 210, 213, 214, 218, 219, 220, 221, 222, 225, 226, 227, 228, 231, 232, 235, 241, 245, 248, 249, 253, 255, 259, 260, 263, 265, 268, 269, 270, 271, 272, 273, 274, 279, 280, 281, 289, 290, 293, 294, 295, 296, 301, 302, 303, 304, 309, 311, 313, 319, 327, 328, 329, 332, 333, 338, 339, 343, 345, 346, 348, 350, 359, 360, 361, 362, 363, 365, 366, 367, 368, 369, 371, 381, 382, 384, 385, 389, 391, 392, 393, 395, 396, 399, 409, 410, 412, 413, 414, 417, 418, 420, 426, 427, 429, 432, 433, 435, 437, 438, 439, 440, 441, 443, 444, 447, 450, 451, 452, 455, 456, 468, 469, 473, 474, 475, 484, 485, 486, 487, 489, 490, 496, 497, 498, 501, 502, 503, 506, 507, 508, 509, 512, 525, 526, 527, 529, 532, 540, 542, 544, 545, 546, 552, 553, 554, 555, 557, 558, 560, 564, 565, 566, 569, 571, 572, 573, 574, 576, 577, 578, 580, 581, 582, 585, 587, 589, 592, 594, 606, 607, 608, 622, 623, 624, 633, 636, 640, 641, 651, 654, 655, 658, 659, 660, 661, 663, 666, 667, 668, 669, 670, 671, 673, 676, 677, 678, 680, 681, 682, 685, 686, 687, 690, 691, 692, 693, 697, 698, 703, 709, 710, 712, 713, 717, 718, 719, 721, 722, 726, 727, 731, 732, 737, 738, 739, 740, 743, 744, 745, 748, 749, 752, 755, 768, 771, 772, 773, 774, 777, 787, 789, 795, 796, 797, 803, 804, 807, 808, 809, 810, 813, 814, 819, 820, 822, 827, 828, 829, 832, 836, 837, 838, 839, 841, 842, 843, 845, 846, 847, 851, 852, 854, 859, 860, 862, 863, 866, 867, 870, 873, 874, 875, 879, 884, 896, 897, 898, 905, 912, 913, 916, 917, 919, 925, 926, 929, 932, 933, 936, 937, 938, 939, 940, 941, 942, 955, 975, 978, 979, 985, 988, 989, 991, 992, 995, 996, 997, 999, 1000, 1001, 1002, 1004, 1005, 1006, 1007, 1008, 1010, 1011, 1012, 1017, 1020, 1021, 1024, 1026, 1031, 1032, 1034, 1035, 1036, 1037, 1038, 1040, 1083, 1126, 1129, 1132, 1133, 1148, 1149, 1150, 1159, 1162, 1163, 1165, 1166, 1169, 1170, 1176, 1177, 1182, 1185, 1186, 1188, 1189, 1191, 1192, 1198, 1199, 1200, 1202, 1204, 1206, 1212, 1213, 1221, 1223, 1224, 1225, 1226, 1237, 1238, 1239, 1241, 1244, 1245, 1249, 1250, 1252, 1253, 1254, 1259, 1263, 1264, 1265, 1266, 1268, 1269, 1270, 1272, 1273, 1274, 1276, 1278, 1287, 1288, 1296, 1299, 1300, 1302, 1303, 1305, 1307, 1309, 1310, 1311, 1312, 1315, 1318, 1319, 1320, 1321, 1322, 1323, 1326, 1327, 1328, 1329, 1331, 1332, 1333, 1334, 1336, 1337, 1339, 1341, 1342, 1343, 1344, 1345, 1346, 1347, 1351, 1352, 1353, 1354, 1355, 1356, 1357, 1358, 1363, 1364, 1365, 1369, 1370, 1372, 1373, 1375, 1376, 1377, 1378, 1381, 1382, 1384, 1385, 1386, 1388, 1389, 1391, 1402, 1403, 1411, 1414, 1415, 1417, 1418, 1420, 1421, 1426, 1429, 1430, 1433, 1434, 1435, 1441, 1442, 1444, 1445, 1457, 1458, 1461, 1462, 1463, 1470, 1471, 1472, 1475, 1476, 1477, 1479, 1480, 1482, 1483, 1484, 1485, 1486, 1491, 1492, 1507, 1510, 1511, 1512, 1513, 1514, 1515, 1516, 1517, 1520, 1521, 1540, 1543, 1544, 1546, 1547, 1550, 1554, 1555, 1558, 1561, 1563, 1565, 1579, 1581, 1582, 1585, 1586, 1588, 1590, 1591, 1594, 1597, 1609, 1610, 1619, 1620, 1622, 1623, 1624, 1625, 1632, 1648, 1649, 1651, 1652, 1654, 1656, 1657, 1658, 1661, 1663, 1679, 1680, 1692, 1693, 1694, 1696, 1697, 1699, 1700, 1703, 1706, 1707, 1710, 1711, 1713, 1714, 1719, 1720, 1721, 1724, 1725, 1726, 1729, 1730, 1732, 1733, 1734, 1735, 1737, 1738, 1741, 1742, 1743, 1745, 1747, 1748, 1749, 1753, 1754, 1755, 1758, 1759, 1761, 1762, 1767, 1768, 1771, 1785, 1786, 1790, 1791, 1793, 1798, 1799, 1801, 1802, 1803, 1823, 1826, 1840, 1856, 1857, 1870, 1871, 1874, 1877, 1878, 1880, 1881, 1884, 1888, 1889, 1892, 1895, 1897, 1898, 1903, 1905, 1906, 1908, 1912, 1913, 1915, 1916, 1921, 1922, 1923, 1924, 1928, 1929, 1940, 1941, 1942, 1944, 1945, 1946, 1948, 1949, 1950, 1951, 1954, 1962, 1964, 1965, 1966, 1968, 1969, 1970, 1972, 1975, 1976, 1978, 1979, 1980, 1983, 1987], "excluded_lines": [], "functions": {"_claim_map_to_camel_case": {"executed_lines": [], "summary": {"covered_lines": 0, "num_statements": 12, "percent_covered": 0.0, "percent_covered_display": "0", "missing_lines": 12, "excluded_lines": 0}, "missing_lines": [41, 42, 44, 48, 49, 50, 52, 53, 54, 55, 57, 59], "excluded_lines": []}, "_claim_map_to_camel_case._snake_to_camel": {"executed_lines": [], "summary": {"covered_lines": 0, "num_statements": 2, "percent_covered": 0.0, "percent_covered_display": "0", "missing_lines": 2, "excluded_lines": 0}, "missing_lines": [45, 46], "excluded_lines": []}, "_convert_element": {"executed_lines": [], "summary": {"covered_lines": 0, "num_statements": 10, "percent_covered": 0.0, "percent_covered_display": "0", "missing_lines": 10, "excluded_lines": 0}, "missing_lines": [64, 65, 67, 71, 72, 73, 75, 76, 85, 87], "excluded_lines": []}, "_convert_element._snake_to_camel": {"executed_lines": [], "summary": {"covered_lines": 0, "num_statements": 2, "percent_covered": 0.0, "percent_covered_display": "0", "missing_lines": 2, "excluded_lines": 0}, "missing_lines": [68, 69], "excluded_lines": []}, "test_search_diagnostic": {"executed_lines": [], "summary": {"covered_lines": 0, "num_statements": 18, "percent_covered": 0.0, "percent_covered_display": "0", "missing_lines": 18, "excluded_lines": 0}, "missing_lines": [99, 100, 102, 113, 114, 115, 117, 118, 120, 121, 122, 124, 128, 137, 139, 140, 141, 143], "excluded_lines": []}, "test_full_diagnostic": {"executed_lines": [], "summary": {"covered_lines": 0, "num_statements": 46, "percent_covered": 0.0, "percent_covered_display": "0", "missing_lines": 46, "excluded_lines": 0}, "missing_lines": [152, 153, 154, 155, 157, 178, 179, 180, 181, 185, 186, 189, 190, 191, 195, 196, 199, 200, 201, 202, 203, 206, 207, 208, 209, 210, 213, 214, 218, 219, 220, 221, 222, 225, 226, 227, 228, 231, 232, 235, 241, 245, 248, 249, 253, 255], "excluded_lines": []}, "safe_json_dumps": {"executed_lines": [], "summary": {"covered_lines": 0, "num_statements": 1, "percent_covered": 0.0, "percent_covered_display": "0", "missing_lines": 1, "excluded_lines": 0}, "missing_lines": [265], "excluded_lines": []}, "upload_file": {"executed_lines": [], "summary": {"covered_lines": 0, "num_statements": 17, "percent_covered": 0.0, "percent_covered_display": "0", "missing_lines": 17, "excluded_lines": 0}, "missing_lines": [289, 290, 293, 294, 295, 296, 301, 302, 303, 304, 309, 311, 313, 319, 327, 328, 329], "excluded_lines": []}, "test_stream_mock": {"executed_lines": [], "summary": {"covered_lines": 0, "num_statements": 8, "percent_covered": 0.0, "percent_covered_display": "0", "missing_lines": 8, "excluded_lines": 0}, "missing_lines": [338, 339, 343, 345, 346, 348, 365, 371], "excluded_lines": []}, "test_stream_mock.mock_pipeline": {"executed_lines": [], "summary": {"covered_lines": 0, "num_statements": 6, "percent_covered": 0.0, "percent_covered_display": "0", "missing_lines": 6, "excluded_lines": 0}, "missing_lines": [350, 359, 360, 361, 362, 363], "excluded_lines": []}, "test_stream_mock.mock_stream": {"executed_lines": [], "summary": {"covered_lines": 0, "num_statements": 4, "percent_covered": 0.0, "percent_covered_display": "0", "missing_lines": 4, "excluded_lines": 0}, "missing_lines": [366, 367, 368, 369], "excluded_lines": []}, "get_check_test": {"executed_lines": [], "summary": {"covered_lines": 0, "num_statements": 30, "percent_covered": 0.0, "percent_covered_display": "0", "missing_lines": 30, "excluded_lines": 0}, "missing_lines": [384, 385, 389, 391, 392, 393, 395, 396, 399, 409, 410, 412, 413, 414, 417, 418, 420, 426, 427, 429, 432, 433, 435, 437, 438, 439, 440, 441, 443, 444], "excluded_lines": []}, "create_check_test_streaming": {"executed_lines": [], "summary": {"covered_lines": 0, "num_statements": 32, "percent_covered": 0.0, "percent_covered_display": "0", "missing_lines": 32, "excluded_lines": 0}, "missing_lines": [468, 469, 473, 474, 475, 484, 485, 486, 487, 489, 490, 496, 497, 498, 501, 502, 503, 506, 507, 508, 509, 512, 525, 526, 527, 529, 532, 540, 542, 585, 587, 594], "excluded_lines": []}, "create_check_test_streaming.run_pipeline_and_save": {"executed_lines": [], "summary": {"covered_lines": 0, "num_statements": 24, "percent_covered": 0.0, "percent_covered_display": "0", "missing_lines": 24, "excluded_lines": 0}, "missing_lines": [544, 545, 546, 552, 553, 554, 555, 557, 558, 560, 564, 565, 566, 569, 571, 572, 573, 574, 576, 577, 578, 580, 581, 582], "excluded_lines": []}, "create_check_test_streaming.pipeline_stream": {"executed_lines": [], "summary": {"covered_lines": 0, "num_statements": 2, "percent_covered": 0.0, "percent_covered_display": "0", "missing_lines": 2, "excluded_lines": 0}, "missing_lines": [589, 592], "excluded_lines": []}, "create_check_streaming": {"executed_lines": [], "summary": {"covered_lines": 0, "num_statements": 74, "percent_covered": 0.0, "percent_covered_display": "0", "missing_lines": 74, "excluded_lines": 0}, "missing_lines": [622, 623, 624, 633, 636, 640, 641, 651, 654, 655, 658, 659, 660, 661, 663, 666, 667, 668, 669, 670, 671, 673, 676, 677, 678, 680, 681, 682, 685, 686, 687, 690, 691, 692, 693, 697, 698, 703, 709, 710, 712, 713, 717, 718, 719, 721, 722, 726, 727, 731, 732, 737, 738, 739, 740, 743, 744, 745, 748, 749, 752, 755, 768, 771, 772, 773, 774, 777, 787, 789, 851, 852, 854, 884], "excluded_lines": []}, "create_check_streaming.run_pipeline_and_save": {"executed_lines": [], "summary": {"covered_lines": 0, "num_statements": 28, "percent_covered": 0.0, "percent_covered_display": "0", "missing_lines": 28, "excluded_lines": 0}, "missing_lines": [795, 796, 797, 803, 804, 807, 808, 809, 810, 813, 814, 819, 820, 822, 827, 828, 829, 832, 836, 837, 838, 839, 841, 842, 843, 845, 846, 847], "excluded_lines": []}, "create_check_streaming.pipeline_stream": {"executed_lines": [], "summary": {"covered_lines": 0, "num_statements": 11, "percent_covered": 0.0, "percent_covered_display": "0", "missing_lines": 11, "excluded_lines": 0}, "missing_lines": [859, 860, 862, 863, 866, 867, 870, 873, 874, 875, 879], "excluded_lines": []}, "get_checks": {"executed_lines": [], "summary": {"covered_lines": 0, "num_statements": 20, "percent_covered": 0.0, "percent_covered_display": "0", "missing_lines": 20, "excluded_lines": 0}, "missing_lines": [905, 912, 913, 916, 917, 919, 925, 926, 929, 932, 933, 936, 937, 938, 939, 940, 941, 942, 955, 975], "excluded_lines": []}, "get_check": {"executed_lines": [], "summary": {"covered_lines": 0, "num_statements": 34, "percent_covered": 0.0, "percent_covered_display": "0", "missing_lines": 34, "excluded_lines": 0}, "missing_lines": [985, 988, 989, 991, 992, 995, 996, 997, 999, 1000, 1001, 1002, 1004, 1005, 1006, 1007, 1008, 1010, 1011, 1012, 1017, 1020, 1021, 1024, 1026, 1031, 1032, 1034, 1035, 1036, 1037, 1038, 1040, 1083], "excluded_lines": []}, "select_claims": {"executed_lines": [], "summary": {"covered_lines": 0, "num_statements": 31, "percent_covered": 0.0, "percent_covered_display": "0", "missing_lines": 31, "excluded_lines": 0}, "missing_lines": [1148, 1149, 1150, 1159, 1162, 1163, 1165, 1166, 1169, 1170, 1176, 1177, 1182, 1185, 1186, 1188, 1189, 1191, 1192, 1198, 1199, 1200, 1202, 1204, 1206, 1212, 1213, 1221, 1223, 1276, 1278], "excluded_lines": []}, "select_claims.run_phase2_and_save": {"executed_lines": [], "summary": {"covered_lines": 0, "num_statements": 25, "percent_covered": 0.0, "percent_covered_display": "0", "missing_lines": 25, "excluded_lines": 0}, "missing_lines": [1224, 1225, 1226, 1237, 1238, 1239, 1241, 1244, 1245, 1249, 1250, 1252, 1253, 1254, 1259, 1263, 1264, 1265, 1266, 1268, 1269, 1270, 1272, 1273, 1274], "excluded_lines": []}, "stream_check_progress": {"executed_lines": [], "summary": {"covered_lines": 0, "num_statements": 7, "percent_covered": 0.0, "percent_covered_display": "0", "missing_lines": 7, "excluded_lines": 0}, "missing_lines": [1296, 1299, 1300, 1302, 1303, 1305, 1391], "excluded_lines": []}, "stream_check_progress.event_stream": {"executed_lines": [], "summary": {"covered_lines": 0, "num_statements": 56, "percent_covered": 0.0, "percent_covered_display": "0", "missing_lines": 56, "excluded_lines": 0}, "missing_lines": [1307, 1309, 1310, 1311, 1312, 1315, 1318, 1319, 1320, 1321, 1322, 1323, 1326, 1327, 1328, 1329, 1331, 1332, 1333, 1334, 1336, 1337, 1339, 1341, 1342, 1343, 1344, 1345, 1346, 1347, 1351, 1352, 1353, 1354, 1355, 1356, 1357, 1358, 1363, 1364, 1365, 1369, 1370, 1372, 1373, 1375, 1376, 1377, 1378, 1381, 1382, 1384, 1385, 1386, 1388, 1389], "excluded_lines": []}, "export_check_pdf": {"executed_lines": [], "summary": {"covered_lines": 0, "num_statements": 37, "percent_covered": 0.0, "percent_covered_display": "0", "missing_lines": 37, "excluded_lines": 0}, "missing_lines": [1411, 1414, 1415, 1417, 1418, 1420, 1421, 1426, 1429, 1430, 1433, 1434, 1435, 1441, 1442, 1444, 1445, 1457, 1458, 1461, 1462, 1463, 1470, 1471, 1472, 1475, 1476, 1477, 1479, 1480, 1482, 1483, 1484, 1485, 1486, 1491, 1492], "excluded_lines": []}, "get_check_sources": {"executed_lines": [], "summary": {"covered_lines": 0, "num_statements": 41, "percent_covered": 0.0, "percent_covered_display": "0", "missing_lines": 41, "excluded_lines": 0}, "missing_lines": [1540, 1543, 1544, 1546, 1547, 1550, 1554, 1555, 1558, 1561, 1563, 1565, 1579, 1581, 1582, 1585, 1586, 1588, 1590, 1591, 1594, 1597, 1609, 1610, 1619, 1620, 1622, 1623, 1624, 1625, 1632, 1648, 1649, 1651, 1652, 1654, 1656, 1657, 1658, 1661, 1663], "excluded_lines": []}, "get_public_check": {"executed_lines": [], "summary": {"covered_lines": 0, "num_statements": 58, "percent_covered": 0.0, "percent_covered_display": "0", "missing_lines": 58, "excluded_lines": 0}, "missing_lines": [1692, 1693, 1694, 1696, 1697, 1699, 1700, 1703, 1706, 1707, 1710, 1711, 1713, 1714, 1719, 1720, 1721, 1724, 1725, 1726, 1729, 1730, 1732, 1733, 1734, 1735, 1737, 1738, 1741, 1742, 1743, 1745, 1747, 1748, 1749, 1753, 1754, 1755, 1758, 1759, 1761, 1762, 1767, 1768, 1771, 1785, 1786, 1790, 1791, 1793, 1798, 1799, 1801, 1802, 1803, 1823, 1826, 1840], "excluded_lines": []}, "export_check_sources": {"executed_lines": [], "summary": {"covered_lines": 0, "num_statements": 54, "percent_covered": 0.0, "percent_covered_display": "0", "missing_lines": 54, "excluded_lines": 0}, "missing_lines": [1870, 1871, 1874, 1877, 1878, 1880, 1881, 1884, 1888, 1889, 1892, 1895, 1897, 1898, 1903, 1905, 1906, 1908, 1912, 1913, 1915, 1916, 1921, 1922, 1923, 1924, 1928, 1929, 1940, 1941, 1942, 1944, 1945, 1946, 1948, 1949, 1950, 1951, 1954, 1962, 1964, 1965, 1966, 1968, 1969, 1970, 1972, 1975, 1976, 1978, 1979, 1980, 1983, 1987], "excluded_lines": []}, "": {"executed_lines": [], "summary": {"covered_lines": 0, "num_statements": 89, "percent_covered": 0.0, "percent_covered_display": "0", "missing_lines": 89, "excluded_lines": 0}, "missing_lines": [1, 2, 3, 4, 5, 6, 7, 8, 9, 10, 11, 12, 13, 14, 15, 16, 17, 18, 19, 20, 21, 22, 23, 24, 25, 26, 27, 29, 32, 62, 90, 93, 94, 146, 147, 259, 260, 263, 268, 269, 270, 271, 272, 273, 274, 279, 280, 281, 332, 333, 381, 382, 447, 450, 451, 452, 455, 456, 606, 607, 608, 896, 897, 898, 978, 979, 1126, 1129, 1132, 1133, 1287, 1288, 1402, 1403, 1507, 1510, 1511, 1512, 1513, 1514, 1515, 1516, 1517, 1520, 1521, 1679, 1680, 1856, 1857], "excluded_lines": []}}, "classes": {"CreateCheckRequest": {"executed_lines": [], "summary": {"covered_lines": 0, "num_statements": 0, "percent_covered": 100.0, "percent_covered_display": "100", "missing_lines": 0, "excluded_lines": 0}, "missing_lines": [], "excluded_lines": []}, "CreateCheckTestStreamRequest": {"executed_lines": [], "summary": {"covered_lines": 0, "num_statements": 0, "percent_covered": 100.0, "percent_covered_display": "100", "missing_lines": 0, "excluded_lines": 0}, "missing_lines": [], "excluded_lines": []}, "SelectClaimsRequest": {"executed_lines": [], "summary": {"covered_lines": 0, "num_statements": 0, "percent_covered": 100.0, "percent_covered_display": "100", "missing_lines": 0, "excluded_lines": 0}, "missing_lines": [], "excluded_lines": []}, "SourcesResponse": {"executed_lines": [], "summary": {"covered_lines": 0, "num_statements": 0, "percent_covered": 100.0, "percent_covered_display": "100", "missing_lines": 0, "excluded_lines": 0}, "missing_lines": [], "excluded_lines": []}, "": {"executed_lines": [], "summary": {"covered_lines": 0, "num_statements": 779, "percent_covered": 0.0, "percent_covered_display": "0", "missing_lines": 779, "excluded_lines": 0}, "missing_lines": [1, 2, 3, 4, 5, 6, 7, 8, 9, 10, 11, 12, 13, 14, 15, 16, 17, 18, 19, 20, 21, 22, 23, 24, 25, 26, 27, 29, 32, 41, 42, 44, 45, 46, 48, 49, 50, 52, 53, 54, 55, 57, 59, 62, 64, 65, 67, 68, 69, 71, 72, 73, 75, 76, 85, 87, 90, 93, 94, 99, 100, 102, 113, 114, 115, 117, 118, 120, 121, 122, 124, 128, 137, 139, 140, 141, 143, 146, 147, 152, 153, 154, 155, 157, 178, 179, 180, 181, 185, 186, 189, 190, 191, 195, 196, 199, 200, 201, 202, 203, 206, 207, 208, 209, 210, 213, 214, 218, 219, 220, 221, 222, 225, 226, 227, 228, 231, 232, 235, 241, 245, 248, 249, 253, 255, 259, 260, 263, 265, 268, 269, 270, 271, 272, 273, 274, 279, 280, 281, 289, 290, 293, 294, 295, 296, 301, 302, 303, 304, 309, 311, 313, 319, 327, 328, 329, 332, 333, 338, 339, 343, 345, 346, 348, 350, 359, 360, 361, 362, 363, 365, 366, 367, 368, 369, 371, 381, 382, 384, 385, 389, 391, 392, 393, 395, 396, 399, 409, 410, 412, 413, 414, 417, 418, 420, 426, 427, 429, 432, 433, 435, 437, 438, 439, 440, 441, 443, 444, 447, 450, 451, 452, 455, 456, 468, 469, 473, 474, 475, 484, 485, 486, 487, 489, 490, 496, 497, 498, 501, 502, 503, 506, 507, 508, 509, 512, 525, 526, 527, 529, 532, 540, 542, 544, 545, 546, 552, 553, 554, 555, 557, 558, 560, 564, 565, 566, 569, 571, 572, 573, 574, 576, 577, 578, 580, 581, 582, 585, 587, 589, 592, 594, 606, 607, 608, 622, 623, 624, 633, 636, 640, 641, 651, 654, 655, 658, 659, 660, 661, 663, 666, 667, 668, 669, 670, 671, 673, 676, 677, 678, 680, 681, 682, 685, 686, 687, 690, 691, 692, 693, 697, 698, 703, 709, 710, 712, 713, 717, 718, 719, 721, 722, 726, 727, 731, 732, 737, 738, 739, 740, 743, 744, 745, 748, 749, 752, 755, 768, 771, 772, 773, 774, 777, 787, 789, 795, 796, 797, 803, 804, 807, 808, 809, 810, 813, 814, 819, 820, 822, 827, 828, 829, 832, 836, 837, 838, 839, 841, 842, 843, 845, 846, 847, 851, 852, 854, 859, 860, 862, 863, 866, 867, 870, 873, 874, 875, 879, 884, 896, 897, 898, 905, 912, 913, 916, 917, 919, 925, 926, 929, 932, 933, 936, 937, 938, 939, 940, 941, 942, 955, 975, 978, 979, 985, 988, 989, 991, 992, 995, 996, 997, 999, 1000, 1001, 1002, 1004, 1005, 1006, 1007, 1008, 1010, 1011, 1012, 1017, 1020, 1021, 1024, 1026, 1031, 1032, 1034, 1035, 1036, 1037, 1038, 1040, 1083, 1126, 1129, 1132, 1133, 1148, 1149, 1150, 1159, 1162, 1163, 1165, 1166, 1169, 1170, 1176, 1177, 1182, 1185, 1186, 1188, 1189, 1191, 1192, 1198, 1199, 1200, 1202, 1204, 1206, 1212, 1213, 1221, 1223, 1224, 1225, 1226, 1237, 1238, 1239, 1241, 1244, 1245, 1249, 1250, 1252, 1253, 1254, 1259, 1263, 1264, 1265, 1266, 1268, 1269, 1270, 1272, 1273, 1274, 1276, 1278, 1287, 1288, 1296, 1299, 1300, 1302, 1303, 1305, 1307, 1309, 1310, 1311, 1312, 1315, 1318, 1319, 1320, 1321, 1322, 1323, 1326, 1327, 1328, 1329, 1331, 1332, 1333, 1334, 1336, 1337, 1339, 1341, 1342, 1343, 1344, 1345, 1346, 1347, 1351, 1352, 1353, 1354, 1355, 1356, 1357, 1358, 1363, 1364, 1365, 1369, 1370, 1372, 1373, 1375, 1376, 1377, 1378, 1381, 1382, 1384, 1385, 1386, 1388, 1389, 1391, 1402, 1403, 1411, 1414, 1415, 1417, 1418, 1420, 1421, 1426, 1429, 1430, 1433, 1434, 1435, 1441, 1442, 1444, 1445, 1457, 1458, 1461, 1462, 1463, 1470, 1471, 1472, 1475, 1476, 1477, 1479, 1480, 1482, 1483, 1484, 1485, 1486, 1491, 1492, 1507, 1510, 1511, 1512, 1513, 1514, 1515, 1516, 1517, 1520, 1521, 1540, 1543, 1544, 1546, 1547, 1550, 1554, 1555, 1558, 1561, 1563, 1565, 1579, 1581, 1582, 1585, 1586, 1588, 1590, 1591, 1594, 1597, 1609, 1610, 1619, 1620, 1622, 1623, 1624, 1625, 1632, 1648, 1649, 1651, 1652, 1654, 1656, 1657, 1658, 1661, 1663, 1679, 1680, 1692, 1693, 1694, 1696, 1697, 1699, 1700, 1703, 1706, 1707, 1710, 1711, 1713, 1714, 1719, 1720, 1721, 1724, 1725, 1726, 1729, 1730, 1732, 1733, 1734, 1735, 1737, 1738, 1741, 1742, 1743, 1745, 1747, 1748, 1749, 1753, 1754, 1755, 1758, 1759, 1761, 1762, 1767, 1768, 1771, 1785, 1786, 1790, 1791, 1793, 1798, 1799, 1801, 1802, 1803, 1823, 1826, 1840, 1856, 1857, 1870, 1871, 1874, 1877, 1878, 1880, 1881, 1884, 1888, 1889, 1892, 1895, 1897, 1898, 1903, 1905, 1906, 1908, 1912, 1913, 1915, 1916, 1921, 1922, 1923, 1924, 1928, 1929, 1940, 1941, 1942, 1944, 1945, 1946, 1948, 1949, 1950, 1951, 1954, 1962, 1964, 1965, 1966, 1968, 1969, 1970, 1972, 1975, 1976, 1978, 1979, 1980, 1983, 1987], "excluded_lines": []}}}, "backend\\app\\api\\v1\\feedback.py": {"executed_lines": [], "summary": {"covered_lines": 0, "num_statements": 83, "percent_covered": 0.0, "percent_covered_display": "0", "missing_lines": 83, "excluded_lines": 0}, "missing_lines": [5, 6, 7, 8, 9, 10, 11, 13, 15, 18, 19, 20, 21, 22, 23, 24, 25, 28, 29, 30, 33, 35, 42, 45, 47, 54, 57, 59, 60, 62, 63, 64, 66, 68, 69, 72, 73, 74, 77, 78, 79, 86, 87, 88, 89, 98, 155, 157, 166, 168, 169, 170, 171, 173, 174, 175, 176, 177, 178, 181, 182, 190, 192, 200, 203, 205, 207, 209, 215, 216, 217, 220, 221, 226, 229, 230, 231, 233, 236, 244, 246, 247, 249], "excluded_lines": [], "functions": {"_get_type_emoji": {"executed_lines": [], "summary": {"covered_lines": 0, "num_statements": 2, "percent_covered": 0.0, "percent_covered_display": "0", "missing_lines": 2, "excluded_lines": 0}, "missing_lines": [35, 42], "excluded_lines": []}, "_get_type_label": {"executed_lines": [], "summary": {"covered_lines": 0, "num_statements": 2, "percent_covered": 0.0, "percent_covered_display": "0", "missing_lines": 2, "excluded_lines": 0}, "missing_lines": [47, 54], "excluded_lines": []}, "_send_feedback_email": {"executed_lines": [], "summary": {"covered_lines": 0, "num_statements": 32, "percent_covered": 0.0, "percent_covered_display": "0", "missing_lines": 32, "excluded_lines": 0}, "missing_lines": [59, 60, 62, 63, 64, 66, 68, 69, 72, 73, 74, 77, 78, 79, 86, 87, 88, 89, 98, 155, 157, 166, 168, 169, 170, 171, 173, 174, 175, 176, 177, 178], "excluded_lines": []}, "submit_feedback": {"executed_lines": [], "summary": {"covered_lines": 0, "num_statements": 7, "percent_covered": 0.0, "percent_covered_display": "0", "missing_lines": 7, "excluded_lines": 0}, "missing_lines": [190, 192, 200, 203, 205, 207, 209], "excluded_lines": []}, "join_waitlist": {"executed_lines": [], "summary": {"covered_lines": 0, "num_statements": 10, "percent_covered": 0.0, "percent_covered_display": "0", "missing_lines": 10, "excluded_lines": 0}, "missing_lines": [226, 229, 230, 231, 233, 236, 244, 246, 247, 249], "excluded_lines": []}, "": {"executed_lines": [], "summary": {"covered_lines": 0, "num_statements": 30, "percent_covered": 0.0, "percent_covered_display": "0", "missing_lines": 30, "excluded_lines": 0}, "missing_lines": [5, 6, 7, 8, 9, 10, 11, 13, 15, 18, 19, 20, 21, 22, 23, 24, 25, 28, 29, 30, 33, 45, 57, 181, 182, 215, 216, 217, 220, 221], "excluded_lines": []}}, "classes": {"FeedbackRequest": {"executed_lines": [], "summary": {"covered_lines": 0, "num_statements": 0, "percent_covered": 100.0, "percent_covered_display": "100", "missing_lines": 0, "excluded_lines": 0}, "missing_lines": [], "excluded_lines": []}, "FeedbackResponse": {"executed_lines": [], "summary": {"covered_lines": 0, "num_statements": 0, "percent_covered": 100.0, "percent_covered_display": "100", "missing_lines": 0, "excluded_lines": 0}, "missing_lines": [], "excluded_lines": []}, "WaitlistRequest": {"executed_lines": [], "summary": {"covered_lines": 0, "num_statements": 0, "percent_covered": 100.0, "percent_covered_display": "100", "missing_lines": 0, "excluded_lines": 0}, "missing_lines": [], "excluded_lines": []}, "": {"executed_lines": [], "summary": {"covered_lines": 0, "num_statements": 83, "percent_covered": 0.0, "percent_covered_display": "0", "missing_lines": 83, "excluded_lines": 0}, "missing_lines": [5, 6, 7, 8, 9, 10, 11, 13, 15, 18, 19, 20, 21, 22, 23, 24, 25, 28, 29, 30, 33, 35, 42, 45, 47, 54, 57, 59, 60, 62, 63, 64, 66, 68, 69, 72, 73, 74, 77, 78, 79, 86, 87, 88, 89, 98, 155, 157, 166, 168, 169, 170, 171, 173, 174, 175, 176, 177, 178, 181, 182, 190, 192, 200, 203, 205, 207, 209, 215, 216, 217, 220, 221, 226, 229, 230, 231, 233, 236, 244, 246, 247, 249], "excluded_lines": []}}}, "backend\\app\\api\\v1\\health.py": {"executed_lines": [], "summary": {"covered_lines": 0, "num_statements": 72, "percent_covered": 0.0, "percent_covered_display": "0", "missing_lines": 72, "excluded_lines": 0}, "missing_lines": [1, 2, 3, 4, 5, 6, 7, 8, 9, 11, 13, 14, 15, 21, 22, 23, 26, 27, 28, 29, 30, 33, 34, 35, 36, 37, 38, 39, 41, 43, 48, 49, 61, 62, 63, 66, 67, 68, 69, 71, 72, 74, 75, 76, 78, 88, 89, 90, 91, 92, 93, 95, 97, 98, 110, 111, 113, 114, 115, 117, 119, 120, 123, 124, 128, 131, 132, 133, 134, 135, 136, 138], "excluded_lines": [], "functions": {"health_check": {"executed_lines": [], "summary": {"covered_lines": 0, "num_statements": 1, "percent_covered": 0.0, "percent_covered_display": "0", "missing_lines": 1, "excluded_lines": 0}, "missing_lines": [15], "excluded_lines": []}, "readiness_check": {"executed_lines": [], "summary": {"covered_lines": 0, "num_statements": 15, "percent_covered": 0.0, "percent_covered_display": "0", "missing_lines": 15, "excluded_lines": 0}, "missing_lines": [23, 26, 27, 28, 29, 30, 33, 34, 35, 36, 37, 38, 39, 41, 43], "excluded_lines": []}, "get_cache_metrics": {"executed_lines": [], "summary": {"covered_lines": 0, "num_statements": 12, "percent_covered": 0.0, "percent_covered_display": "0", "missing_lines": 12, "excluded_lines": 0}, "missing_lines": [61, 62, 63, 66, 67, 68, 69, 71, 72, 74, 75, 76], "excluded_lines": []}, "_evaluate_cache_performance": {"executed_lines": [], "summary": {"covered_lines": 0, "num_statements": 7, "percent_covered": 0.0, "percent_covered_display": "0", "missing_lines": 7, "excluded_lines": 0}, "missing_lines": [88, 89, 90, 91, 92, 93, 95], "excluded_lines": []}, "get_circuit_breakers": {"executed_lines": [], "summary": {"covered_lines": 0, "num_statements": 8, "percent_covered": 0.0, "percent_covered_display": "0", "missing_lines": 8, "excluded_lines": 0}, "missing_lines": [110, 111, 113, 114, 115, 117, 119, 120], "excluded_lines": []}, "check_email_config": {"executed_lines": [], "summary": {"covered_lines": 0, "num_statements": 8, "percent_covered": 0.0, "percent_covered_display": "0", "missing_lines": 8, "excluded_lines": 0}, "missing_lines": [128, 131, 132, 133, 134, 135, 136, 138], "excluded_lines": []}, "": {"executed_lines": [], "summary": {"covered_lines": 0, "num_statements": 21, "percent_covered": 0.0, "percent_covered_display": "0", "missing_lines": 21, "excluded_lines": 0}, "missing_lines": [1, 2, 3, 4, 5, 6, 7, 8, 9, 11, 13, 14, 21, 22, 48, 49, 78, 97, 98, 123, 124], "excluded_lines": []}}, "classes": {"": {"executed_lines": [], "summary": {"covered_lines": 0, "num_statements": 72, "percent_covered": 0.0, "percent_covered_display": "0", "missing_lines": 72, "excluded_lines": 0}, "missing_lines": [1, 2, 3, 4, 5, 6, 7, 8, 9, 11, 13, 14, 15, 21, 22, 23, 26, 27, 28, 29, 30, 33, 34, 35, 36, 37, 38, 39, 41, 43, 48, 49, 61, 62, 63, 66, 67, 68, 69, 71, 72, 74, 75, 76, 78, 88, 89, 90, 91, 92, 93, 95, 97, 98, 110, 111, 113, 114, 115, 117, 119, 120, 123, 124, 128, 131, 132, 133, 134, 135, 136, 138], "excluded_lines": []}}}, "backend\\app\\api\\v1\\payments.py": {"executed_lines": [], "summary": {"covered_lines": 0, "num_statements": 280, "percent_covered": 0.0, "percent_covered_display": "0", "missing_lines": 280, "excluded_lines": 0}, "missing_lines": [1, 2, 3, 4, 5, 6, 7, 8, 9, 10, 11, 12, 14, 17, 18, 20, 22, 23, 24, 26, 27, 28, 30, 31, 38, 39, 48, 50, 51, 52, 55, 56, 57, 58, 63, 69, 70, 71, 72, 73, 74, 75, 78, 82, 83, 85, 86, 92, 113, 118, 119, 120, 121, 122, 123, 125, 126, 131, 132, 134, 135, 138, 139, 140, 141, 142, 143, 146, 147, 148, 150, 151, 152, 154, 155, 156, 158, 159, 160, 163, 165, 167, 169, 170, 172, 173, 174, 177, 178, 181, 182, 183, 185, 186, 187, 191, 194, 195, 196, 199, 200, 201, 204, 205, 206, 207, 209, 210, 211, 212, 213, 216, 219, 220, 221, 224, 240, 243, 244, 246, 247, 249, 251, 254, 255, 256, 258, 259, 260, 263, 264, 267, 270, 273, 274, 276, 277, 278, 279, 280, 281, 283, 284, 286, 288, 291, 292, 293, 295, 296, 297, 300, 301, 304, 305, 306, 308, 309, 312, 313, 316, 324, 325, 326, 327, 330, 331, 332, 334, 335, 336, 339, 340, 341, 342, 343, 346, 347, 349, 352, 353, 354, 355, 358, 361, 362, 363, 365, 366, 367, 368, 370, 371, 374, 375, 380, 381, 382, 385, 386, 387, 388, 393, 399, 400, 401, 402, 403, 404, 405, 408, 412, 413, 415, 416, 425, 437, 438, 443, 444, 445, 448, 452, 453, 455, 456, 458, 460, 465, 467, 468, 469, 471, 472, 485, 487, 488, 489, 491, 492, 495, 498, 499, 502, 504, 510, 513, 514, 515, 517, 520, 525, 527, 528, 529, 530, 531, 532, 534, 535, 545, 547, 548, 549, 551, 552, 555, 559, 560, 562, 563, 569, 574, 576, 585, 586, 587, 588, 589, 590], "excluded_lines": [], "functions": {"create_checkout_session": {"executed_lines": [], "summary": {"covered_lines": 0, "num_statements": 31, "percent_covered": 0.0, "percent_covered_display": "0", "missing_lines": 31, "excluded_lines": 0}, "missing_lines": [38, 39, 48, 50, 51, 52, 55, 56, 57, 58, 63, 69, 70, 71, 72, 73, 74, 75, 78, 82, 83, 85, 86, 92, 113, 118, 119, 120, 121, 122, 123], "excluded_lines": []}, "stripe_webhook": {"executed_lines": [], "summary": {"covered_lines": 0, "num_statements": 24, "percent_covered": 0.0, "percent_covered_display": "0", "missing_lines": 24, "excluded_lines": 0}, "missing_lines": [131, 132, 134, 135, 138, 139, 140, 141, 142, 143, 146, 147, 148, 150, 151, 152, 154, 155, 156, 158, 159, 160, 163, 165], "excluded_lines": []}, "handle_successful_payment": {"executed_lines": [], "summary": {"covered_lines": 0, "num_statements": 39, "percent_covered": 0.0, "percent_covered_display": "0", "missing_lines": 39, "excluded_lines": 0}, "missing_lines": [169, 170, 172, 173, 174, 177, 178, 181, 182, 183, 185, 186, 187, 191, 194, 195, 196, 199, 200, 201, 204, 205, 206, 207, 209, 210, 211, 212, 213, 216, 219, 220, 221, 224, 240, 243, 244, 246, 247], "excluded_lines": []}, "handle_subscription_updated": {"executed_lines": [], "summary": {"covered_lines": 0, "num_statements": 21, "percent_covered": 0.0, "percent_covered_display": "0", "missing_lines": 21, "excluded_lines": 0}, "missing_lines": [251, 254, 255, 256, 258, 259, 260, 263, 264, 267, 270, 273, 274, 276, 277, 278, 279, 280, 281, 283, 284], "excluded_lines": []}, "handle_subscription_cancelled": {"executed_lines": [], "summary": {"covered_lines": 0, "num_statements": 16, "percent_covered": 0.0, "percent_covered_display": "0", "missing_lines": 16, "excluded_lines": 0}, "missing_lines": [288, 291, 292, 293, 295, 296, 297, 300, 301, 304, 305, 306, 308, 309, 312, 313], "excluded_lines": []}, "handle_invoice_paid": {"executed_lines": [], "summary": {"covered_lines": 0, "num_statements": 32, "percent_covered": 0.0, "percent_covered_display": "0", "missing_lines": 32, "excluded_lines": 0}, "missing_lines": [324, 325, 326, 327, 330, 331, 332, 334, 335, 336, 339, 340, 341, 342, 343, 346, 347, 349, 352, 353, 354, 355, 358, 361, 362, 363, 365, 366, 367, 368, 370, 371], "excluded_lines": []}, "get_subscription_status": {"executed_lines": [], "summary": {"covered_lines": 0, "num_statements": 21, "percent_covered": 0.0, "percent_covered_display": "0", "missing_lines": 21, "excluded_lines": 0}, "missing_lines": [380, 381, 382, 385, 386, 387, 388, 393, 399, 400, 401, 402, 403, 404, 405, 408, 412, 413, 415, 416, 425], "excluded_lines": []}, "cancel_subscription": {"executed_lines": [], "summary": {"covered_lines": 0, "num_statements": 14, "percent_covered": 0.0, "percent_covered_display": "0", "missing_lines": 14, "excluded_lines": 0}, "missing_lines": [443, 444, 445, 448, 452, 453, 455, 456, 458, 460, 465, 467, 468, 469], "excluded_lines": []}, "create_billing_portal_session": {"executed_lines": [], "summary": {"covered_lines": 0, "num_statements": 24, "percent_covered": 0.0, "percent_covered_display": "0", "missing_lines": 24, "excluded_lines": 0}, "missing_lines": [485, 487, 488, 489, 491, 492, 495, 498, 499, 502, 504, 510, 513, 514, 515, 517, 520, 525, 527, 528, 529, 530, 531, 532], "excluded_lines": []}, "reactivate_subscription": {"executed_lines": [], "summary": {"covered_lines": 0, "num_statements": 20, "percent_covered": 0.0, "percent_covered_display": "0", "missing_lines": 20, "excluded_lines": 0}, "missing_lines": [545, 547, 548, 549, 551, 552, 555, 559, 560, 562, 563, 569, 574, 576, 585, 586, 587, 588, 589, 590], "excluded_lines": []}, "": {"executed_lines": [], "summary": {"covered_lines": 0, "num_statements": 38, "percent_covered": 0.0, "percent_covered_display": "0", "missing_lines": 38, "excluded_lines": 0}, "missing_lines": [1, 2, 3, 4, 5, 6, 7, 8, 9, 10, 11, 12, 14, 17, 18, 20, 22, 23, 24, 26, 27, 28, 30, 31, 125, 126, 167, 249, 286, 316, 374, 375, 437, 438, 471, 472, 534, 535], "excluded_lines": []}}, "classes": {"CreateCheckoutRequest": {"executed_lines": [], "summary": {"covered_lines": 0, "num_statements": 0, "percent_covered": 100.0, "percent_covered_display": "100", "missing_lines": 0, "excluded_lines": 0}, "missing_lines": [], "excluded_lines": []}, "CheckoutResponse": {"executed_lines": [], "summary": {"covered_lines": 0, "num_statements": 0, "percent_covered": 100.0, "percent_covered_display": "100", "missing_lines": 0, "excluded_lines": 0}, "missing_lines": [], "excluded_lines": []}, "": {"executed_lines": [], "summary": {"covered_lines": 0, "num_statements": 280, "percent_covered": 0.0, "percent_covered_display": "0", "missing_lines": 280, "excluded_lines": 0}, "missing_lines": [1, 2, 3, 4, 5, 6, 7, 8, 9, 10, 11, 12, 14, 17, 18, 20, 22, 23, 24, 26, 27, 28, 30, 31, 38, 39, 48, 50, 51, 52, 55, 56, 57, 58, 63, 69, 70, 71, 72, 73, 74, 75, 78, 82, 83, 85, 86, 92, 113, 118, 119, 120, 121, 122, 123, 125, 126, 131, 132, 134, 135, 138, 139, 140, 141, 142, 143, 146, 147, 148, 150, 151, 152, 154, 155, 156, 158, 159, 160, 163, 165, 167, 169, 170, 172, 173, 174, 177, 178, 181, 182, 183, 185, 186, 187, 191, 194, 195, 196, 199, 200, 201, 204, 205, 206, 207, 209, 210, 211, 212, 213, 216, 219, 220, 221, 224, 240, 243, 244, 246, 247, 249, 251, 254, 255, 256, 258, 259, 260, 263, 264, 267, 270, 273, 274, 276, 277, 278, 279, 280, 281, 283, 284, 286, 288, 291, 292, 293, 295, 296, 297, 300, 301, 304, 305, 306, 308, 309, 312, 313, 316, 324, 325, 326, 327, 330, 331, 332, 334, 335, 336, 339, 340, 341, 342, 343, 346, 347, 349, 352, 353, 354, 355, 358, 361, 362, 363, 365, 366, 367, 368, 370, 371, 374, 375, 380, 381, 382, 385, 386, 387, 388, 393, 399, 400, 401, 402, 403, 404, 405, 408, 412, 413, 415, 416, 425, 437, 438, 443, 444, 445, 448, 452, 453, 455, 456, 458, 460, 465, 467, 468, 469, 471, 472, 485, 487, 488, 489, 491, 492, 495, 498, 499, 502, 504, 510, 513, 514, 515, 517, 520, 525, 527, 528, 529, 530, 531, 532, 534, 535, 545, 547, 548, 549, 551, 552, 555, 559, 560, 562, 563, 569, 574, 576, 585, 586, 587, 588, 589, 590], "excluded_lines": []}}}, "backend\\app\\api\\v1\\users.py": {"executed_lines": [], "summary": {"covered_lines": 0, "num_statements": 316, "percent_covered": 0.0, "percent_covered_display": "0", "missing_lines": 316, "excluded_lines": 0}, "missing_lines": [1, 2, 3, 4, 5, 6, 7, 8, 9, 10, 11, 12, 13, 14, 15, 16, 17, 20, 21, 23, 26, 31, 32, 33, 36, 37, 38, 40, 41, 44, 45, 52, 74, 75, 76, 77, 78, 79, 80, 81, 82, 84, 85, 86, 87, 88, 89, 92, 93, 98, 101, 102, 103, 106, 109, 110, 113, 114, 126, 133, 149, 150, 153, 154, 160, 161, 162, 164, 165, 168, 169, 171, 172, 173, 174, 175, 176, 180, 188, 189, 194, 195, 198, 201, 202, 205, 206, 207, 212, 213, 216, 219, 220, 223, 228, 229, 232, 242, 243, 245, 246, 247, 248, 251, 260, 261, 263, 264, 265, 266, 269, 270, 271, 273, 285, 286, 291, 294, 299, 304, 307, 308, 311, 313, 315, 316, 317, 318, 321, 324, 325, 326, 328, 329, 330, 333, 336, 337, 340, 341, 342, 345, 346, 362, 371, 372, 387, 398, 399, 400, 401, 404, 405, 408, 409, 414, 421, 422, 424, 427, 428, 432, 436, 437, 439, 442, 443, 448, 452, 453, 457, 460, 461, 466, 467, 468, 470, 471, 473, 480, 481, 497, 499, 501, 502, 503, 505, 506, 511, 515, 516, 518, 519, 520, 522, 523, 526, 528, 531, 532, 538, 539, 540, 542, 544, 545, 546, 548, 550, 553, 556, 557, 560, 563, 566, 569, 572, 573, 575, 577, 579, 580, 581, 582, 583, 584, 585, 594, 595, 596, 597, 598, 599, 602, 603, 608, 609, 610, 612, 613, 615, 624, 625, 631, 632, 633, 635, 636, 639, 640, 642, 643, 644, 645, 646, 648, 649, 650, 651, 652, 653, 654, 655, 657, 658, 659, 660, 661, 662, 666, 682, 684, 687, 689, 690, 691, 692, 693, 694, 695, 698, 699, 700, 718, 721, 722, 723, 725, 726, 729, 748, 749, 750, 752, 766, 769, 770, 772, 773, 775, 776, 777, 779, 780, 782, 783, 784, 786, 802, 803, 804, 806, 818, 836, 854, 857], "excluded_lines": [], "functions": {"get_or_create_user": {"executed_lines": [], "summary": {"covered_lines": 0, "num_statements": 26, "percent_covered": 0.0, "percent_covered_display": "0", "missing_lines": 26, "excluded_lines": 0}, "missing_lines": [31, 32, 33, 36, 37, 38, 40, 41, 44, 45, 52, 74, 75, 76, 77, 78, 79, 80, 81, 82, 84, 85, 86, 87, 88, 89], "excluded_lines": []}, "get_profile": {"executed_lines": [], "summary": {"covered_lines": 0, "num_statements": 11, "percent_covered": 0.0, "percent_covered_display": "0", "missing_lines": 11, "excluded_lines": 0}, "missing_lines": [98, 101, 102, 103, 106, 109, 110, 113, 114, 126, 133], "excluded_lines": []}, "update_profile": {"executed_lines": [], "summary": {"covered_lines": 0, "num_statements": 14, "percent_covered": 0.0, "percent_covered_display": "0", "missing_lines": 14, "excluded_lines": 0}, "missing_lines": [160, 161, 162, 164, 165, 168, 169, 171, 172, 173, 174, 175, 176, 180], "excluded_lines": []}, "get_user_stats": {"executed_lines": [], "summary": {"covered_lines": 0, "num_statements": 34, "percent_covered": 0.0, "percent_covered_display": "0", "missing_lines": 34, "excluded_lines": 0}, "missing_lines": [194, 195, 198, 201, 202, 205, 206, 207, 212, 213, 216, 219, 220, 223, 228, 229, 232, 242, 243, 245, 246, 247, 248, 251, 260, 261, 263, 264, 265, 266, 269, 270, 271, 273], "excluded_lines": []}, "get_usage": {"executed_lines": [], "summary": {"covered_lines": 0, "num_statements": 31, "percent_covered": 0.0, "percent_covered_display": "0", "missing_lines": 31, "excluded_lines": 0}, "missing_lines": [291, 294, 299, 304, 307, 308, 311, 313, 315, 316, 317, 318, 321, 324, 325, 326, 328, 329, 330, 333, 336, 337, 340, 341, 342, 345, 346, 362, 371, 372, 387], "excluded_lines": []}, "register_push_token": {"executed_lines": [], "summary": {"covered_lines": 0, "num_statements": 4, "percent_covered": 0.0, "percent_covered_display": "0", "missing_lines": 4, "excluded_lines": 0}, "missing_lines": [414, 421, 422, 424], "excluded_lines": []}, "unregister_push_token": {"executed_lines": [], "summary": {"covered_lines": 0, "num_statements": 4, "percent_covered": 0.0, "percent_covered_display": "0", "missing_lines": 4, "excluded_lines": 0}, "missing_lines": [432, 436, 437, 439], "excluded_lines": []}, "update_notification_preferences": {"executed_lines": [], "summary": {"covered_lines": 0, "num_statements": 4, "percent_covered": 0.0, "percent_covered_display": "0", "missing_lines": 4, "excluded_lines": 0}, "missing_lines": [448, 452, 453, 457], "excluded_lines": []}, "get_notification_preferences": {"executed_lines": [], "summary": {"covered_lines": 0, "num_statements": 6, "percent_covered": 0.0, "percent_covered_display": "0", "missing_lines": 6, "excluded_lines": 0}, "missing_lines": [466, 467, 468, 470, 471, 473], "excluded_lines": []}, "delete_user_account": {"executed_lines": [], "summary": {"covered_lines": 0, "num_statements": 46, "percent_covered": 0.0, "percent_covered_display": "0", "missing_lines": 46, "excluded_lines": 0}, "missing_lines": [497, 499, 501, 502, 503, 505, 506, 511, 515, 516, 518, 519, 520, 522, 523, 526, 528, 531, 532, 538, 539, 540, 542, 544, 545, 546, 548, 550, 553, 556, 557, 560, 563, 566, 569, 572, 573, 575, 577, 579, 580, 581, 582, 583, 584, 585], "excluded_lines": []}, "get_email_preferences": {"executed_lines": [], "summary": {"covered_lines": 0, "num_statements": 6, "percent_covered": 0.0, "percent_covered_display": "0", "missing_lines": 6, "excluded_lines": 0}, "missing_lines": [608, 609, 610, 612, 613, 615], "excluded_lines": []}, "update_email_preferences": {"executed_lines": [], "summary": {"covered_lines": 0, "num_statements": 27, "percent_covered": 0.0, "percent_covered_display": "0", "missing_lines": 27, "excluded_lines": 0}, "missing_lines": [631, 632, 633, 635, 636, 639, 640, 642, 643, 644, 645, 646, 648, 649, 650, 651, 652, 653, 654, 655, 657, 658, 659, 660, 661, 662, 666], "excluded_lines": []}, "_serialize_datetime": {"executed_lines": [], "summary": {"covered_lines": 0, "num_statements": 1, "percent_covered": 0.0, "percent_covered_display": "0", "missing_lines": 1, "excluded_lines": 0}, "missing_lines": [684], "excluded_lines": []}, "_serialize_dict": {"executed_lines": [], "summary": {"covered_lines": 0, "num_statements": 7, "percent_covered": 0.0, "percent_covered_display": "0", "missing_lines": 7, "excluded_lines": 0}, "missing_lines": [689, 690, 691, 692, 693, 694, 695], "excluded_lines": []}, "export_user_data": {"executed_lines": [], "summary": {"covered_lines": 0, "num_statements": 33, "percent_covered": 0.0, "percent_covered_display": "0", "missing_lines": 33, "excluded_lines": 0}, "missing_lines": [718, 721, 722, 723, 725, 726, 729, 748, 749, 750, 752, 766, 769, 770, 772, 773, 775, 776, 777, 779, 780, 782, 783, 784, 786, 802, 803, 804, 806, 818, 836, 854, 857], "excluded_lines": []}, "": {"executed_lines": [], "summary": {"covered_lines": 0, "num_statements": 62, "percent_covered": 0.0, "percent_covered_display": "0", "missing_lines": 62, "excluded_lines": 0}, "missing_lines": [1, 2, 3, 4, 5, 6, 7, 8, 9, 10, 11, 12, 13, 14, 15, 16, 17, 20, 21, 23, 26, 92, 93, 149, 150, 153, 154, 188, 189, 285, 286, 398, 399, 400, 401, 404, 405, 408, 409, 427, 428, 442, 443, 460, 461, 480, 481, 594, 595, 596, 597, 598, 599, 602, 603, 624, 625, 682, 687, 698, 699, 700], "excluded_lines": []}}, "classes": {"ProfileUpdateRequest": {"executed_lines": [], "summary": {"covered_lines": 0, "num_statements": 0, "percent_covered": 100.0, "percent_covered_display": "100", "missing_lines": 0, "excluded_lines": 0}, "missing_lines": [], "excluded_lines": []}, "PushTokenRequest": {"executed_lines": [], "summary": {"covered_lines": 0, "num_statements": 0, "percent_covered": 100.0, "percent_covered_display": "100", "missing_lines": 0, "excluded_lines": 0}, "missing_lines": [], "excluded_lines": []}, "NotificationPreferencesRequest": {"executed_lines": [], "summary": {"covered_lines": 0, "num_statements": 0, "percent_covered": 100.0, "percent_covered_display": "100", "missing_lines": 0, "excluded_lines": 0}, "missing_lines": [], "excluded_lines": []}, "EmailPreferencesRequest": {"executed_lines": [], "summary": {"covered_lines": 0, "num_statements": 0, "percent_covered": 100.0, "percent_covered_display": "100", "missing_lines": 0, "excluded_lines": 0}, "missing_lines": [], "excluded_lines": []}, "": {"executed_lines": [], "summary": {"covered_lines": 0, "num_statements": 316, "percent_covered": 0.0, "percent_covered_display": "0", "missing_lines": 316, "excluded_lines": 0}, "missing_lines": [1, 2, 3, 4, 5, 6, 7, 8, 9, 10, 11, 12, 13, 14, 15, 16, 17, 20, 21, 23, 26, 31, 32, 33, 36, 37, 38, 40, 41, 44, 45, 52, 74, 75, 76, 77, 78, 79, 80, 81, 82, 84, 85, 86, 87, 88, 89, 92, 93, 98, 101, 102, 103, 106, 109, 110, 113, 114, 126, 133, 149, 150, 153, 154, 160, 161, 162, 164, 165, 168, 169, 171, 172, 173, 174, 175, 176, 180, 188, 189, 194, 195, 198, 201, 202, 205, 206, 207, 212, 213, 216, 219, 220, 223, 228, 229, 232, 242, 243, 245, 246, 247, 248, 251, 260, 261, 263, 264, 265, 266, 269, 270, 271, 273, 285, 286, 291, 294, 299, 304, 307, 308, 311, 313, 315, 316, 317, 318, 321, 324, 325, 326, 328, 329, 330, 333, 336, 337, 340, 341, 342, 345, 346, 362, 371, 372, 387, 398, 399, 400, 401, 404, 405, 408, 409, 414, 421, 422, 424, 427, 428, 432, 436, 437, 439, 442, 443, 448, 452, 453, 457, 460, 461, 466, 467, 468, 470, 471, 473, 480, 481, 497, 499, 501, 502, 503, 505, 506, 511, 515, 516, 518, 519, 520, 522, 523, 526, 528, 531, 532, 538, 539, 540, 542, 544, 545, 546, 548, 550, 553, 556, 557, 560, 563, 566, 569, 572, 573, 575, 577, 579, 580, 581, 582, 583, 584, 585, 594, 595, 596, 597, 598, 599, 602, 603, 608, 609, 610, 612, 613, 615, 624, 625, 631, 632, 633, 635, 636, 639, 640, 642, 643, 644, 645, 646, 648, 649, 650, 651, 652, 653, 654, 655, 657, 658, 659, 660, 661, 662, 666, 682, 684, 687, 689, 690, 691, 692, 693, 694, 695, 698, 699, 700, 718, 721, 722, 723, 725, 726, 729, 748, 749, 750, 752, 766, 769, 770, 772, 773, 775, 776, 777, 779, 780, 782, 783, 784, 786, 802, 803, 804, 806, 818, 836, 854, 857], "excluded_lines": []}}}, "backend\\app\\core\\__init__.py": {"executed_lines": [0], "summary": {"covered_lines": 0, "num_statements": 0, "percent_covered": 100.0, "percent_covered_display": "100", "missing_lines": 0, "excluded_lines": 0}, "missing_lines": [], "excluded_lines": [], "functions": {"": {"executed_lines": [], "summary": {"covered_lines": 0, "num_statements": 0, "percent_covered": 100.0, "percent_covered_display": "100", "missing_lines": 0, "excluded_lines": 0}, "missing_lines": [], "excluded_lines": []}}, "classes": {"": {"executed_lines": [], "summary": {"covered_lines": 0, "num_statements": 0, "percent_covered": 100.0, "percent_covered_display": "100", "missing_lines": 0, "excluded_lines": 0}, "missing_lines": [], "excluded_lines": []}}}, "backend\\app\\core\\auth.py": {"executed_lines": [], "summary": {"covered_lines": 0, "num_statements": 66, "percent_covered": 0.0, "percent_covered_display": "0", "missing_lines": 66, "excluded_lines": 0}, "missing_lines": [1, 2, 3, 4, 5, 6, 7, 9, 12, 19, 21, 23, 27, 28, 37, 38, 39, 43, 44, 49, 50, 52, 69, 70, 73, 74, 76, 77, 84, 85, 88, 89, 92, 93, 94, 97, 98, 101, 102, 103, 104, 107, 108, 111, 112, 114, 116, 122, 129, 130, 131, 136, 138, 149, 152, 153, 156, 157, 158, 160, 161, 167, 169, 170, 171, 176], "excluded_lines": [], "functions": {"_verify_jwt_token": {"executed_lines": [], "summary": {"covered_lines": 0, "num_statements": 9, "percent_covered": 0.0, "percent_covered_display": "0", "missing_lines": 9, "excluded_lines": 0}, "missing_lines": [21, 23, 27, 28, 37, 38, 39, 43, 44], "excluded_lines": []}, "verify_token": {"executed_lines": [], "summary": {"covered_lines": 0, "num_statements": 1, "percent_covered": 0.0, "percent_covered_display": "0", "missing_lines": 1, "excluded_lines": 0}, "missing_lines": [50], "excluded_lines": []}, "_fetch_user_data_from_clerk": {"executed_lines": [], "summary": {"covered_lines": 0, "num_statements": 25, "percent_covered": 0.0, "percent_covered_display": "0", "missing_lines": 25, "excluded_lines": 0}, "missing_lines": [69, 70, 73, 74, 76, 77, 84, 85, 88, 89, 92, 93, 94, 97, 98, 101, 102, 103, 104, 107, 108, 111, 112, 114, 116], "excluded_lines": []}, "get_current_user": {"executed_lines": [], "summary": {"covered_lines": 0, "num_statements": 4, "percent_covered": 0.0, "percent_covered_display": "0", "missing_lines": 4, "excluded_lines": 0}, "missing_lines": [129, 130, 131, 136], "excluded_lines": []}, "get_current_user_sse": {"executed_lines": [], "summary": {"covered_lines": 0, "num_statements": 13, "percent_covered": 0.0, "percent_covered_display": "0", "missing_lines": 13, "excluded_lines": 0}, "missing_lines": [149, 152, 153, 156, 157, 158, 160, 161, 167, 169, 170, 171, 176], "excluded_lines": []}, "": {"executed_lines": [], "summary": {"covered_lines": 0, "num_statements": 14, "percent_covered": 0.0, "percent_covered_display": "0", "missing_lines": 14, "excluded_lines": 0}, "missing_lines": [1, 2, 3, 4, 5, 6, 7, 9, 12, 19, 49, 52, 122, 138], "excluded_lines": []}}, "classes": {"": {"executed_lines": [], "summary": {"covered_lines": 0, "num_statements": 66, "percent_covered": 0.0, "percent_covered_display": "0", "missing_lines": 66, "excluded_lines": 0}, "missing_lines": [1, 2, 3, 4, 5, 6, 7, 9, 12, 19, 21, 23, 27, 28, 37, 38, 39, 43, 44, 49, 50, 52, 69, 70, 73, 74, 76, 77, 84, 85, 88, 89, 92, 93, 94, 97, 98, 101, 102, 103, 104, 107, 108, 111, 112, 114, 116, 122, 129, 130, 131, 136, 138, 149, 152, 153, 156, 157, 158, 160, 161, 167, 169, 170, 171, 176], "excluded_lines": []}}}, "backend\\app\\core\\config.py": {"executed_lines": [1, 2, 3, 6, 8, 9, 14, 17, 18, 21, 22, 23, 26, 27, 28, 29, 30, 33, 38, 41, 44, 45, 48, 49, 52, 55, 58, 61, 66, 67, 68, 69, 72, 73, 74, 75, 78, 79, 80, 81, 82, 85, 86, 87, 92, 93, 94, 97, 109, 112, 113, 116, 117, 128, 131, 135, 140, 141, 146, 147, 152, 155, 160, 161, 162, 163, 164, 167, 170, 175, 181, 182, 185, 191, 194, 199, 200, 204, 207, 214, 218, 221, 224, 227, 228, 233, 238, 241, 248, 249, 252, 257, 260, 263, 266, 269, 270, 273, 274, 275, 277, 278, 279, 280, 283], "summary": {"covered_lines": 105, "num_statements": 105, "percent_covered": 100.0, "percent_covered_display": "100", "missing_lines": 0, "excluded_lines": 0}, "missing_lines": [], "excluded_lines": [], "functions": {"": {"executed_lines": [1, 2, 3, 6, 8, 9, 14, 17, 18, 21, 22, 23, 26, 27, 28, 29, 30, 33, 38, 41, 44, 45, 48, 49, 52, 55, 58, 61, 66, 67, 68, 69, 72, 73, 74, 75, 78, 79, 80, 81, 82, 85, 86, 87, 92, 93, 94, 97, 109, 112, 113, 116, 117, 128, 131, 135, 140, 141, 146, 147, 152, 155, 160, 161, 162, 163, 164, 167, 170, 175, 181, 182, 185, 191, 194, 199, 200, 204, 207, 214, 218, 221, 224, 227, 228, 233, 238, 241, 248, 249, 252, 257, 260, 263, 266, 269, 270, 273, 274, 275, 277, 278, 279, 280, 283], "summary": {"covered_lines": 105, "num_statements": 105, "percent_covered": 100.0, "percent_covered_display": "100", "missing_lines": 0, "excluded_lines": 0}, "missing_lines": [], "excluded_lines": []}}, "classes": {"Settings": {"executed_lines": [], "summary": {"covered_lines": 0, "num_statements": 0, "percent_covered": 100.0, "percent_covered_display": "100", "missing_lines": 0, "excluded_lines": 0}, "missing_lines": [], "excluded_lines": []}, "Settings.Config": {"executed_lines": [], "summary": {"covered_lines": 0, "num_statements": 0, "percent_covered": 100.0, "percent_covered_display": "100", "missing_lines": 0, "excluded_lines": 0}, "missing_lines": [], "excluded_lines": []}, "": {"executed_lines": [1, 2, 3, 6, 8, 9, 14, 17, 18, 21, 22, 23, 26, 27, 28, 29, 30, 33, 38, 41, 44, 45, 48, 49, 52, 55, 58, 61, 66, 67, 68, 69, 72, 73, 74, 75, 78, 79, 80, 81, 82, 85, 86, 87, 92, 93, 94, 97, 109, 112, 113, 116, 117, 128, 131, 135, 140, 141, 146, 147, 152, 155, 160, 161, 162, 163, 164, 167, 170, 175, 181, 182, 185, 191, 194, 199, 200, 204, 207, 214, 218, 221, 224, 227, 228, 233, 238, 241, 248, 249, 252, 257, 260, 263, 266, 269, 270, 273, 274, 275, 277, 278, 279, 280, 283], "summary": {"covered_lines": 105, "num_statements": 105, "percent_covered": 100.0, "percent_covered_display": "100", "missing_lines": 0, "excluded_lines": 0}, "missing_lines": [], "excluded_lines": []}}}, "backend\\app\\core\\correlation.py": {"executed_lines": [], "summary": {"covered_lines": 0, "num_statements": 24, "percent_covered": 0.0, "percent_covered_display": "0", "missing_lines": 24, "excluded_lines": 0}, "missing_lines": [8, 9, 10, 11, 12, 13, 16, 19, 21, 24, 26, 29, 38, 40, 42, 45, 48, 51, 54, 56, 59, 67, 68, 69], "excluded_lines": [], "functions": {"get_correlation_id": {"executed_lines": [], "summary": {"covered_lines": 0, "num_statements": 1, "percent_covered": 0.0, "percent_covered_display": "0", "missing_lines": 1, "excluded_lines": 0}, "missing_lines": [21], "excluded_lines": []}, "set_correlation_id": {"executed_lines": [], "summary": {"covered_lines": 0, "num_statements": 1, "percent_covered": 0.0, "percent_covered_display": "0", "missing_lines": 1, "excluded_lines": 0}, "missing_lines": [26], "excluded_lines": []}, "CorrelationIdMiddleware.dispatch": {"executed_lines": [], "summary": {"covered_lines": 0, "num_statements": 6, "percent_covered": 0.0, "percent_covered_display": "0", "missing_lines": 6, "excluded_lines": 0}, "missing_lines": [42, 45, 48, 51, 54, 56], "excluded_lines": []}, "CorrelationIdFilter.filter": {"executed_lines": [], "summary": {"covered_lines": 0, "num_statements": 2, "percent_covered": 0.0, "percent_covered_display": "0", "missing_lines": 2, "excluded_lines": 0}, "missing_lines": [68, 69], "excluded_lines": []}, "": {"executed_lines": [], "summary": {"covered_lines": 0, "num_statements": 14, "percent_covered": 0.0, "percent_covered_display": "0", "missing_lines": 14, "excluded_lines": 0}, "missing_lines": [8, 9, 10, 11, 12, 13, 16, 19, 24, 29, 38, 40, 59, 67], "excluded_lines": []}}, "classes": {"CorrelationIdMiddleware": {"executed_lines": [], "summary": {"covered_lines": 0, "num_statements": 6, "percent_covered": 0.0, "percent_covered_display": "0", "missing_lines": 6, "excluded_lines": 0}, "missing_lines": [42, 45, 48, 51, 54, 56], "excluded_lines": []}, "CorrelationIdFilter": {"executed_lines": [], "summary": {"covered_lines": 0, "num_statements": 2, "percent_covered": 0.0, "percent_covered_display": "0", "missing_lines": 2, "excluded_lines": 0}, "missing_lines": [68, 69], "excluded_lines": []}, "": {"executed_lines": [], "summary": {"covered_lines": 0, "num_statements": 16, "percent_covered": 0.0, "percent_covered_display": "0", "missing_lines": 16, "excluded_lines": 0}, "missing_lines": [8, 9, 10, 11, 12, 13, 16, 19, 21, 24, 26, 29, 38, 40, 59, 67], "excluded_lines": []}}}, "backend\\app\\core\\database.py": {"executed_lines": [], "summary": {"covered_lines": 0, "num_statements": 21, "percent_covered": 0.0, "percent_covered_display": "0", "missing_lines": 21, "excluded_lines": 0}, "missing_lines": [1, 2, 3, 4, 8, 11, 14, 24, 30, 32, 33, 34, 36, 38, 47, 51, 52, 53, 55, 56, 57], "excluded_lines": [], "functions": {"init_db": {"executed_lines": [], "summary": {"covered_lines": 0, "num_statements": 2, "percent_covered": 0.0, "percent_covered_display": "0", "missing_lines": 2, "excluded_lines": 0}, "missing_lines": [52, 53], "excluded_lines": []}, "get_session": {"executed_lines": [], "summary": {"covered_lines": 0, "num_statements": 2, "percent_covered": 0.0, "percent_covered_display": "0", "missing_lines": 2, "excluded_lines": 0}, "missing_lines": [56, 57], "excluded_lines": []}, "": {"executed_lines": [], "summary": {"covered_lines": 0, "num_statements": 17, "percent_covered": 0.0, "percent_covered_display": "0", "missing_lines": 17, "excluded_lines": 0}, "missing_lines": [1, 2, 3, 4, 8, 11, 14, 24, 30, 32, 33, 34, 36, 38, 47, 51, 55], "excluded_lines": []}}, "classes": {"": {"executed_lines": [], "summary": {"covered_lines": 0, "num_statements": 21, "percent_covered": 0.0, "percent_covered_display": "0", "missing_lines": 21, "excluded_lines": 0}, "missing_lines": [1, 2, 3, 4, 8, 11, 14, 24, 30, 32, 33, 34, 36, 38, 47, 51, 52, 53, 55, 56, 57], "excluded_lines": []}}}, "backend\\app\\core\\exceptions.py": {"executed_lines": [], "summary": {"covered_lines": 0, "num_statements": 70, "percent_covered": 0.0, "percent_covered_display": "0", "missing_lines": 70, "excluded_lines": 0}, "missing_lines": [9, 10, 11, 13, 14, 15, 16, 18, 20, 23, 26, 33, 34, 35, 36, 37, 40, 43, 44, 52, 55, 56, 64, 67, 68, 76, 84, 92, 93, 95, 96, 98, 101, 103, 105, 118, 130, 132, 135, 149, 151, 163, 175, 179, 182, 183, 184, 185, 191, 202, 214, 221, 224, 238, 239, 240, 241, 242, 243, 244, 247, 248, 249, 254, 266, 268, 270, 271, 272, 273], "excluded_lines": [], "functions": {"APIError.__init__": {"executed_lines": [], "summary": {"covered_lines": 0, "num_statements": 5, "percent_covered": 0.0, "percent_covered_display": "0", "missing_lines": 5, "excluded_lines": 0}, "missing_lines": [33, 34, 35, 36, 37], "excluded_lines": []}, "InsufficientCreditsError.__init__": {"executed_lines": [], "summary": {"covered_lines": 0, "num_statements": 1, "percent_covered": 0.0, "percent_covered_display": "0", "missing_lines": 1, "excluded_lines": 0}, "missing_lines": [44], "excluded_lines": []}, "PipelineError.__init__": {"executed_lines": [], "summary": {"covered_lines": 0, "num_statements": 1, "percent_covered": 0.0, "percent_covered_display": "0", "missing_lines": 1, "excluded_lines": 0}, "missing_lines": [56], "excluded_lines": []}, "ExternalServiceError.__init__": {"executed_lines": [], "summary": {"covered_lines": 0, "num_statements": 1, "percent_covered": 0.0, "percent_covered_display": "0", "missing_lines": 1, "excluded_lines": 0}, "missing_lines": [68], "excluded_lines": []}, "_build_error_response": {"executed_lines": [], "summary": {"covered_lines": 0, "num_statements": 6, "percent_covered": 0.0, "percent_covered_display": "0", "missing_lines": 6, "excluded_lines": 0}, "missing_lines": [84, 92, 93, 95, 96, 98], "excluded_lines": []}, "api_error_handler": {"executed_lines": [], "summary": {"covered_lines": 0, "num_statements": 3, "percent_covered": 0.0, "percent_covered_display": "0", "missing_lines": 3, "excluded_lines": 0}, "missing_lines": [103, 105, 118], "excluded_lines": []}, "http_exception_handler": {"executed_lines": [], "summary": {"covered_lines": 0, "num_statements": 5, "percent_covered": 0.0, "percent_covered_display": "0", "missing_lines": 5, "excluded_lines": 0}, "missing_lines": [132, 135, 149, 151, 163], "excluded_lines": []}, "validation_exception_handler": {"executed_lines": [], "summary": {"covered_lines": 0, "num_statements": 7, "percent_covered": 0.0, "percent_covered_display": "0", "missing_lines": 7, "excluded_lines": 0}, "missing_lines": [179, 182, 183, 184, 185, 191, 202], "excluded_lines": []}, "global_exception_handler": {"executed_lines": [], "summary": {"covered_lines": 0, "num_statements": 13, "percent_covered": 0.0, "percent_covered_display": "0", "missing_lines": 13, "excluded_lines": 0}, "missing_lines": [221, 224, 238, 239, 240, 241, 242, 243, 244, 247, 248, 249, 254], "excluded_lines": []}, "register_exception_handlers": {"executed_lines": [], "summary": {"covered_lines": 0, "num_statements": 5, "percent_covered": 0.0, "percent_covered_display": "0", "missing_lines": 5, "excluded_lines": 0}, "missing_lines": [268, 270, 271, 272, 273], "excluded_lines": []}, "": {"executed_lines": [], "summary": {"covered_lines": 0, "num_statements": 23, "percent_covered": 0.0, "percent_covered_display": "0", "missing_lines": 23, "excluded_lines": 0}, "missing_lines": [9, 10, 11, 13, 14, 15, 16, 18, 20, 23, 26, 40, 43, 52, 55, 64, 67, 76, 101, 130, 175, 214, 266], "excluded_lines": []}}, "classes": {"APIError": {"executed_lines": [], "summary": {"covered_lines": 0, "num_statements": 5, "percent_covered": 0.0, "percent_covered_display": "0", "missing_lines": 5, "excluded_lines": 0}, "missing_lines": [33, 34, 35, 36, 37], "excluded_lines": []}, "InsufficientCreditsError": {"executed_lines": [], "summary": {"covered_lines": 0, "num_statements": 1, "percent_covered": 0.0, "percent_covered_display": "0", "missing_lines": 1, "excluded_lines": 0}, "missing_lines": [44], "excluded_lines": []}, "PipelineError": {"executed_lines": [], "summary": {"covered_lines": 0, "num_statements": 1, "percent_covered": 0.0, "percent_covered_display": "0", "missing_lines": 1, "excluded_lines": 0}, "missing_lines": [56], "excluded_lines": []}, "ExternalServiceError": {"executed_lines": [], "summary": {"covered_lines": 0, "num_statements": 1, "percent_covered": 0.0, "percent_covered_display": "0", "missing_lines": 1, "excluded_lines": 0}, "missing_lines": [68], "excluded_lines": []}, "": {"executed_lines": [], "summary": {"covered_lines": 0, "num_statements": 62, "percent_covered": 0.0, "percent_covered_display": "0", "missing_lines": 62, "excluded_lines": 0}, "missing_lines": [9, 10, 11, 13, 14, 15, 16, 18, 20, 23, 26, 40, 43, 52, 55, 64, 67, 76, 84, 92, 93, 95, 96, 98, 101, 103, 105, 118, 130, 132, 135, 149, 151, 163, 175, 179, 182, 183, 184, 185, 191, 202, 214, 221, 224, 238, 239, 240, 241, 242, 243, 244, 247, 248, 249, 254, 266, 268, 270, 271, 272, 273], "excluded_lines": []}}}, "backend\\app\\core\\logging.py": {"executed_lines": [], "summary": {"covered_lines": 0, "num_statements": 66, "percent_covered": 0.0, "percent_covered_display": "0", "missing_lines": 66, "excluded_lines": 0}, "missing_lines": [1, 2, 3, 4, 5, 6, 7, 10, 13, 16, 32, 33, 35, 39, 44, 45, 46, 47, 50, 51, 57, 58, 60, 66, 67, 68, 70, 71, 72, 73, 75, 76, 77, 80, 82, 83, 84, 85, 86, 89, 109, 110, 111, 113, 115, 118, 119, 120, 121, 122, 123, 124, 126, 129, 136, 137, 138, 139, 140, 141, 142, 143, 144, 145, 148, 150], "excluded_lines": [], "functions": {"setup_logging": {"executed_lines": [], "summary": {"covered_lines": 0, "num_statements": 43, "percent_covered": 0.0, "percent_covered_display": "0", "missing_lines": 43, "excluded_lines": 0}, "missing_lines": [32, 33, 35, 39, 44, 45, 46, 47, 50, 51, 57, 58, 60, 66, 67, 68, 70, 71, 72, 73, 75, 76, 77, 80, 82, 83, 84, 85, 86, 89, 109, 110, 111, 113, 115, 118, 119, 120, 121, 122, 123, 124, 126], "excluded_lines": []}, "clear_log_file": {"executed_lines": [], "summary": {"covered_lines": 0, "num_statements": 10, "percent_covered": 0.0, "percent_covered_display": "0", "missing_lines": 10, "excluded_lines": 0}, "missing_lines": [136, 137, 138, 139, 140, 141, 142, 143, 144, 145], "excluded_lines": []}, "get_log_file_path": {"executed_lines": [], "summary": {"covered_lines": 0, "num_statements": 1, "percent_covered": 0.0, "percent_covered_display": "0", "missing_lines": 1, "excluded_lines": 0}, "missing_lines": [150], "excluded_lines": []}, "": {"executed_lines": [], "summary": {"covered_lines": 0, "num_statements": 12, "percent_covered": 0.0, "percent_covered_display": "0", "missing_lines": 12, "excluded_lines": 0}, "missing_lines": [1, 2, 3, 4, 5, 6, 7, 10, 13, 16, 129, 148], "excluded_lines": []}}, "classes": {"": {"executed_lines": [], "summary": {"covered_lines": 0, "num_statements": 66, "percent_covered": 0.0, "percent_covered_display": "0", "missing_lines": 66, "excluded_lines": 0}, "missing_lines": [1, 2, 3, 4, 5, 6, 7, 10, 13, 16, 32, 33, 35, 39, 44, 45, 46, 47, 50, 51, 57, 58, 60, 66, 67, 68, 70, 71, 72, 73, 75, 76, 77, 80, 82, 83, 84, 85, 86, 89, 109, 110, 111, 113, 115, 118, 119, 120, 121, 122, 123, 124, 126, 129, 136, 137, 138, 139, 140, 141, 142, 143, 144, 145, 148, 150], "excluded_lines": []}}}, "backend\\app\\core\\rate_limit.py": {"executed_lines": [], "summary": {"covered_lines": 0, "num_statements": 4, "percent_covered": 0.0, "percent_covered_display": "0", "missing_lines": 4, "excluded_lines": 0}, "missing_lines": [7, 8, 10, 13], "excluded_lines": [], "functions": {"": {"executed_lines": [], "summary": {"covered_lines": 0, "num_statements": 4, "percent_covered": 0.0, "percent_covered_display": "0", "missing_lines": 4, "excluded_lines": 0}, "missing_lines": [7, 8, 10, 13], "excluded_lines": []}}, "classes": {"": {"executed_lines": [], "summary": {"covered_lines": 0, "num_statements": 4, "percent_covered": 0.0, "percent_covered_display": "0", "missing_lines": 4, "excluded_lines": 0}, "missing_lines": [7, 8, 10, 13], "excluded_lines": []}}}, "backend\\app\\core\\tracing.py": {"executed_lines": [], "summary": {"covered_lines": 0, "num_statements": 74, "percent_covered": 0.0, "percent_covered_display": "0", "missing_lines": 74, "excluded_lines": 0}, "missing_lines": [11, 13, 15, 18, 19, 20, 21, 22, 23, 24, 25, 26, 27, 30, 31, 32, 33, 34, 36, 37, 38, 39, 40, 43, 46, 62, 63, 66, 67, 68, 69, 72, 73, 74, 75, 76, 79, 86, 89, 90, 91, 93, 97, 98, 99, 100, 101, 102, 103, 105, 106, 109, 112, 118, 119, 120, 121, 122, 123, 128, 131, 140, 141, 143, 144, 146, 147, 148, 149, 150, 153, 155, 156, 157], "excluded_lines": [], "functions": {"setup_tracing": {"executed_lines": [], "summary": {"covered_lines": 0, "num_statements": 35, "percent_covered": 0.0, "percent_covered_display": "0", "missing_lines": 35, "excluded_lines": 0}, "missing_lines": [62, 63, 66, 67, 68, 69, 72, 73, 74, 75, 76, 79, 86, 89, 90, 91, 93, 97, 98, 99, 100, 101, 102, 103, 105, 106, 109, 112, 118, 119, 120, 121, 122, 123, 128], "excluded_lines": []}, "instrument_database": {"executed_lines": [], "summary": {"covered_lines": 0, "num_statements": 9, "percent_covered": 0.0, "percent_covered_display": "0", "missing_lines": 9, "excluded_lines": 0}, "missing_lines": [140, 141, 143, 144, 146, 147, 148, 149, 150], "excluded_lines": []}, "get_tracer": {"executed_lines": [], "summary": {"covered_lines": 0, "num_statements": 3, "percent_covered": 0.0, "percent_covered_display": "0", "missing_lines": 3, "excluded_lines": 0}, "missing_lines": [155, 156, 157], "excluded_lines": []}, "": {"executed_lines": [], "summary": {"covered_lines": 0, "num_statements": 27, "percent_covered": 0.0, "percent_covered_display": "0", "missing_lines": 27, "excluded_lines": 0}, "missing_lines": [11, 13, 15, 18, 19, 20, 21, 22, 23, 24, 25, 26, 27, 30, 31, 32, 33, 34, 36, 37, 38, 39, 40, 43, 46, 131, 153], "excluded_lines": []}}, "classes": {"": {"executed_lines": [], "summary": {"covered_lines": 0, "num_statements": 74, "percent_covered": 0.0, "percent_covered_display": "0", "missing_lines": 74, "excluded_lines": 0}, "missing_lines": [11, 13, 15, 18, 19, 20, 21, 22, 23, 24, 25, 26, 27, 30, 31, 32, 33, 34, 36, 37, 38, 39, 40, 43, 46, 62, 63, 66, 67, 68, 69, 72, 73, 74, 75, 76, 79, 86, 89, 90, 91, 93, 97, 98, 99, 100, 101, 102, 103, 105, 106, 109, 112, 118, 119, 120, 121, 122, 123, 128, 131, 140, 141, 143, 144, 146, 147, 148, 149, 150, 153, 155, 156, 157], "excluded_lines": []}}}, "backend\\app\\models\\__init__.py": {"executed_lines": [1, 2, 3, 4, 14], "summary": {"covered_lines": 5, "num_statements": 5, "percent_covered": 100.0, "percent_covered_display": "100", "missing_lines": 0, "excluded_lines": 0}, "missing_lines": [], "excluded_lines": [], "functions": {"": {"executed_lines": [1, 2, 3, 4, 14], "summary": {"covered_lines": 5, "num_statements": 5, "percent_covered": 100.0, "percent_covered_display": "100", "missing_lines": 0, "excluded_lines": 0}, "missing_lines": [], "excluded_lines": []}}, "classes": {"": {"executed_lines": [1, 2, 3, 4, 14], "summary": {"covered_lines": 5, "num_statements": 5, "percent_covered": 100.0, "percent_covered_display": "100", "missing_lines": 0, "excluded_lines": 0}, "missing_lines": [], "excluded_lines": []}}}, "backend\\app\\models\\check.py": {"executed_lines": [1, 2, 3, 4, 5, 6, 9, 13, 14, 15, 16, 17, 20, 21, 24, 25, 26, 27, 28, 31, 38, 43, 46, 49, 56, 61, 64, 72, 77, 82, 87, 93, 100, 105, 108, 114, 115, 116, 119, 120, 121, 122, 123, 124, 127, 130, 133, 137, 142, 145, 150, 153, 154, 159, 166, 171, 175, 182, 187, 192, 197, 200, 203, 208, 209, 212, 213, 214, 215, 216, 217, 218, 219, 220, 221, 224, 231, 232, 233, 236, 237, 240, 243, 244, 245, 246, 247, 252, 255, 258, 259, 264, 267, 268, 271, 276, 279, 282, 285, 286, 289, 292, 295, 300, 305, 312, 316, 323, 326, 327, 334, 335, 336, 339, 344, 345, 346, 347, 348, 349, 354, 357, 361, 367, 370, 373, 379, 382], "summary": {"covered_lines": 127, "num_statements": 128, "percent_covered": 99.21875, "percent_covered_display": "99", "missing_lines": 1, "excluded_lines": 0}, "missing_lines": [10], "excluded_lines": [], "functions": {"generate_uuid": {"executed_lines": [], "summary": {"covered_lines": 0, "num_statements": 1, "percent_covered": 0.0, "percent_covered_display": "0", "missing_lines": 1, "excluded_lines": 0}, "missing_lines": [10], "excluded_lines": []}, "": {"executed_lines": [1, 2, 3, 4, 5, 6, 9, 13, 14, 15, 16, 17, 20, 21, 24, 25, 26, 27, 28, 31, 38, 43, 46, 49, 56, 61, 64, 72, 77, 82, 87, 93, 100, 105, 108, 114, 115, 116, 119, 120, 121, 122, 123, 124, 127, 130, 133, 137, 142, 145, 150, 153, 154, 159, 166, 171, 175, 182, 187, 192, 197, 200, 203, 208, 209, 212, 213, 214, 215, 216, 217, 218, 219, 220, 221, 224, 231, 232, 233, 236, 237, 240, 243, 244, 245, 246, 247, 252, 255, 258, 259, 264, 267, 268, 271, 276, 279, 282, 285, 286, 289, 292, 295, 300, 305, 312, 316, 323, 326, 327, 334, 335, 336, 339, 344, 345, 346, 347, 348, 349, 354, 357, 361, 367, 370, 373, 379, 382], "summary": {"covered_lines": 127, "num_statements": 127, "percent_covered": 100.0, "percent_covered_display": "100", "missing_lines": 0, "excluded_lines": 0}, "missing_lines": [], "excluded_lines": []}}, "classes": {"Check": {"executed_lines": [], "summary": {"covered_lines": 0, "num_statements": 0, "percent_covered": 100.0, "percent_covered_display": "100", "missing_lines": 0, "excluded_lines": 0}, "missing_lines": [], "excluded_lines": []}, "Claim": {"executed_lines": [], "summary": {"covered_lines": 0, "num_statements": 0, "percent_covered": 100.0, "percent_covered_display": "100", "missing_lines": 0, "excluded_lines": 0}, "missing_lines": [], "excluded_lines": []}, "Evidence": {"executed_lines": [], "summary": {"covered_lines": 0, "num_statements": 0, "percent_covered": 100.0, "percent_covered_display": "100", "missing_lines": 0, "excluded_lines": 0}, "missing_lines": [], "excluded_lines": []}, "RawEvidence": {"executed_lines": [], "summary": {"covered_lines": 0, "num_statements": 0, "percent_covered": 100.0, "percent_covered_display": "100", "missing_lines": 0, "excluded_lines": 0}, "missing_lines": [], "excluded_lines": []}, "": {"executed_lines": [1, 2, 3, 4, 5, 6, 9, 13, 14, 15, 16, 17, 20, 21, 24, 25, 26, 27, 28, 31, 38, 43, 46, 49, 56, 61, 64, 72, 77, 82, 87, 93, 100, 105, 108, 114, 115, 116, 119, 120, 121, 122, 123, 124, 127, 130, 133, 137, 142, 145, 150, 153, 154, 159, 166, 171, 175, 182, 187, 192, 197, 200, 203, 208, 209, 212, 213, 214, 215, 216, 217, 218, 219, 220, 221, 224, 231, 232, 233, 236, 237, 240, 243, 244, 245, 246, 247, 252, 255, 258, 259, 264, 267, 268, 271, 276, 279, 282, 285, 286, 289, 292, 295, 300, 305, 312, 316, 323, 326, 327, 334, 335, 336, 339, 344, 345, 346, 347, 348, 349, 354, 357, 361, 367, 370, 373, 379, 382], "summary": {"covered_lines": 127, "num_statements": 128, "percent_covered": 99.21875, "percent_covered_display": "99", "missing_lines": 1, "excluded_lines": 0}, "missing_lines": [10], "excluded_lines": []}}}, "backend\\app\\models\\claim_map.py": {"executed_lines": [1, 6, 7, 8, 11, 12, 13, 14, 15, 16, 19, 20, 21, 22, 25, 26, 27, 28, 31, 32, 33, 36, 37, 38, 39, 40, 41, 44, 45, 46, 47, 48, 51, 52, 53, 54, 55, 56, 57], "summary": {"covered_lines": 38, "num_statements": 38, "percent_covered": 100.0, "percent_covered_display": "100", "missing_lines": 0, "excluded_lines": 0}, "missing_lines": [], "excluded_lines": [], "functions": {"": {"executed_lines": [1, 6, 7, 8, 11, 12, 13, 14, 15, 16, 19, 20, 21, 22, 25, 26, 27, 28, 31, 32, 33, 36, 37, 38, 39, 40, 41, 44, 45, 46, 47, 48, 51, 52, 53, 54, 55, 56, 57], "summary": {"covered_lines": 38, "num_statements": 38, "percent_covered": 100.0, "percent_covered_display": "100", "missing_lines": 0, "excluded_lines": 0}, "missing_lines": [], "excluded_lines": []}}, "classes": {"ClaimType": {"executed_lines": [], "summary": {"covered_lines": 0, "num_statements": 0, "percent_covered": 100.0, "percent_covered_display": "100", "missing_lines": 0, "excluded_lines": 0}, "missing_lines": [], "excluded_lines": []}, "ElementState": {"executed_lines": [], "summary": {"covered_lines": 0, "num_statements": 0, "percent_covered": 100.0, "percent_covered_display": "100", "missing_lines": 0, "excluded_lines": 0}, "missing_lines": [], "excluded_lines": []}, "EvidenceRelationship": {"executed_lines": [], "summary": {"covered_lines": 0, "num_statements": 0, "percent_covered": 100.0, "percent_covered_display": "100", "missing_lines": 0, "excluded_lines": 0}, "missing_lines": [], "excluded_lines": []}, "EvidenceRef": {"executed_lines": [], "summary": {"covered_lines": 0, "num_statements": 0, "percent_covered": 100.0, "percent_covered_display": "100", "missing_lines": 0, "excluded_lines": 0}, "missing_lines": [], "excluded_lines": []}, "ClaimElement": {"executed_lines": [], "summary": {"covered_lines": 0, "num_statements": 0, "percent_covered": 100.0, "percent_covered_display": "100", "missing_lines": 0, "excluded_lines": 0}, "missing_lines": [], "excluded_lines": []}, "ClaimMapMetadata": {"executed_lines": [], "summary": {"covered_lines": 0, "num_statements": 0, "percent_covered": 100.0, "percent_covered_display": "100", "missing_lines": 0, "excluded_lines": 0}, "missing_lines": [], "excluded_lines": []}, "ClaimMap": {"executed_lines": [], "summary": {"covered_lines": 0, "num_statements": 0, "percent_covered": 100.0, "percent_covered_display": "100", "missing_lines": 0, "excluded_lines": 0}, "missing_lines": [], "excluded_lines": []}, "": {"executed_lines": [1, 6, 7, 8, 11, 12, 13, 14, 15, 16, 19, 20, 21, 22, 25, 26, 27, 28, 31, 32, 33, 36, 37, 38, 39, 40, 41, 44, 45, 46, 47, 48, 51, 52, 53, 54, 55, 56, 57], "summary": {"covered_lines": 38, "num_statements": 38, "percent_covered": 100.0, "percent_covered_display": "100", "missing_lines": 0, "excluded_lines": 0}, "missing_lines": [], "excluded_lines": []}}}, "backend\\app\\models\\unknown_source.py": {"executed_lines": [1, 8, 9, 10, 11, 12, 15, 19, 20, 27, 29, 30, 33, 36, 39, 42, 47, 50, 53, 58, 61, 64, 67, 73, 74, 77, 80, 84, 85], "summary": {"covered_lines": 27, "num_statements": 28, "percent_covered": 96.42857142857143, "percent_covered_display": "96", "missing_lines": 1, "excluded_lines": 0}, "missing_lines": [16], "excluded_lines": [], "functions": {"generate_uuid": {"executed_lines": [], "summary": {"covered_lines": 0, "num_statements": 1, "percent_covered": 0.0, "percent_covered_display": "0", "missing_lines": 1, "excluded_lines": 0}, "missing_lines": [16], "excluded_lines": []}, "": {"executed_lines": [1, 8, 9, 10, 11, 12, 15, 19, 20, 27, 29, 30, 33, 36, 39, 42, 47, 50, 53, 58, 61, 64, 67, 73, 74, 77, 80, 84, 85], "summary": {"covered_lines": 27, "num_statements": 27, "percent_covered": 100.0, "percent_covered_display": "100", "missing_lines": 0, "excluded_lines": 0}, "missing_lines": [], "excluded_lines": []}}, "classes": {"UnknownSource": {"executed_lines": [], "summary": {"covered_lines": 0, "num_statements": 0, "percent_covered": 100.0, "percent_covered_display": "100", "missing_lines": 0, "excluded_lines": 0}, "missing_lines": [], "excluded_lines": []}, "UnknownSource.Config": {"executed_lines": [], "summary": {"covered_lines": 0, "num_statements": 0, "percent_covered": 100.0, "percent_covered_display": "100", "missing_lines": 0, "excluded_lines": 0}, "missing_lines": [], "excluded_lines": []}, "": {"executed_lines": [1, 8, 9, 10, 11, 12, 15, 19, 20, 27, 29, 30, 33, 36, 39, 42, 47, 50, 53, 58, 61, 64, 67, 73, 74, 77, 80, 84, 85], "summary": {"covered_lines": 27, "num_statements": 28, "percent_covered": 96.42857142857143, "percent_covered_display": "96", "missing_lines": 1, "excluded_lines": 0}, "missing_lines": [16], "excluded_lines": []}}}, "backend\\app\\models\\user.py": {"executed_lines": [1, 2, 3, 5, 6, 7, 8, 9, 10, 13, 14, 15, 16, 19, 20, 21, 22, 23, 25, 26, 29, 30, 32, 33, 34, 35, 36, 37, 38, 39, 40, 41, 42, 43, 44, 45, 48], "summary": {"covered_lines": 37, "num_statements": 37, "percent_covered": 100.0, "percent_covered_display": "100", "missing_lines": 0, "excluded_lines": 0}, "missing_lines": [], "excluded_lines": [], "functions": {"": {"executed_lines": [1, 2, 3, 5, 6, 7, 8, 9, 10, 13, 14, 15, 16, 19, 20, 21, 22, 23, 25, 26, 29, 30, 32, 33, 34, 35, 36, 37, 38, 39, 40, 41, 42, 43, 44, 45, 48], "summary": {"covered_lines": 37, "num_statements": 37, "percent_covered": 100.0, "percent_covered_display": "100", "missing_lines": 0, "excluded_lines": 0}, "missing_lines": [], "excluded_lines": []}}, "classes": {"User": {"executed_lines": [], "summary": {"covered_lines": 0, "num_statements": 0, "percent_covered": 100.0, "percent_covered_display": "100", "missing_lines": 0, "excluded_lines": 0}, "missing_lin
[...]
 [23, 41, 49, 56, 129, 138, 330, 356, 385, 457, 497, 577, 600, 603, 606, 607, 608, 611, 625, 628, 654, 655, 658, 667, 668, 669, 672, 673, 674, 676, 682, 683, 684, 686, 688, 689, 690, 691, 692, 693, 694, 695, 698, 699, 702, 711, 712, 713, 714, 715, 716, 718, 722], "excluded_lines": []}}}, "backend\\app\\utils\\rhetorical_analyzer.py": {"executed_lines": [], "summary": {"covered_lines": 0, "num_statements": 93, "percent_covered": 0.0, "percent_covered_display": "0", "missing_lines": 93, "excluded_lines": 0}, "missing_lines": [18, 19, 20, 22, 25, 33, 36, 78, 87, 94, 103, 104, 105, 106, 108, 109, 110, 111, 113, 116, 119, 120, 121, 131, 132, 133, 142, 143, 144, 149, 152, 153, 155, 156, 157, 158, 159, 160, 161, 164, 165, 168, 170, 189, 191, 192, 193, 194, 195, 196, 197, 199, 201, 202, 205, 207, 210, 218, 220, 221, 222, 224, 226, 236, 237, 239, 241, 242, 250, 251, 255, 256, 260, 261, 263, 265, 272, 273, 275, 277, 278, 279, 284, 285, 291, 292, 298, 317, 318, 320, 324, 334, 335], "excluded_lines": [], "functions": {"RhetoricalContextAnalyzer.__init__": {"executed_lines": [], "summary": {"covered_lines": 0, "num_statements": 3, "percent_covered": 0.0, "percent_covered_display": "0", "missing_lines": 3, "excluded_lines": 0}, "missing_lines": [36, 78, 87], "excluded_lines": []}, "RhetoricalContextAnalyzer.analyze_evidence_for_rhetorical_context": {"executed_lines": [], "summary": {"covered_lines": 0, "num_statements": 33, "percent_covered": 0.0, "percent_covered_display": "0", "missing_lines": 33, "excluded_lines": 0}, "missing_lines": [103, 104, 105, 106, 108, 109, 110, 111, 113, 116, 119, 120, 121, 131, 132, 133, 142, 143, 144, 149, 152, 153, 155, 156, 157, 158, 159, 160, 161, 164, 165, 168, 170], "excluded_lines": []}, "RhetoricalContextAnalyzer._find_markers": {"executed_lines": [], "summary": {"covered_lines": 0, "num_statements": 7, "percent_covered": 0.0, "percent_covered_display": "0", "missing_lines": 7, "excluded_lines": 0}, "missing_lines": [191, 192, 193, 194, 195, 196, 197], "excluded_lines": []}, "RhetoricalContextAnalyzer._determine_primary_style": {"executed_lines": [], "summary": {"covered_lines": 0, "num_statements": 10, "percent_covered": 0.0, "percent_covered_display": "0", "missing_lines": 10, "excluded_lines": 0}, "missing_lines": [201, 202, 205, 207, 210, 218, 220, 221, 222, 224], "excluded_lines": []}, "RhetoricalContextAnalyzer._generate_explanation": {"executed_lines": [], "summary": {"covered_lines": 0, "num_statements": 12, "percent_covered": 0.0, "percent_covered_display": "0", "missing_lines": 12, "excluded_lines": 0}, "missing_lines": [236, 237, 239, 241, 242, 250, 251, 255, 256, 260, 261, 263], "excluded_lines": []}, "RhetoricalContextAnalyzer.get_evidence_annotation": {"executed_lines": [], "summary": {"covered_lines": 0, "num_statements": 14, "percent_covered": 0.0, "percent_covered_display": "0", "missing_lines": 14, "excluded_lines": 0}, "missing_lines": [272, 273, 275, 277, 278, 279, 284, 285, 291, 292, 298, 317, 318, 320], "excluded_lines": []}, "analyze_rhetorical_context": {"executed_lines": [], "summary": {"covered_lines": 0, "num_statements": 2, "percent_covered": 0.0, "percent_covered_display": "0", "missing_lines": 2, "excluded_lines": 0}, "missing_lines": [334, 335], "excluded_lines": []}, "": {"executed_lines": [], "summary": {"covered_lines": 0, "num_statements": 12, "percent_covered": 0.0, "percent_covered_display": "0", "missing_lines": 12, "excluded_lines": 0}, "missing_lines": [18, 19, 20, 22, 25, 33, 94, 189, 199, 226, 265, 324], "excluded_lines": []}}, "classes": {"RhetoricalContextAnalyzer": {"executed_lines": [], "summary": {"covered_lines": 0, "num_statements": 79, "percent_covered": 0.0, "percent_covered_display": "0", "missing_lines": 79, "excluded_lines": 0}, "missing_lines": [36, 78, 87, 103, 104, 105, 106, 108, 109, 110, 111, 113, 116, 119, 120, 121, 131, 132, 133, 142, 143, 144, 149, 152, 153, 155, 156, 157, 158, 159, 160, 161, 164, 165, 168, 170, 191, 192, 193, 194, 195, 196, 197, 201, 202, 205, 207, 210, 218, 220, 221, 222, 224, 236, 237, 239, 241, 242, 250, 251, 255, 256, 260, 261, 263, 272, 273, 275, 277, 278, 279, 284, 285, 291, 292, 298, 317, 318, 320], "excluded_lines": []}, "": {"executed_lines": [], "summary": {"covered_lines": 0, "num_statements": 14, "percent_covered": 0.0, "percent_covered_display": "0", "missing_lines": 14, "excluded_lines": 0}, "missing_lines": [18, 19, 20, 22, 25, 33, 94, 189, 199, 226, 265, 324, 334, 335], "excluded_lines": []}}}, "backend\\app\\utils\\source_independence.py": {"executed_lines": [], "summary": {"covered_lines": 0, "num_statements": 68, "percent_covered": 0.0, "percent_covered_display": "0", "missing_lines": 68, "excluded_lines": 0}, "missing_lines": [1, 2, 3, 4, 5, 7, 10, 13, 14, 15, 17, 19, 20, 23, 24, 25, 26, 27, 29, 31, 32, 33, 34, 35, 36, 38, 53, 54, 55, 57, 58, 61, 62, 63, 64, 65, 66, 68, 71, 73, 75, 91, 92, 95, 96, 97, 98, 101, 102, 104, 105, 107, 112, 114, 127, 128, 135, 136, 138, 139, 140, 142, 143, 147, 148, 150, 157, 159], "excluded_lines": [], "functions": {"SourceIndependenceChecker.__init__": {"executed_lines": [], "summary": {"covered_lines": 0, "num_statements": 2, "percent_covered": 0.0, "percent_covered_display": "0", "missing_lines": 2, "excluded_lines": 0}, "missing_lines": [14, 15], "excluded_lines": []}, "SourceIndependenceChecker._load_ownership_database": {"executed_lines": [], "summary": {"covered_lines": 0, "num_statements": 7, "percent_covered": 0.0, "percent_covered_display": "0", "missing_lines": 7, "excluded_lines": 0}, "missing_lines": [19, 20, 23, 24, 25, 26, 27], "excluded_lines": []}, "SourceIndependenceChecker._build_domain_lookup": {"executed_lines": [], "summary": {"covered_lines": 0, "num_statements": 6, "percent_covered": 0.0, "percent_covered_display": "0", "missing_lines": 6, "excluded_lines": 0}, "missing_lines": [31, 32, 33, 34, 35, 36], "excluded_lines": []}, "SourceIndependenceChecker.enrich_evidence": {"executed_lines": [], "summary": {"covered_lines": 0, "num_statements": 14, "percent_covered": 0.0, "percent_covered_display": "0", "missing_lines": 14, "excluded_lines": 0}, "missing_lines": [53, 54, 55, 57, 58, 61, 62, 63, 64, 65, 66, 68, 71, 73], "excluded_lines": []}, "SourceIndependenceChecker.check_diversity": {"executed_lines": [], "summary": {"covered_lines": 0, "num_statements": 12, "percent_covered": 0.0, "percent_covered_display": "0", "missing_lines": 12, "excluded_lines": 0}, "missing_lines": [91, 92, 95, 96, 97, 98, 101, 102, 104, 105, 107, 112], "excluded_lines": []}, "SourceIndependenceChecker.get_diversity_metrics": {"executed_lines": [], "summary": {"covered_lines": 0, "num_statements": 12, "percent_covered": 0.0, "percent_covered_display": "0", "missing_lines": 12, "excluded_lines": 0}, "missing_lines": [127, 128, 135, 136, 138, 139, 140, 142, 143, 147, 148, 150], "excluded_lines": []}, "SourceIndependenceChecker._get_state_media": {"executed_lines": [], "summary": {"covered_lines": 0, "num_statements": 1, "percent_covered": 0.0, "percent_covered_display": "0", "missing_lines": 1, "excluded_lines": 0}, "missing_lines": [159], "excluded_lines": []}, "": {"executed_lines": [], "summary": {"covered_lines": 0, "num_statements": 14, "percent_covered": 0.0, "percent_covered_display": "0", "missing_lines": 14, "excluded_lines": 0}, "missing_lines": [1, 2, 3, 4, 5, 7, 10, 13, 17, 29, 38, 75, 114, 157], "excluded_lines": []}}, "classes": {"SourceIndependenceChecker": {"executed_lines": [], "summary": {"covered_lines": 0, "num_statements": 54, "percent_covered": 0.0, "percent_covered_display": "0", "missing_lines": 54, "excluded_lines": 0}, "missing_lines": [14, 15, 19, 20, 23, 24, 25, 26, 27, 31, 32, 33, 34, 35, 36, 53, 54, 55, 57, 58, 61, 62, 63, 64, 65, 66, 68, 71, 73, 91, 92, 95, 96, 97, 98, 101, 102, 104, 105, 107, 112, 127, 128, 135, 136, 138, 139, 140, 142, 143, 147, 148, 150, 159], "excluded_lines": []}, "": {"executed_lines": [], "summary": {"covered_lines": 0, "num_statements": 14, "percent_covered": 0.0, "percent_covered_display": "0", "missing_lines": 14, "excluded_lines": 0}, "missing_lines": [1, 2, 3, 4, 5, 7, 10, 13, 17, 29, 38, 75, 114, 157], "excluded_lines": []}}}, "backend\\app\\utils\\source_type_classifier.py": {"executed_lines": [], "summary": {"covered_lines": 0, "num_statements": 71, "percent_covered": 0.0, "percent_covered_display": "0", "missing_lines": 71, "excluded_lines": 0}, "missing_lines": [15, 16, 17, 18, 20, 23, 32, 36, 94, 111, 122, 138, 150, 167, 168, 170, 171, 172, 173, 176, 177, 178, 179, 180, 183, 184, 185, 186, 189, 190, 191, 192, 194, 195, 196, 197, 199, 200, 201, 202, 205, 206, 209, 215, 222, 223, 224, 226, 237, 238, 239, 241, 252, 253, 255, 262, 269, 280, 281, 282, 283, 284, 285, 286, 287, 289, 293, 296, 304, 305, 306], "excluded_lines": [], "functions": {"SourceTypeClassifier.__init__": {"executed_lines": [], "summary": {"covered_lines": 0, "num_statements": 5, "percent_covered": 0.0, "percent_covered_display": "0", "missing_lines": 5, "excluded_lines": 0}, "missing_lines": [36, 94, 111, 122, 138], "excluded_lines": []}, "SourceTypeClassifier.classify_source": {"executed_lines": [], "summary": {"covered_lines": 0, "num_statements": 34, "percent_covered": 0.0, "percent_covered_display": "0", "missing_lines": 34, "excluded_lines": 0}, "missing_lines": [167, 168, 170, 171, 172, 173, 176, 177, 178, 179, 180, 183, 184, 185, 186, 189, 190, 191, 192, 194, 195, 196, 197, 199, 200, 201, 202, 205, 206, 209, 215, 222, 223, 224], "excluded_lines": []}, "SourceTypeClassifier._is_peer_reviewed": {"executed_lines": [], "summary": {"covered_lines": 0, "num_statements": 3, "percent_covered": 0.0, "percent_covered_display": "0", "missing_lines": 3, "excluded_lines": 0}, "missing_lines": [237, 238, 239], "excluded_lines": []}, "SourceTypeClassifier._is_statistical_report": {"executed_lines": [], "summary": {"covered_lines": 0, "num_statements": 2, "percent_covered": 0.0, "percent_covered_display": "0", "missing_lines": 2, "excluded_lines": 0}, "missing_lines": [252, 253], "excluded_lines": []}, "SourceTypeClassifier._unknown_source": {"executed_lines": [], "summary": {"covered_lines": 0, "num_statements": 1, "percent_covered": 0.0, "percent_covered_display": "0", "missing_lines": 1, "excluded_lines": 0}, "missing_lines": [262], "excluded_lines": []}, "SourceTypeClassifier.get_source_quality_label": {"executed_lines": [], "summary": {"covered_lines": 0, "num_statements": 9, "percent_covered": 0.0, "percent_covered_display": "0", "missing_lines": 9, "excluded_lines": 0}, "missing_lines": [280, 281, 282, 283, 284, 285, 286, 287, 289], "excluded_lines": []}, "get_source_type_classifier": {"executed_lines": [], "summary": {"covered_lines": 0, "num_statements": 3, "percent_covered": 0.0, "percent_covered_display": "0", "missing_lines": 3, "excluded_lines": 0}, "missing_lines": [304, 305, 306], "excluded_lines": []}, "": {"executed_lines": [], "summary": {"covered_lines": 0, "num_statements": 14, "percent_covered": 0.0, "percent_covered_display": "0", "missing_lines": 14, "excluded_lines": 0}, "missing_lines": [15, 16, 17, 18, 20, 23, 32, 150, 226, 241, 255, 269, 293, 296], "excluded_lines": []}}, "classes": {"SourceTypeClassifier": {"executed_lines": [], "summary": {"covered_lines": 0, "num_statements": 54, "percent_covered": 0.0, "percent_covered_display": "0", "missing_lines": 54, "excluded_lines": 0}, "missing_lines": [36, 94, 111, 122, 138, 167, 168, 170, 171, 172, 173, 176, 177, 178, 179, 180, 183, 184, 185, 186, 189, 190, 191, 192, 194, 195, 196, 197, 199, 200, 201, 202, 205, 206, 209, 215, 222, 223, 224, 237, 238, 239, 252, 253, 262, 280, 281, 282, 283, 284, 285, 286, 287, 289], "excluded_lines": []}, "": {"executed_lines": [], "summary": {"covered_lines": 0, "num_statements": 17, "percent_covered": 0.0, "percent_covered_display": "0", "missing_lines": 17, "excluded_lines": 0}, "missing_lines": [15, 16, 17, 18, 20, 23, 32, 150, 226, 241, 255, 269, 293, 296, 304, 305, 306], "excluded_lines": []}}}, "backend\\app\\utils\\source_validator.py": {"executed_lines": [], "summary": {"covered_lines": 0, "num_statements": 47, "percent_covered": 0.0, "percent_covered_display": "0", "missing_lines": 47, "excluded_lines": 0}, "missing_lines": [5, 6, 7, 9, 11, 14, 16, 26, 36, 49, 55, 65, 66, 68, 69, 70, 71, 74, 77, 79, 80, 85, 87, 89, 96, 98, 106, 107, 108, 111, 112, 113, 116, 117, 118, 119, 121, 123, 125, 126, 127, 128, 131, 133, 136, 137, 138], "excluded_lines": [], "functions": {"SourceValidator.__init__": {"executed_lines": [], "summary": {"covered_lines": 0, "num_statements": 4, "percent_covered": 0.0, "percent_covered_display": "0", "missing_lines": 4, "excluded_lines": 0}, "missing_lines": [16, 26, 36, 49], "excluded_lines": []}, "SourceValidator.validate_sources": {"executed_lines": [], "summary": {"covered_lines": 0, "num_statements": 14, "percent_covered": 0.0, "percent_covered_display": "0", "missing_lines": 14, "excluded_lines": 0}, "missing_lines": [65, 66, 68, 69, 70, 71, 74, 77, 79, 80, 85, 87, 89, 96], "excluded_lines": []}, "SourceValidator._is_inappropriate": {"executed_lines": [], "summary": {"covered_lines": 0, "num_statements": 11, "percent_covered": 0.0, "percent_covered_display": "0", "missing_lines": 11, "excluded_lines": 0}, "missing_lines": [106, 107, 108, 111, 112, 113, 116, 117, 118, 119, 121], "excluded_lines": []}, "SourceValidator._is_authoritative_education_domain": {"executed_lines": [], "summary": {"covered_lines": 0, "num_statements": 4, "percent_covered": 0.0, "percent_covered_display": "0", "missing_lines": 4, "excluded_lines": 0}, "missing_lines": [125, 126, 127, 128], "excluded_lines": []}, "get_source_validator": {"executed_lines": [], "summary": {"covered_lines": 0, "num_statements": 3, "percent_covered": 0.0, "percent_covered_display": "0", "missing_lines": 3, "excluded_lines": 0}, "missing_lines": [136, 137, 138], "excluded_lines": []}, "": {"executed_lines": [], "summary": {"covered_lines": 0, "num_statements": 11, "percent_covered": 0.0, "percent_covered_display": "0", "missing_lines": 11, "excluded_lines": 0}, "missing_lines": [5, 6, 7, 9, 11, 14, 55, 98, 123, 131, 133], "excluded_lines": []}}, "classes": {"SourceValidator": {"executed_lines": [], "summary": {"covered_lines": 0, "num_statements": 33, "percent_covered": 0.0, "percent_covered_display": "0", "missing_lines": 33, "excluded_lines": 0}, "missing_lines": [16, 26, 36, 49, 65, 66, 68, 69, 70, 71, 74, 77, 79, 80, 85, 87, 89, 96, 106, 107, 108, 111, 112, 113, 116, 117, 118, 119, 121, 125, 126, 127, 128], "excluded_lines": []}, "": {"executed_lines": [], "summary": {"covered_lines": 0, "num_statements": 14, "percent_covered": 0.0, "percent_covered_display": "0", "missing_lines": 14, "excluded_lines": 0}, "missing_lines": [5, 6, 7, 9, 11, 14, 55, 98, 123, 131, 133, 136, 137, 138], "excluded_lines": []}}}, "backend\\app\\utils\\temporal.py": {"executed_lines": [], "summary": {"covered_lines": 0, "num_statements": 100, "percent_covered": 0.0, "percent_covered_display": "0", "missing_lines": 100, "excluded_lines": 0}, "missing_lines": [1, 2, 3, 4, 6, 9, 12, 14, 15, 16, 19, 29, 31, 33, 36, 37, 38, 39, 40, 43, 44, 45, 47, 48, 49, 51, 52, 53, 55, 62, 63, 64, 65, 66, 67, 68, 69, 70, 71, 72, 73, 74, 77, 78, 79, 81, 82, 84, 93, 95, 96, 98, 100, 101, 102, 103, 104, 105, 106, 107, 109, 111, 115, 116, 118, 119, 120, 122, 123, 125, 126, 127, 128, 130, 131, 132, 134, 137, 139, 142, 144, 149, 151, 154, 155, 158, 159, 160, 161, 164, 165, 166, 167, 168, 169, 172, 173, 174, 175, 177], "excluded_lines": [], "functions": {"TemporalAnalyzer.__init__": {"executed_lines": [], "summary": {"covered_lines": 0, "num_statements": 5, "percent_covered": 0.0, "percent_covered_display": "0", "missing_lines": 5, "excluded_lines": 0}, "missing_lines": [14, 15, 16, 19, 29], "excluded_lines": []}, "TemporalAnalyzer.analyze_claim": {"executed_lines": [], "summary": {"covered_lines": 0, "num_statements": 35, "percent_covered": 0.0, "percent_covered_display": "0", "missing_lines": 35, "excluded_lines": 0}, "missing_lines": [33, 36, 37, 38, 39, 40, 43, 44, 45, 47, 48, 49, 51, 52, 53, 55, 62, 63, 64, 65, 66, 67, 68, 69, 70, 71, 72, 73, 74, 77, 78, 79, 81, 82, 84], "excluded_lines": []}, "TemporalAnalyzer._extract_year": {"executed_lines": [], "summary": {"covered_lines": 0, "num_statements": 2, "percent_covered": 0.0, "percent_covered_display": "0", "missing_lines": 2, "excluded_lines": 0}, "missing_lines": [95, 96], "excluded_lines": []}, "TemporalAnalyzer._classify_temporal_type": {"executed_lines": [], "summary": {"covered_lines": 0, "num_statements": 9, "percent_covered": 0.0, "percent_covered_display": "0", "missing_lines": 9, "excluded_lines": 0}, "missing_lines": [100, 101, 102, 103, 104, 105, 106, 107, 109], "excluded_lines": []}, "TemporalAnalyzer.filter_evidence_by_time": {"executed_lines": [], "summary": {"covered_lines": 0, "num_statements": 20, "percent_covered": 0.0, "percent_covered_display": "0", "missing_lines": 20, "excluded_lines": 0}, "missing_lines": [115, 116, 118, 119, 120, 122, 123, 125, 126, 127, 128, 130, 131, 132, 134, 137, 139, 142, 144, 149], "excluded_lines": []}, "TemporalAnalyzer._parse_date": {"executed_lines": [], "summary": {"covered_lines": 0, "num_statements": 17, "percent_covered": 0.0, "percent_covered_display": "0", "missing_lines": 17, "excluded_lines": 0}, "missing_lines": [154, 155, 158, 159, 160, 161, 164, 165, 166, 167, 168, 169, 172, 173, 174, 175, 177], "excluded_lines": []}, "": {"executed_lines": [], "summary": {"covered_lines": 0, "num_statements": 12, "percent_covered": 0.0, "percent_covered_display": "0", "missing_lines": 12, "excluded_lines": 0}, "missing_lines": [1, 2, 3, 4, 6, 9, 12, 31, 93, 98, 111, 151], "excluded_lines": []}}, "classes": {"TemporalAnalyzer": {"executed_lines": [], "summary": {"covered_lines": 0, "num_statements": 88, "percent_covered": 0.0, "percent_covered_display": "0", "missing_lines": 88, "excluded_lines": 0}, "missing_lines": [14, 15, 16, 19, 29, 33, 36, 37, 38, 39, 40, 43, 44, 45, 47, 48, 49, 51, 52, 53, 55, 62, 63, 64, 65, 66, 67, 68, 69, 70, 71, 72, 73, 74, 77, 78, 79, 81, 82, 84, 95, 96, 100, 101, 102, 103, 104, 105, 106, 107, 109, 115, 116, 118, 119, 120, 122, 123, 125, 126, 127, 128, 130, 131, 132, 134, 137, 139, 142, 144, 149, 154, 155, 158, 159, 160, 161, 164, 165, 166, 167, 168, 169, 172, 173, 174, 175, 177], "excluded_lines": []}, "": {"executed_lines": [], "summary": {"covered_lines": 0, "num_statements": 12, "percent_covered": 0.0, "percent_covered_display": "0", "missing_lines": 12, "excluded_lines": 0}, "missing_lines": [1, 2, 3, 4, 6, 9, 12, 31, 93, 98, 111, 151], "excluded_lines": []}}}, "backend\\app\\utils\\url_utils.py": {"executed_lines": [], "summary": {"covered_lines": 0, "num_statements": 18, "percent_covered": 0.0, "percent_covered_display": "0", "missing_lines": 18, "excluded_lines": 0}, "missing_lines": [3, 4, 5, 7, 10, 32, 33, 35, 36, 37, 40, 41, 44, 45, 47, 49, 50, 51], "excluded_lines": [], "functions": {"extract_domain": {"executed_lines": [], "summary": {"covered_lines": 0, "num_statements": 13, "percent_covered": 0.0, "percent_covered_display": "0", "missing_lines": 13, "excluded_lines": 0}, "missing_lines": [32, 33, 35, 36, 37, 40, 41, 44, 45, 47, 49, 50, 51], "excluded_lines": []}, "": {"executed_lines": [], "summary": {"covered_lines": 0, "num_statements": 5, "percent_covered": 0.0, "percent_covered_display": "0", "missing_lines": 5, "excluded_lines": 0}, "missing_lines": [3, 4, 5, 7, 10], "excluded_lines": []}}, "classes": {"": {"executed_lines": [], "summary": {"covered_lines": 0, "num_statements": 18, "percent_covered": 0.0, "percent_covered_display": "0", "missing_lines": 18, "excluded_lines": 0}, "missing_lines": [3, 4, 5, 7, 10, 32, 33, 35, 36, 37, 40, 41, 44, 45, 47, 49, 50, 51], "excluded_lines": []}}}}, "totals": {"covered_lines": 375, "num_statements": 7367, "percent_covered": 5.090267408714538, "percent_covered_display": "5", "missing_lines": 6992, "excluded_lines": 1}}