{"meta": {"format": 3, "version": "7.11.0", "timestamp": "2025-11-17T13:05:21.271323", "branch_coverage": false, "show_contexts": false}, "files": {"app\\__init__.py": {"executed_lines": [0], "summary": {"covered_lines": 0, "num_statements": 0, "percent_covered": 100.0, "percent_covered_display": "100", "missing_lines": 0, "excluded_lines": 0}, "missing_lines": [], "excluded_lines": [], "functions": {"": {"executed_lines": [], "summary": {"covered_lines": 0, "num_statements": 0, "percent_covered": 100.0, "percent_covered_display": "100", "missing_lines": 0, "excluded_lines": 0}, "missing_lines": [], "excluded_lines": []}}, "classes": {"": {"executed_lines": [], "summary": {"covered_lines": 0, "num_statements": 0, "percent_covered": 100.0, "percent_covered_display": "100", "missing_lines": 0, "excluded_lines": 0}, "missing_lines": [], "excluded_lines": []}}}, "app\\api\\__init__.py": {"executed_lines": [], "summary": {"covered_lines": 0, "num_statements": 0, "percent_covered": 100.0, "percent_covered_display": "100", "missing_lines": 0, "excluded_lines": 0}, "missing_lines": [], "excluded_lines": [], "functions": {"": {"executed_lines": [], "summary": {"covered_lines": 0, "num_statements": 0, "percent_covered": 100.0, "percent_covered_display": "100", "missing_lines": 0, "excluded_lines": 0}, "missing_lines": [], "excluded_lines": []}}, "classes": {"": {"executed_lines": [], "summary": {"covered_lines": 0, "num_statements": 0, "percent_covered": 100.0, "percent_covered_display": "100", "missing_lines": 0, "excluded_lines": 0}, "missing_lines": [], "excluded_lines": []}}}, "app\\api\\v1\\__init__.py": {"executed_lines": [], "summary": {"covered_lines": 0, "num_statements": 6, "percent_covered": 0.0, "percent_covered_display": "0", "missing_lines": 6, "excluded_lines": 0}, "missing_lines": [1, 2, 3, 4, 5, 7], "excluded_lines": [], "functions": {"": {"executed_lines": [], "summary": {"covered_lines": 0, "num_statements": 6, "percent_covered": 0.0, "percent_covered_display": "0", "missing_lines": 6, "excluded_lines": 0}, "missing_lines": [1, 2, 3, 4, 5, 7], "excluded_lines": []}}, "classes": {"": {"executed_lines": [], "summary": {"covered_lines": 0, "num_statements": 6, "percent_covered": 0.0, "percent_covered_display": "0", "missing_lines": 6, "excluded_lines": 0}, "missing_lines": [1, 2, 3, 4, 5, 7], "excluded_lines": []}}}, "app\\api\\v1\\auth.py": {"executed_lines": [], "summary": {"covered_lines": 0, "num_statements": 24, "percent_covered": 0.0, "percent_covered_display": "0", "missing_lines": 24, "excluded_lines": 0}, "missing_lines": [1, 2, 3, 4, 5, 6, 8, 10, 11, 17, 18, 19, 22, 23, 29, 30, 31, 34, 38, 39, 41, 51, 52, 54], "excluded_lines": [], "functions": {"get_me": {"executed_lines": [], "summary": {"covered_lines": 0, "num_statements": 12, "percent_covered": 0.0, "percent_covered_display": "0", "missing_lines": 12, "excluded_lines": 0}, "missing_lines": [17, 18, 19, 22, 23, 29, 30, 31, 34, 38, 39, 41], "excluded_lines": []}, "refresh_token": {"executed_lines": [], "summary": {"covered_lines": 0, "num_statements": 1, "percent_covered": 0.0, "percent_covered_display": "0", "missing_lines": 1, "excluded_lines": 0}, "missing_lines": [54], "excluded_lines": []}, "": {"executed_lines": [], "summary": {"covered_lines": 0, "num_statements": 11, "percent_covered": 0.0, "percent_covered_display": "0", "missing_lines": 11, "excluded_lines": 0}, "missing_lines": [1, 2, 3, 4, 5, 6, 8, 10, 11, 51, 52], "excluded_lines": []}}, "classes": {"": {"executed_lines": [], "summary": {"covered_lines": 0, "num_statements": 24, "percent_covered": 0.0, "percent_covered_display": "0", "missing_lines": 24, "excluded_lines": 0}, "missing_lines": [1, 2, 3, 4, 5, 6, 8, 10, 11, 17, 18, 19, 22, 23, 29, 30, 31, 34, 38, 39, 41, 51, 52, 54], "excluded_lines": []}}}, "app\\api\\v1\\checks.py": {"executed_lines": [], "summary": {"covered_lines": 0, "num_statements": 278, "percent_covered": 0.0, "percent_covered_display": "0", "missing_lines": 278, "excluded_lines": 0}, "missing_lines": [1, 2, 3, 4, 5, 6, 7, 8, 9, 10, 11, 12, 13, 14, 15, 16, 17, 18, 19, 20, 21, 22, 23, 24, 25, 26, 28, 30, 33, 34, 36, 38, 40, 41, 42, 43, 44, 45, 47, 48, 55, 56, 62, 63, 64, 65, 71, 72, 73, 74, 79, 82, 83, 84, 86, 87, 88, 90, 98, 99, 100, 105, 106, 107, 114, 115, 116, 118, 119, 122, 123, 129, 130, 132, 133, 136, 137, 138, 139, 141, 142, 144, 145, 147, 148, 151, 152, 153, 154, 157, 159, 160, 166, 167, 173, 176, 191, 194, 195, 196, 199, 200, 201, 204, 205, 206, 207, 208, 209, 210, 211, 213, 224, 225, 228, 229, 232, 233, 235, 236, 237, 238, 240, 241, 242, 243, 244, 246, 258, 259, 260, 267, 274, 275, 278, 279, 281, 287, 288, 291, 292, 293, 296, 297, 298, 306, 319, 324, 325, 331, 335, 336, 338, 339, 342, 347, 348, 350, 351, 352, 353, 354, 356, 383, 408, 409, 417, 421, 422, 424, 425, 427, 429, 430, 431, 433, 436, 439, 440, 441, 442, 443, 444, 447, 448, 449, 450, 452, 453, 455, 457, 459, 460, 461, 462, 463, 464, 466, 467, 468, 469, 470, 471, 472, 474, 476, 478, 479, 480, 481, 483, 484, 485, 486, 488, 489, 498, 500, 501, 503, 504, 505, 507, 508, 509, 510, 516, 517, 519, 520, 522, 523, 524, 525, 528, 529, 531, 532, 533, 535, 536, 538, 549, 550, 558, 562, 563, 565, 566, 568, 569, 575, 580, 581, 584, 585, 586, 592, 593, 595, 604, 605, 606, 611, 612, 613, 619, 620, 621, 627, 628, 630, 631, 632, 633, 634, 640, 641], "excluded_lines": [], "functions": {"safe_json_dumps": {"executed_lines": [], "summary": {"covered_lines": 0, "num_statements": 1, "percent_covered": 0.0, "percent_covered_display": "0", "missing_lines": 1, "excluded_lines": 0}, "missing_lines": [38], "excluded_lines": []}, "upload_file": {"executed_lines": [], "summary": {"covered_lines": 0, "num_statements": 21, "percent_covered": 0.0, "percent_covered_display": "0", "missing_lines": 21, "excluded_lines": 0}, "missing_lines": [55, 56, 62, 63, 64, 65, 71, 72, 73, 74, 79, 82, 83, 84, 86, 87, 88, 90, 98, 99, 100], "excluded_lines": []}, "create_check": {"executed_lines": [], "summary": {"covered_lines": 0, "num_statements": 64, "percent_covered": 0.0, "percent_covered_display": "0", "missing_lines": 64, "excluded_lines": 0}, "missing_lines": [114, 115, 116, 118, 119, 122, 123, 129, 130, 132, 133, 136, 137, 138, 139, 141, 142, 144, 145, 147, 148, 151, 152, 153, 154, 157, 159, 160, 166, 167, 173, 176, 191, 194, 195, 196, 199, 200, 201, 204, 205, 206, 207, 208, 209, 210, 211, 213, 224, 225, 228, 229, 232, 233, 235, 236, 237, 238, 240, 241, 242, 243, 244, 246], "excluded_lines": []}, "get_checks": {"executed_lines": [], "summary": {"covered_lines": 0, "num_statements": 16, "percent_covered": 0.0, "percent_covered_display": "0", "missing_lines": 16, "excluded_lines": 0}, "missing_lines": [267, 274, 275, 278, 279, 281, 287, 288, 291, 292, 293, 296, 297, 298, 306, 319], "excluded_lines": []}, "get_check": {"executed_lines": [], "summary": {"covered_lines": 0, "num_statements": 15, "percent_covered": 0.0, "percent_covered_display": "0", "missing_lines": 15, "excluded_lines": 0}, "missing_lines": [331, 335, 336, 338, 339, 342, 347, 348, 350, 351, 352, 353, 354, 356, 383], "excluded_lines": []}, "stream_check_progress": {"executed_lines": [], "summary": {"covered_lines": 0, "num_statements": 7, "percent_covered": 0.0, "percent_covered_display": "0", "missing_lines": 7, "excluded_lines": 0}, "missing_lines": [417, 421, 422, 424, 425, 427, 538], "excluded_lines": []}, "stream_check_progress.event_stream": {"executed_lines": [], "summary": {"covered_lines": 0, "num_statements": 69, "percent_covered": 0.0, "percent_covered_display": "0", "missing_lines": 69, "excluded_lines": 0}, "missing_lines": [429, 430, 431, 433, 436, 439, 440, 441, 442, 443, 444, 447, 448, 449, 450, 452, 453, 455, 457, 459, 460, 461, 462, 463, 464, 466, 467, 468, 469, 470, 471, 472, 474, 476, 478, 479, 480, 481, 483, 484, 485, 486, 488, 489, 498, 500, 501, 503, 504, 505, 507, 508, 509, 510, 516, 517, 519, 520, 522, 523, 524, 525, 528, 529, 531, 532, 533, 535, 536], "excluded_lines": []}, "export_check_pdf": {"executed_lines": [], "summary": {"covered_lines": 0, "num_statements": 34, "percent_covered": 0.0, "percent_covered_display": "0", "missing_lines": 34, "excluded_lines": 0}, "missing_lines": [558, 562, 563, 565, 566, 568, 569, 575, 580, 581, 584, 585, 586, 592, 593, 595, 604, 605, 606, 611, 612, 613, 619, 620, 621, 627, 628, 630, 631, 632, 633, 634, 640, 641], "excluded_lines": []}, "": {"executed_lines": [], "summary": {"covered_lines": 0, "num_statements": 51, "percent_covered": 0.0, "percent_covered_display": "0", "missing_lines": 51, "excluded_lines": 0}, "missing_lines": [1, 2, 3, 4, 5, 6, 7, 8, 9, 10, 11, 12, 13, 14, 15, 16, 17, 18, 19, 20, 21, 22, 23, 24, 25, 26, 28, 30, 33, 34, 36, 40, 41, 42, 43, 44, 45, 47, 48, 105, 106, 107, 258, 259, 260, 324, 325, 408, 409, 549, 550], "excluded_lines": []}}, "classes": {"CreateCheckRequest": {"executed_lines": [], "summary": {"covered_lines": 0, "num_statements": 0, "percent_covered": 100.0, "percent_covered_display": "100", "missing_lines": 0, "excluded_lines": 0}, "missing_lines": [], "excluded_lines": []}, "": {"executed_lines": [], "summary": {"covered_lines": 0, "num_statements": 278, "percent_covered": 0.0, "percent_covered_display": "0", "missing_lines": 278, "excluded_lines": 0}, "missing_lines": [1, 2, 3, 4, 5, 6, 7, 8, 9, 10, 11, 12, 13, 14, 15, 16, 17, 18, 19, 20, 21, 22, 23, 24, 25, 26, 28, 30, 33, 34, 36, 38, 40, 41, 42, 43, 44, 45, 47, 48, 55, 56, 62, 63, 64, 65, 71, 72, 73, 74, 79, 82, 83, 84, 86, 87, 88, 90, 98, 99, 100, 105, 106, 107, 114, 115, 116, 118, 119, 122, 123, 129, 130, 132, 133, 136, 137, 138, 139, 141, 142, 144, 145, 147, 148, 151, 152, 153, 154, 157, 159, 160, 166, 167, 173, 176, 191, 194, 195, 196, 199, 200, 201, 204, 205, 206, 207, 208, 209, 210, 211, 213, 224, 225, 228, 229, 232, 233, 235, 236, 237, 238, 240, 241, 242, 243, 244, 246, 258, 259, 260, 267, 274, 275, 278, 279, 281, 287, 288, 291, 292, 293, 296, 297, 298, 306, 319, 324, 325, 331, 335, 336, 338, 339, 342, 347, 348, 350, 351, 352, 353, 354, 356, 383, 408, 409, 417, 421, 422, 424, 425, 427, 429, 430, 431, 433, 436, 439, 440, 441, 442, 443, 444, 447, 448, 449, 450, 452, 453, 455, 457, 459, 460, 461, 462, 463, 464, 466, 467, 468, 469, 470, 471, 472, 474, 476, 478, 479, 480, 481, 483, 484, 485, 486, 488, 489, 498, 500, 501, 503, 504, 505, 507, 508, 509, 510, 516, 517, 519, 520, 522, 523, 524, 525, 528, 529, 531, 532, 533, 535, 536, 538, 549, 550, 558, 562, 563, 565, 566, 568, 569, 575, 580, 581, 584, 585, 586, 592, 593, 595, 604, 605, 606, 611, 612, 613, 619, 620, 621, 627, 628, 630, 631, 632, 633, 634, 640, 641], "excluded_lines": []}}}, "app\\api\\v1\\health.py": {"executed_lines": [], "summary": {"covered_lines": 0, "num_statements": 61, "percent_covered": 0.0, "percent_covered_display": "0", "missing_lines": 61, "excluded_lines": 0}, "missing_lines": [1, 2, 3, 4, 5, 6, 7, 8, 10, 12, 13, 14, 20, 21, 22, 25, 26, 27, 28, 29, 32, 33, 34, 35, 36, 37, 38, 40, 42, 47, 48, 60, 61, 62, 65, 66, 67, 68, 70, 71, 73, 74, 75, 77, 87, 88, 89, 90, 91, 92, 94, 96, 97, 109, 110, 112, 113, 114, 116, 118, 119], "excluded_lines": [], "functions": {"health_check": {"executed_lines": [], "summary": {"covered_lines": 0, "num_statements": 1, "percent_covered": 0.0, "percent_covered_display": "0", "missing_lines": 1, "excluded_lines": 0}, "missing_lines": [14], "excluded_lines": []}, "readiness_check": {"executed_lines": [], "summary": {"covered_lines": 0, "num_statements": 15, "percent_covered": 0.0, "percent_covered_display": "0", "missing_lines": 15, "excluded_lines": 0}, "missing_lines": [22, 25, 26, 27, 28, 29, 32, 33, 34, 35, 36, 37, 38, 40, 42], "excluded_lines": []}, "get_cache_metrics": {"executed_lines": [], "summary": {"covered_lines": 0, "num_statements": 12, "percent_covered": 0.0, "percent_covered_display": "0", "missing_lines": 12, "excluded_lines": 0}, "missing_lines": [60, 61, 62, 65, 66, 67, 68, 70, 71, 73, 74, 75], "excluded_lines": []}, "_evaluate_cache_performance": {"executed_lines": [], "summary": {"covered_lines": 0, "num_statements": 7, "percent_covered": 0.0, "percent_covered_display": "0", "missing_lines": 7, "excluded_lines": 0}, "missing_lines": [87, 88, 89, 90, 91, 92, 94], "excluded_lines": []}, "get_circuit_breakers": {"executed_lines": [], "summary": {"covered_lines": 0, "num_statements": 8, "percent_covered": 0.0, "percent_covered_display": "0", "missing_lines": 8, "excluded_lines": 0}, "missing_lines": [109, 110, 112, 113, 114, 116, 118, 119], "excluded_lines": []}, "": {"executed_lines": [], "summary": {"covered_lines": 0, "num_statements": 18, "percent_covered": 0.0, "percent_covered_display": "0", "missing_lines": 18, "excluded_lines": 0}, "missing_lines": [1, 2, 3, 4, 5, 6, 7, 8, 10, 12, 13, 20, 21, 47, 48, 77, 96, 97], "excluded_lines": []}}, "classes": {"": {"executed_lines": [], "summary": {"covered_lines": 0, "num_statements": 61, "percent_covered": 0.0, "percent_covered_display": "0", "missing_lines": 61, "excluded_lines": 0}, "missing_lines": [1, 2, 3, 4, 5, 6, 7, 8, 10, 12, 13, 14, 20, 21, 22, 25, 26, 27, 28, 29, 32, 33, 34, 35, 36, 37, 38, 40, 42, 47, 48, 60, 61, 62, 65, 66, 67, 68, 70, 71, 73, 74, 75, 77, 87, 88, 89, 90, 91, 92, 94, 96, 97, 109, 110, 112, 113, 114, 116, 118, 119], "excluded_lines": []}}}, "app\\api\\v1\\payments.py": {"executed_lines": [], "summary": {"covered_lines": 0, "num_statements": 222, "percent_covered": 0.0, "percent_covered_display": "0", "missing_lines": 222, "excluded_lines": 0}, "missing_lines": [1, 2, 3, 4, 5, 6, 7, 8, 9, 10, 11, 12, 14, 17, 18, 20, 22, 23, 24, 26, 27, 28, 30, 31, 37, 39, 40, 41, 43, 44, 47, 51, 52, 54, 55, 61, 82, 87, 88, 89, 90, 91, 92, 94, 95, 100, 101, 103, 104, 107, 108, 109, 110, 111, 112, 115, 116, 117, 119, 120, 121, 123, 124, 125, 128, 130, 132, 134, 135, 137, 138, 139, 142, 143, 146, 147, 148, 150, 151, 152, 156, 159, 160, 161, 164, 165, 166, 169, 170, 171, 172, 174, 175, 176, 177, 178, 181, 184, 185, 186, 189, 205, 208, 209, 211, 212, 214, 216, 219, 220, 221, 223, 224, 225, 228, 229, 232, 235, 238, 239, 241, 242, 243, 244, 245, 246, 248, 249, 251, 253, 256, 257, 258, 260, 261, 262, 265, 266, 269, 270, 271, 273, 274, 277, 278, 280, 281, 286, 287, 288, 290, 291, 294, 298, 299, 301, 302, 310, 321, 322, 327, 328, 329, 332, 336, 337, 339, 340, 342, 344, 349, 351, 352, 353, 355, 356, 369, 371, 372, 373, 375, 376, 379, 382, 383, 386, 388, 394, 397, 398, 399, 401, 404, 409, 411, 412, 413, 414, 415, 416, 418, 419, 429, 431, 432, 433, 435, 436, 439, 443, 444, 446, 447, 453, 458, 460, 469, 470, 471, 472, 473, 474], "excluded_lines": [], "functions": {"create_checkout_session": {"executed_lines": [], "summary": {"covered_lines": 0, "num_statements": 19, "percent_covered": 0.0, "percent_covered_display": "0", "missing_lines": 19, "excluded_lines": 0}, "missing_lines": [37, 39, 40, 41, 43, 44, 47, 51, 52, 54, 55, 61, 82, 87, 88, 89, 90, 91, 92], "excluded_lines": []}, "stripe_webhook": {"executed_lines": [], "summary": {"covered_lines": 0, "num_statements": 21, "percent_covered": 0.0, "percent_covered_display": "0", "missing_lines": 21, "excluded_lines": 0}, "missing_lines": [100, 101, 103, 104, 107, 108, 109, 110, 111, 112, 115, 116, 117, 119, 120, 121, 123, 124, 125, 128, 130], "excluded_lines": []}, "handle_successful_payment": {"executed_lines": [], "summary": {"covered_lines": 0, "num_statements": 39, "percent_covered": 0.0, "percent_covered_display": "0", "missing_lines": 39, "excluded_lines": 0}, "missing_lines": [134, 135, 137, 138, 139, 142, 143, 146, 147, 148, 150, 151, 152, 156, 159, 160, 161, 164, 165, 166, 169, 170, 171, 172, 174, 175, 176, 177, 178, 181, 184, 185, 186, 189, 205, 208, 209, 211, 212], "excluded_lines": []}, "handle_subscription_updated": {"executed_lines": [], "summary": {"covered_lines": 0, "num_statements": 21, "percent_covered": 0.0, "percent_covered_display": "0", "missing_lines": 21, "excluded_lines": 0}, "missing_lines": [216, 219, 220, 221, 223, 224, 225, 228, 229, 232, 235, 238, 239, 241, 242, 243, 244, 245, 246, 248, 249], "excluded_lines": []}, "handle_subscription_cancelled": {"executed_lines": [], "summary": {"covered_lines": 0, "num_statements": 16, "percent_covered": 0.0, "percent_covered_display": "0", "missing_lines": 16, "excluded_lines": 0}, "missing_lines": [253, 256, 257, 258, 260, 261, 262, 265, 266, 269, 270, 271, 273, 274, 277, 278], "excluded_lines": []}, "get_subscription_status": {"executed_lines": [], "summary": {"covered_lines": 0, "num_statements": 11, "percent_covered": 0.0, "percent_covered_display": "0", "missing_lines": 11, "excluded_lines": 0}, "missing_lines": [286, 287, 288, 290, 291, 294, 298, 299, 301, 302, 310], "excluded_lines": []}, "cancel_subscription": {"executed_lines": [], "summary": {"covered_lines": 0, "num_statements": 14, "percent_covered": 0.0, "percent_covered_display": "0", "missing_lines": 14, "excluded_lines": 0}, "missing_lines": [327, 328, 329, 332, 336, 337, 339, 340, 342, 344, 349, 351, 352, 353], "excluded_lines": []}, "create_billing_portal_session": {"executed_lines": [], "summary": {"covered_lines": 0, "num_statements": 24, "percent_covered": 0.0, "percent_covered_display": "0", "missing_lines": 24, "excluded_lines": 0}, "missing_lines": [369, 371, 372, 373, 375, 376, 379, 382, 383, 386, 388, 394, 397, 398, 399, 401, 404, 409, 411, 412, 413, 414, 415, 416], "excluded_lines": []}, "reactivate_subscription": {"executed_lines": [], "summary": {"covered_lines": 0, "num_statements": 20, "percent_covered": 0.0, "percent_covered_display": "0", "missing_lines": 20, "excluded_lines": 0}, "missing_lines": [429, 431, 432, 433, 435, 436, 439, 443, 444, 446, 447, 453, 458, 460, 469, 470, 471, 472, 473, 474], "excluded_lines": []}, "": {"executed_lines": [], "summary": {"covered_lines": 0, "num_statements": 37, "percent_covered": 0.0, "percent_covered_display": "0", "missing_lines": 37, "excluded_lines": 0}, "missing_lines": [1, 2, 3, 4, 5, 6, 7, 8, 9, 10, 11, 12, 14, 17, 18, 20, 22, 23, 24, 26, 27, 28, 30, 31, 94, 95, 132, 214, 251, 280, 281, 321, 322, 355, 356, 418, 419], "excluded_lines": []}}, "classes": {"CreateCheckoutRequest": {"executed_lines": [], "summary": {"covered_lines": 0, "num_statements": 0, "percent_covered": 100.0, "percent_covered_display": "100", "missing_lines": 0, "excluded_lines": 0}, "missing_lines": [], "excluded_lines": []}, "CheckoutResponse": {"executed_lines": [], "summary": {"covered_lines": 0, "num_statements": 0, "percent_covered": 100.0, "percent_covered_display": "100", "missing_lines": 0, "excluded_lines": 0}, "missing_lines": [], "excluded_lines": []}, "": {"executed_lines": [], "summary": {"covered_lines": 0, "num_statements": 222, "percent_covered": 0.0, "percent_covered_display": "0", "missing_lines": 222, "excluded_lines": 0}, "missing_lines": [1, 2, 3, 4, 5, 6, 7, 8, 9, 10, 11, 12, 14, 17, 18, 20, 22, 23, 24, 26, 27, 28, 30, 31, 37, 39, 40, 41, 43, 44, 47, 51, 52, 54, 55, 61, 82, 87, 88, 89, 90, 91, 92, 94, 95, 100, 101, 103, 104, 107, 108, 109, 110, 111, 112, 115, 116, 117, 119, 120, 121, 123, 124, 125, 128, 130, 132, 134, 135, 137, 138, 139, 142, 143, 146, 147, 148, 150, 151, 152, 156, 159, 160, 161, 164, 165, 166, 169, 170, 171, 172, 174, 175, 176, 177, 178, 181, 184, 185, 186, 189, 205, 208, 209, 211, 212, 214, 216, 219, 220, 221, 223, 224, 225, 228, 229, 232, 235, 238, 239, 241, 242, 243, 244, 245, 246, 248, 249, 251, 253, 256, 257, 258, 260, 261, 262, 265, 266, 269, 270, 271, 273, 274, 277, 278, 280, 281, 286, 287, 288, 290, 291, 294, 298, 299, 301, 302, 310, 321, 322, 327, 328, 329, 332, 336, 337, 339, 340, 342, 344, 349, 351, 352, 353, 355, 356, 369, 371, 372, 373, 375, 376, 379, 382, 383, 386, 388, 394, 397, 398, 399, 401, 404, 409, 411, 412, 413, 414, 415, 416, 418, 419, 429, 431, 432, 433, 435, 436, 439, 443, 444, 446, 447, 453, 458, 460, 469, 470, 471, 472, 473, 474], "excluded_lines": []}}}, "app\\api\\v1\\users.py": {"executed_lines": [], "summary": {"covered_lines": 0, "num_statements": 145, "percent_covered": 0.0, "percent_covered_display": "0", "missing_lines": 145, "excluded_lines": 0}, "missing_lines": [1, 2, 3, 4, 5, 6, 7, 8, 9, 10, 11, 14, 15, 17, 19, 20, 25, 26, 27, 30, 32, 33, 34, 39, 45, 46, 47, 48, 49, 50, 51, 54, 55, 56, 59, 63, 64, 67, 68, 76, 83, 98, 99, 104, 105, 106, 109, 111, 112, 113, 118, 124, 125, 126, 127, 128, 129, 130, 133, 137, 138, 141, 142, 149, 155, 163, 164, 165, 166, 169, 170, 173, 174, 179, 186, 187, 189, 192, 193, 197, 201, 202, 204, 207, 208, 213, 218, 219, 221, 224, 225, 230, 231, 232, 234, 235, 237, 244, 245, 261, 263, 265, 266, 267, 269, 270, 276, 280, 281, 283, 284, 285, 287, 288, 289, 291, 292, 293, 297, 298, 299, 301, 303, 304, 305, 307, 309, 312, 315, 318, 321, 324, 327, 330, 333, 334, 336, 338, 343, 344, 345, 346, 347, 348, 349], "excluded_lines": [], "functions": {"get_profile": {"executed_lines": [], "summary": {"covered_lines": 0, "num_statements": 25, "percent_covered": 0.0, "percent_covered_display": "0", "missing_lines": 25, "excluded_lines": 0}, "missing_lines": [25, 26, 27, 30, 32, 33, 34, 39, 45, 46, 47, 48, 49, 50, 51, 54, 55, 56, 59, 63, 64, 67, 68, 76, 83], "excluded_lines": []}, "get_usage": {"executed_lines": [], "summary": {"covered_lines": 0, "num_statements": 22, "percent_covered": 0.0, "percent_covered_display": "0", "missing_lines": 22, "excluded_lines": 0}, "missing_lines": [104, 105, 106, 109, 111, 112, 113, 118, 124, 125, 126, 127, 128, 129, 130, 133, 137, 138, 141, 142, 149, 155], "excluded_lines": []}, "register_push_token": {"executed_lines": [], "summary": {"covered_lines": 0, "num_statements": 4, "percent_covered": 0.0, "percent_covered_display": "0", "missing_lines": 4, "excluded_lines": 0}, "missing_lines": [179, 186, 187, 189], "excluded_lines": []}, "unregister_push_token": {"executed_lines": [], "summary": {"covered_lines": 0, "num_statements": 4, "percent_covered": 0.0, "percent_covered_display": "0", "missing_lines": 4, "excluded_lines": 0}, "missing_lines": [197, 201, 202, 204], "excluded_lines": []}, "update_notification_preferences": {"executed_lines": [], "summary": {"covered_lines": 0, "num_statements": 4, "percent_covered": 0.0, "percent_covered_display": "0", "missing_lines": 4, "excluded_lines": 0}, "missing_lines": [213, 218, 219, 221], "excluded_lines": []}, "get_notification_preferences": {"executed_lines": [], "summary": {"covered_lines": 0, "num_statements": 6, "percent_covered": 0.0, "percent_covered_display": "0", "missing_lines": 6, "excluded_lines": 0}, "missing_lines": [230, 231, 232, 234, 235, 237], "excluded_lines": []}, "delete_user_account": {"executed_lines": [], "summary": {"covered_lines": 0, "num_statements": 46, "percent_covered": 0.0, "percent_covered_display": "0", "missing_lines": 46, "excluded_lines": 0}, "missing_lines": [261, 263, 265, 266, 267, 269, 270, 276, 280, 281, 283, 284, 285, 287, 288, 289, 291, 292, 293, 297, 298, 299, 301, 303, 304, 305, 307, 309, 312, 315, 318, 321, 324, 327, 330, 333, 334, 336, 338, 343, 344, 345, 346, 347, 348, 349], "excluded_lines": []}, "": {"executed_lines": [], "summary": {"covered_lines": 0, "num_statements": 34, "percent_covered": 0.0, "percent_covered_display": "0", "missing_lines": 34, "excluded_lines": 0}, "missing_lines": [1, 2, 3, 4, 5, 6, 7, 8, 9, 10, 11, 14, 15, 17, 19, 20, 98, 99, 163, 164, 165, 166, 169, 170, 173, 174, 192, 193, 207, 208, 224, 225, 244, 245], "excluded_lines": []}}, "classes": {"PushTokenRequest": {"executed_lines": [], "summary": {"covered_lines": 0, "num_statements": 0, "percent_covered": 100.0, "percent_covered_display": "100", "missing_lines": 0, "excluded_lines": 0}, "missing_lines": [], "excluded_lines": []}, "NotificationPreferencesRequest": {"executed_lines": [], "summary": {"covered_lines": 0, "num_statements": 0, "percent_covered": 100.0, "percent_covered_display": "100", "missing_lines": 0, "excluded_lines": 0}, "missing_lines": [], "excluded_lines": []}, "": {"executed_lines": [], "summary": {"covered_lines": 0, "num_statements": 145, "percent_covered": 0.0, "percent_covered_display": "0", "missing_lines": 145, "excluded_lines": 0}, "missing_lines": [1, 2, 3, 4, 5, 6, 7, 8, 9, 10, 11, 14, 15, 17, 19, 20, 25, 26, 27, 30, 32, 33, 34, 39, 45, 46, 47, 48, 49, 50, 51, 54, 55, 56, 59, 63, 64, 67, 68, 76, 83, 98, 99, 104, 105, 106, 109, 111, 112, 113, 118, 124, 125, 126, 127, 128, 129, 130, 133, 137, 138, 141, 142, 149, 155, 163, 164, 165, 166, 169, 170, 173, 174, 179, 186, 187, 189, 192, 193, 197, 201, 202, 204, 207, 208, 213, 218, 219, 221, 224, 225, 230, 231, 232, 234, 235, 237, 244, 245, 261, 263, 265, 266, 267, 269, 270, 276, 280, 281, 283, 284, 285, 287, 288, 289, 291, 292, 293, 297, 298, 299, 301, 303, 304, 305, 307, 309, 312, 315, 318, 321, 324, 327, 330, 333, 334, 336, 338, 343, 344, 345, 346, 347, 348, 349], "excluded_lines": []}}}, "app\\core\\__init__.py": {"executed_lines": [0], "summary": {"covered_lines": 0, "num_statements": 0, "percent_covered": 100.0, "percent_covered_display": "100", "missing_lines": 0, "excluded_lines": 0}, "missing_lines": [], "excluded_lines": [], "functions": {"": {"executed_lines": [], "summary": {"covered_lines": 0, "num_statements": 0, "percent_covered": 100.0, "percent_covered_display": "100", "missing_lines": 0, "excluded_lines": 0}, "missing_lines": [], "excluded_lines": []}}, "classes": {"": {"executed_lines": [], "summary": {"covered_lines": 0, "num_statements": 0, "percent_covered": 100.0, "percent_covered_display": "100", "missing_lines": 0, "excluded_lines": 0}, "missing_lines": [], "excluded_lines": []}}}, "app\\core\\auth.py": {"executed_lines": [], "summary": {"covered_lines": 0, "num_statements": 66, "percent_covered": 0.0, "percent_covered_display": "0", "missing_lines": 66, "excluded_lines": 0}, "missing_lines": [1, 2, 3, 4, 5, 6, 7, 9, 12, 19, 21, 23, 27, 28, 37, 38, 39, 43, 44, 49, 50, 52, 69, 70, 73, 74, 76, 77, 84, 85, 88, 89, 92, 93, 94, 97, 98, 101, 102, 103, 104, 107, 108, 111, 112, 114, 116, 122, 129, 130, 131, 136, 138, 149, 152, 153, 156, 157, 158, 160, 161, 167, 169, 170, 171, 176], "excluded_lines": [], "functions": {"_verify_jwt_token": {"executed_lines": [], "summary": {"covered_lines": 0, "num_statements": 9, "percent_covered": 0.0, "percent_covered_display": "0", "missing_lines": 9, "excluded_lines": 0}, "missing_lines": [21, 23, 27, 28, 37, 38, 39, 43, 44], "excluded_lines": []}, "verify_token": {"executed_lines": [], "summary": {"covered_lines": 0, "num_statements": 1, "percent_covered": 0.0, "percent_covered_display": "0", "missing_lines": 1, "excluded_lines": 0}, "missing_lines": [50], "excluded_lines": []}, "_fetch_user_data_from_clerk": {"executed_lines": [], "summary": {"covered_lines": 0, "num_statements": 25, "percent_covered": 0.0, "percent_covered_display": "0", "missing_lines": 25, "excluded_lines": 0}, "missing_lines": [69, 70, 73, 74, 76, 77, 84, 85, 88, 89, 92, 93, 94, 97, 98, 101, 102, 103, 104, 107, 108, 111, 112, 114, 116], "excluded_lines": []}, "get_current_user": {"executed_lines": [], "summary": {"covered_lines": 0, "num_statements": 4, "percent_covered": 0.0, "percent_covered_display": "0", "missing_lines": 4, "excluded_lines": 0}, "missing_lines": [129, 130, 131, 136], "excluded_lines": []}, "get_current_user_sse": {"executed_lines": [], "summary": {"covered_lines": 0, "num_statements": 13, "percent_covered": 0.0, "percent_covered_display": "0", "missing_lines": 13, "excluded_lines": 0}, "missing_lines": [149, 152, 153, 156, 157, 158, 160, 161, 167, 169, 170, 171, 176], "excluded_lines": []}, "": {"executed_lines": [], "summary": {"covered_lines": 0, "num_statements": 14, "percent_covered": 0.0, "percent_covered_display": "0", "missing_lines": 14, "excluded_lines": 0}, "missing_lines": [1, 2, 3, 4, 5, 6, 7, 9, 12, 19, 49, 52, 122, 138], "excluded_lines": []}}, "classes": {"": {"executed_lines": [], "summary": {"covered_lines": 0, "num_statements": 66, "percent_covered": 0.0, "percent_covered_display": "0", "missing_lines": 66, "excluded_lines": 0}, "missing_lines": [1, 2, 3, 4, 5, 6, 7, 9, 12, 19, 21, 23, 27, 28, 37, 38, 39, 43, 44, 49, 50, 52, 69, 70, 73, 74, 76, 77, 84, 85, 88, 89, 92, 93, 94, 97, 98, 101, 102, 103, 104, 107, 108, 111, 112, 114, 116, 122, 129, 130, 131, 136, 138, 149, 152, 153, 156, 157, 158, 160, 161, 167, 169, 170, 171, 176], "excluded_lines": []}}}, "app\\core\\config.py": {"executed_lines": [1, 2, 3, 5, 7, 10, 13, 14, 17, 18, 19, 22, 23, 24, 25, 26, 29, 30, 31, 32, 35, 36, 37, 38, 41, 42, 45, 46, 47, 48, 54, 55, 58, 59, 62, 63, 64, 67, 68, 69, 73, 74, 75, 76, 77, 78, 79, 82, 83, 86, 87, 90, 91, 94, 95, 98, 99, 102, 103, 104, 105, 106, 109, 112, 113, 114, 117, 118, 119, 123, 124, 125, 128, 129, 133, 136, 139, 143, 144, 145, 148, 149, 150, 153, 154, 155, 157, 158, 167, 168, 169, 171], "summary": {"covered_lines": 92, "num_statements": 95, "percent_covered": 96.84210526315789, "percent_covered_display": "97", "missing_lines": 3, "excluded_lines": 0}, "missing_lines": [160, 164, 165], "excluded_lines": [], "functions": {"Settings.nli_model_name": {"executed_lines": [], "summary": {"covered_lines": 0, "num_statements": 3, "percent_covered": 0.0, "percent_covered_display": "0", "missing_lines": 3, "excluded_lines": 0}, "missing_lines": [160, 164, 165], "excluded_lines": []}, "": {"executed_lines": [1, 2, 3, 5, 7, 10, 13, 14, 17, 18, 19, 22, 23, 24, 25, 26, 29, 30, 31, 32, 35, 36, 37, 38, 41, 42, 45, 46, 47, 48, 54, 55, 58, 59, 62, 63, 64, 67, 68, 69, 73, 74, 75, 76, 77, 78, 79, 82, 83, 86, 87, 90, 91, 94, 95, 98, 99, 102, 103, 104, 105, 106, 109, 112, 113, 114, 117, 118, 119, 123, 124, 125, 128, 129, 133, 136, 139, 143, 144, 145, 148, 149, 150, 153, 154, 155, 157, 158, 167, 168, 169, 171], "summary": {"covered_lines": 92, "num_statements": 92, "percent_covered": 100.0, "percent_covered_display": "100", "missing_lines": 0, "excluded_lines": 0}, "missing_lines": [], "excluded_lines": []}}, "classes": {"Settings": {"executed_lines": [], "summary": {"covered_lines": 0, "num_statements": 3, "percent_covered": 0.0, "percent_covered_display": "0", "missing_lines": 3, "excluded_lines": 0}, "missing_lines": [160, 164, 165], "excluded_lines": []}, "Settings.Config": {"executed_lines": [], "summary": {"covered_lines": 0, "num_statements": 0, "percent_covered": 100.0, "percent_covered_display": "100", "missing_lines": 0, "excluded_lines": 0}, "missing_lines": [], "excluded_lines": []}, "": {"executed_lines": [1, 2, 3, 5, 7, 10, 13, 14, 17, 18, 19, 22, 23, 24, 25, 26, 29, 30, 31, 32, 35, 36, 37, 38, 41, 42, 45, 46, 47, 48, 54, 55, 58, 59, 62, 63, 64, 67, 68, 69, 73, 74, 75, 76, 77, 78, 79, 82, 83, 86, 87, 90, 91, 94, 95, 98, 99, 102, 103, 104, 105, 106, 109, 112, 113, 114, 117, 118, 119, 123, 124, 125, 128, 129, 133, 136, 139, 143, 144, 145, 148, 149, 150, 153, 154, 155, 157, 158, 167, 168, 169, 171], "summary": {"covered_lines": 92, "num_statements": 92, "percent_covered": 100.0, "percent_covered_display": "100", "missing_lines": 0, "excluded_lines": 0}, "missing_lines": [], "excluded_lines": []}}}, "app\\core\\database.py": {"executed_lines": [], "summary": {"covered_lines": 0, "num_statements": 15, "percent_covered": 0.0, "percent_covered_display": "0", "missing_lines": 15, "excluded_lines": 0}, "missing_lines": [1, 2, 3, 4, 7, 16, 21, 22, 30, 34, 35, 36, 38, 39, 40], "excluded_lines": [], "functions": {"init_db": {"executed_lines": [], "summary": {"covered_lines": 0, "num_statements": 2, "percent_covered": 0.0, "percent_covered_display": "0", "missing_lines": 2, "excluded_lines": 0}, "missing_lines": [35, 36], "excluded_lines": []}, "get_session": {"executed_lines": [], "summary": {"covered_lines": 0, "num_statements": 2, "percent_covered": 0.0, "percent_covered_display": "0", "missing_lines": 2, "excluded_lines": 0}, "missing_lines": [39, 40], "excluded_lines": []}, "": {"executed_lines": [], "summary": {"covered_lines": 0, "num_statements": 11, "percent_covered": 0.0, "percent_covered_display": "0", "missing_lines": 11, "excluded_lines": 0}, "missing_lines": [1, 2, 3, 4, 7, 16, 21, 22, 30, 34, 38], "excluded_lines": []}}, "classes": {"": {"executed_lines": [], "summary": {"covered_lines": 0, "num_statements": 15, "percent_covered": 0.0, "percent_covered_display": "0", "missing_lines": 15, "excluded_lines": 0}, "missing_lines": [1, 2, 3, 4, 7, 16, 21, 22, 30, 34, 35, 36, 38, 39, 40], "excluded_lines": []}}}, "app\\core\\logging.py": {"executed_lines": [], "summary": {"covered_lines": 0, "num_statements": 8, "percent_covered": 0.0, "percent_covered_display": "0", "missing_lines": 8, "excluded_lines": 0}, "missing_lines": [1, 2, 3, 5, 6, 8, 17, 18], "excluded_lines": [], "functions": {"setup_logging": {"executed_lines": [], "summary": {"covered_lines": 0, "num_statements": 4, "percent_covered": 0.0, "percent_covered_display": "0", "missing_lines": 4, "excluded_lines": 0}, "missing_lines": [6, 8, 17, 18], "excluded_lines": []}, "": {"executed_lines": [], "summary": {"covered_lines": 0, "num_statements": 4, "percent_covered": 0.0, "percent_covered_display": "0", "missing_lines": 4, "excluded_lines": 0}, "missing_lines": [1, 2, 3, 5], "excluded_lines": []}}, "classes": {"": {"executed_lines": [], "summary": {"covered_lines": 0, "num_statements": 8, "percent_covered": 0.0, "percent_covered_display": "0", "missing_lines": 8, "excluded_lines": 0}, "missing_lines": [1, 2, 3, 5, 6, 8, 17, 18], "excluded_lines": []}}}, "app\\models\\__init__.py": {"executed_lines": [1, 2, 3, 5], "summary": {"covered_lines": 4, "num_statements": 4, "percent_covered": 100.0, "percent_covered_display": "100", "missing_lines": 0, "excluded_lines": 0}, "missing_lines": [], "excluded_lines": [], "functions": {"": {"executed_lines": [1, 2, 3, 5], "summary": {"covered_lines": 4, "num_statements": 4, "percent_covered": 100.0, "percent_covered_display": "100", "missing_lines": 0, "excluded_lines": 0}, "missing_lines": [], "excluded_lines": []}}, "classes": {"": {"executed_lines": [1, 2, 3, 5], "summary": {"covered_lines": 4, "num_statements": 4, "percent_covered": 100.0, "percent_covered_display": "100", "missing_lines": 0, "excluded_lines": 0}, "missing_lines": [], "excluded_lines": []}}}, "app\\models\\check.py": {"executed_lines": [1, 2, 3, 4, 5, 6, 8, 11, 12, 13, 14, 15, 16, 17, 18, 19, 20, 21, 22, 25, 26, 29, 30, 31, 32, 33, 36, 41, 45, 51, 58, 63, 67, 75, 76, 78, 79, 80, 81, 82, 83, 84, 85, 86, 89, 90, 91, 94, 95, 96, 97, 100, 101, 104, 105, 106, 109, 110, 111, 112, 115, 116, 118, 119, 120, 121, 122, 123, 124, 125, 126, 127, 128, 131, 132, 133, 136, 137, 138, 141, 142, 143, 144, 145, 148, 149, 150, 151, 154, 155, 156, 157, 158, 161, 162, 163, 164, 165, 166, 167, 170, 175, 182, 186, 193], "summary": {"covered_lines": 105, "num_statements": 106, "percent_covered": 99.05660377358491, "percent_covered_display": "99", "missing_lines": 1, "excluded_lines": 0}, "missing_lines": [9], "excluded_lines": [], "functions": {"generate_uuid": {"executed_lines": [], "summary": {"covered_lines": 0, "num_statements": 1, "percent_covered": 0.0, "percent_covered_display": "0", "missing_lines": 1, "excluded_lines": 0}, "missing_lines": [9], "excluded_lines": []}, "": {"executed_lines": [1, 2, 3, 4, 5, 6, 8, 11, 12, 13, 14, 15, 16, 17, 18, 19, 20, 21, 22, 25, 26, 29, 30, 31, 32, 33, 36, 41, 45, 51, 58, 63, 67, 75, 76, 78, 79, 80, 81, 82, 83, 84, 85, 86, 89, 90, 91, 94, 95, 96, 97, 100, 101, 104, 105, 106, 109, 110, 111, 112, 115, 116, 118, 119, 120, 121, 122, 123, 124, 125, 126, 127, 128, 131, 132, 133, 136, 137, 138, 141, 142, 143, 144, 145, 148, 149, 150, 151, 154, 155, 156, 157, 158, 161, 162, 163, 164, 165, 166, 167, 170, 175, 182, 186, 193], "summary": {"covered_lines": 105, "num_statements": 105, "percent_covered": 100.0, "percent_covered_display": "100", "missing_lines": 0, "excluded_lines": 0}, "missing_lines": [], "excluded_lines": []}}, "classes": {"Check": {"executed_lines": [], "summary": {"covered_lines": 0, "num_statements": 0, "percent_covered": 100.0, "percent_covered_display": "100", "missing_lines": 0, "excluded_lines": 0}, "missing_lines": [], "excluded_lines": []}, "Claim": {"executed_lines": [], "summary": {"covered_lines": 0, "num_statements": 0, "percent_covered": 100.0, "percent_covered_display": "100", "missing_lines": 0, "excluded_lines": 0}, "missing_lines": [], "excluded_lines": []}, "Evidence": {"executed_lines": [], "summary": {"covered_lines": 0, "num_statements": 0, "percent_covered": 100.0, "percent_covered_display": "100", "missing_lines": 0, "excluded_lines": 0}, "missing_lines": [], "excluded_lines": []}, "": {"executed_lines": [1, 2, 3, 4, 5, 6, 8, 11, 12, 13, 14, 15, 16, 17, 18, 19, 20, 21, 22, 25, 26, 29, 30, 31, 32, 33, 36, 41, 45, 51, 58, 63, 67, 75, 76, 78, 79, 80, 81, 82, 83, 84, 85, 86, 89, 90, 91, 94, 95, 96, 97, 100, 101, 104, 105, 106, 109, 110, 111, 112, 115, 116, 118, 119, 120, 121, 122, 123, 124, 125, 126, 127, 128, 131, 132, 133, 136, 137, 138, 141, 142, 143, 144, 145, 148, 149, 150, 151, 154, 155, 156, 157, 158, 161, 162, 163, 164, 165, 166, 167, 170, 175, 182, 186, 193], "summary": {"covered_lines": 105, "num_statements": 106, "percent_covered": 99.05660377358491, "percent_covered_display": "99", "missing_lines": 1, "excluded_lines": 0}, "missing_lines": [9], "excluded_lines": []}}}, "app\\models\\unknown_source.py": {"executed_lines": [1, 8, 9, 10, 11, 12, 14, 17, 18, 24, 26, 27, 28, 31, 32, 33, 36, 37, 38, 41, 42, 43, 44, 45, 48, 49, 50, 51, 53, 54], "summary": {"covered_lines": 28, "num_statements": 29, "percent_covered": 96.55172413793103, "percent_covered_display": "97", "missing_lines": 1, "excluded_lines": 0}, "missing_lines": [15], "excluded_lines": [], "functions": {"generate_uuid": {"executed_lines": [], "summary": {"covered_lines": 0, "num_statements": 1, "percent_covered": 0.0, "percent_covered_display": "0", "missing_lines": 1, "excluded_lines": 0}, "missing_lines": [15], "excluded_lines": []}, "": {"executed_lines": [1, 8, 9, 10, 11, 12, 14, 17, 18, 24, 26, 27, 28, 31, 32, 33, 36, 37, 38, 41, 42, 43, 44, 45, 48, 49, 50, 51, 53, 54], "summary": {"covered_lines": 28, "num_statements": 28, "percent_covered": 100.0, "percent_covered_display": "100", "missing_lines": 0, "excluded_lines": 0}, "missing_lines": [], "excluded_lines": []}}, "classes": {"UnknownSource": {"executed_lines": [], "summary": {"covered_lines": 0, "num_statements": 0, "percent_covered": 100.0, "percent_covered_display": "100", "missing_lines": 0, "excluded_lines": 0}, "missing_lines": [], "excluded_lines": []}, "UnknownSource.Config": {"executed_lines": [], "summary": {"covered_lines": 0, "num_statements": 0, "percent_covered": 100.0, "percent_covered_display": "100", "missing_lines": 0, "excluded_lines": 0}, "missing_lines": [], "excluded_lines": []}, "": {"executed_lines": [1, 8, 9, 10, 11, 12, 14, 17, 18, 24, 26, 27, 28, 31, 32, 33, 36, 37, 38, 41, 42, 43, 44, 45, 48, 49, 50, 51, 53, 54], "summary": {"covered_lines": 28, "num_statements": 29, "percent_covered": 96.55172413793103, "percent_covered_display": "97", "missing_lines": 1, "excluded_lines": 0}, "missing_lines": [15], "excluded_lines": []}}}, "app\\models\\user.py": {"executed_lines": [1, 2, 3, 5, 6, 7, 8, 9, 10, 13, 14, 15, 16, 18, 19, 22, 23, 25, 26, 27, 28, 29, 30, 31, 32, 33, 34, 35, 36, 37, 38, 41], "summary": {"covered_lines": 32, "num_statements": 32, "percent_covered": 100.0, "percent_covered_display": "100", "missing_lines": 0, "excluded_lines": 0}, "missing_lines": [], "excluded_lines": [], "functions": {"": {"executed_lines": [1, 2, 3, 5, 6, 7, 8, 9, 10, 13, 14, 15, 16, 18, 19, 22, 23, 25, 26, 27, 28, 29, 30, 31, 32, 33, 34, 35, 36, 37, 38, 41], "summary": {"covered_lines": 32, "num_statements": 32, "percent_covered": 100.0, "percent_covered_display": "100", "missing_lines": 0, "excluded_lines": 0}, "missing_lines": [], "excluded_lines": []}}, "classes": {"User": {"executed_lines": [], "summary": {"covered_lines": 0, "num_statements": 0, "percent_covered": 100.0, "percent_covered_display": "100", "missing_lines": 0, "excluded_lines": 0}, "missing_lines": [], "excluded_lines": []}, "Subscription": {"executed_lines": [], "summary": {"covered_lines": 0, "num_statements": 0, "percent_covered": 100.0, "percent_covered_display": "100", "missing_lines": 0, "excluded_lines": 0}, "missing_lines": [], "excluded_lines": []}, "": {"executed_lines": [1, 2, 3, 5, 6, 7, 8, 9, 10, 13, 14, 15, 16, 18, 19, 22, 23, 25, 26, 27, 28, 29, 30, 31, 32, 33, 34, 35, 36, 37, 38, 41], "summary": {"covered_lines": 32, "num_statements": 32, "percent_covered": 100.0, "percent_covered_display": "100", "missing_lines": 0, "excluded_lines": 0}, "missing_lines": [], "excluded_lines": []}}}, "app\\pipeline\\__init__.py": {"executed_lines": [], "summary": {"covered_lines": 0, "num_statements": 1, "percent_covered": 0.0, "percent_covered_display": "0", "missing_lines": 1, "excluded_lines": 0}, "missing_lines": [11], "excluded_lines": [], "functions": {"": {"executed_lines": [], "summary": {"covered_lines": 0, "num_statements": 1, "percent_covered": 0.0, "percent_covered_display": "0", "missing_lines": 1, "excluded_lines": 0}, "missing_lines": [11], "excluded_lines": []}}, "classes": {"": {"executed_lines": [], "summary": {"covered_lines": 0, "num_statements": 1, "percent_covered": 0.0, "percent_covered_display": "0", "missing_lines": 1, "excluded_lines": 0}, "missing_lines": [11], "excluded_lines": []}}}, "app\\pipeline\\extract.py": {"executed_lines": [], "summary": {"covered_lines": 0, "num_statements": 114, "percent_covered": 0.0, "percent_covered_display": "0", "missing_lines": 114, "excluded_lines": 0}, "missing_lines": [1, 2, 3, 4, 5, 6, 7, 9, 11, 13, 14, 15, 18, 19, 21, 22, 32, 34, 35, 36, 38, 41, 42, 43, 44, 47, 86, 88, 89, 90, 97, 98, 99, 100, 101, 104, 105, 106, 108, 109, 110, 111, 113, 116, 117, 119, 120, 121, 127, 129, 131, 132, 133, 134, 135, 136, 138, 139, 163, 164, 165, 166, 168, 169, 172, 173, 176, 190, 193, 194, 195, 197, 198, 199, 200, 201, 202, 204, 207, 208, 209, 211, 212, 213, 214, 215, 216, 219, 220, 222, 224, 235, 236, 237, 238, 239, 240, 241, 242, 244, 246, 248, 250, 251, 253, 259, 266, 268, 269, 270, 277, 286, 287, 288], "excluded_lines": [], "functions": {"ClaimExtractor.__init__": {"executed_lines": [], "summary": {"covered_lines": 0, "num_statements": 4, "percent_covered": 0.0, "percent_covered_display": "0", "missing_lines": 4, "excluded_lines": 0}, "missing_lines": [42, 43, 44, 47], "excluded_lines": []}, "ClaimExtractor.extract_claims": {"executed_lines": [], "summary": {"covered_lines": 0, "num_statements": 21, "percent_covered": 0.0, "percent_covered_display": "0", "missing_lines": 21, "excluded_lines": 0}, "missing_lines": [88, 89, 90, 97, 98, 99, 100, 101, 104, 105, 106, 108, 109, 110, 111, 113, 116, 117, 119, 120, 121], "excluded_lines": []}, "ClaimExtractor._extract_with_openai": {"executed_lines": [], "summary": {"covered_lines": 0, "num_statements": 50, "percent_covered": 0.0, "percent_covered_display": "0", "missing_lines": 50, "excluded_lines": 0}, "missing_lines": [129, 131, 132, 133, 134, 135, 136, 138, 139, 163, 164, 165, 166, 168, 169, 172, 173, 176, 190, 193, 194, 195, 197, 198, 199, 200, 201, 202, 204, 207, 208, 209, 211, 212, 213, 214, 215, 216, 219, 220, 222, 224, 235, 236, 237, 238, 239, 240, 241, 242], "excluded_lines": []}, "ClaimExtractor._extract_rule_based": {"executed_lines": [], "summary": {"covered_lines": 0, "num_statements": 14, "percent_covered": 0.0, "percent_covered_display": "0", "missing_lines": 14, "excluded_lines": 0}, "missing_lines": [246, 248, 250, 251, 253, 259, 266, 268, 269, 270, 277, 286, 287, 288], "excluded_lines": []}, "": {"executed_lines": [], "summary": {"covered_lines": 0, "num_statements": 25, "percent_covered": 0.0, "percent_covered_display": "0", "missing_lines": 25, "excluded_lines": 0}, "missing_lines": [1, 2, 3, 4, 5, 6, 7, 9, 11, 13, 14, 15, 18, 19, 21, 22, 32, 34, 35, 36, 38, 41, 86, 127, 244], "excluded_lines": []}}, "classes": {"ExtractedClaim": {"executed_lines": [], "summary": {"covered_lines": 0, "num_statements": 0, "percent_covered": 100.0, "percent_covered_display": "100", "missing_lines": 0, "excluded_lines": 0}, "missing_lines": [], "excluded_lines": []}, "ExtractedClaim.Config": {"executed_lines": [], "summary": {"covered_lines": 0, "num_statements": 0, "percent_covered": 100.0, "percent_covered_display": "100", "missing_lines": 0, "excluded_lines": 0}, "missing_lines": [], "excluded_lines": []}, "ClaimExtractionResponse": {"executed_lines": [], "summary": {"covered_lines": 0, "num_statements": 0, "percent_covered": 100.0, "percent_covered_display": "100", "missing_lines": 0, "excluded_lines": 0}, "missing_lines": [], "excluded_lines": []}, "ClaimExtractor": {"executed_lines": [], "summary": {"covered_lines": 0, "num_statements": 89, "percent_covered": 0.0, "percent_covered_display": "0", "missing_lines": 89, "excluded_lines": 0}, "missing_lines": [42, 43, 44, 47, 88, 89, 90, 97, 98, 99, 100, 101, 104, 105, 106, 108, 109, 110, 111, 113, 116, 117, 119, 120, 121, 129, 131, 132, 133, 134, 135, 136, 138, 139, 163, 164, 165, 166, 168, 169, 172, 173, 176, 190, 193, 194, 195, 197, 198, 199, 200, 201, 202, 204, 207, 208, 209, 211, 212, 213, 214, 215, 216, 219, 220, 222, 224, 235, 236, 237, 238, 239, 240, 241, 242, 246, 248, 250, 251, 253, 259, 266, 268, 269, 270, 277, 286, 287, 288], "excluded_lines": []}, "": {"executed_lines": [], "summary": {"covered_lines": 0, "num_statements": 25, "percent_covered": 0.0, "percent_covered_display": "0", "missing_lines": 25, "excluded_lines": 0}, "missing_lines": [1, 2, 3, 4, 5, 6, 7, 9, 11, 13, 14, 15, 18, 19, 21, 22, 32, 34, 35, 36, 38, 41, 86, 127, 244], "excluded_lines": []}}}, "app\\pipeline\\ingest.py": {"executed_lines": [], "summary": {"covered_lines": 0, "num_statements": 115, "percent_covered": 0.0, "percent_covered_display": "0", "missing_lines": 115, "excluded_lines": 0}, "missing_lines": [1, 2, 3, 4, 5, 6, 7, 8, 9, 10, 11, 16, 18, 21, 22, 24, 27, 28, 31, 34, 37, 39, 41, 44, 46, 49, 51, 56, 57, 58, 64, 65, 68, 71, 79, 81, 83, 86, 88, 90, 103, 104, 106, 107, 113, 116, 117, 123, 134, 135, 136, 138, 139, 141, 147, 148, 150, 151, 152, 154, 157, 159, 161, 164, 167, 168, 169, 170, 177, 180, 181, 188, 191, 192, 198, 208, 209, 210, 212, 215, 217, 219, 220, 223, 229, 230, 231, 233, 235, 236, 237, 239, 241, 243, 244, 246, 247, 248, 250, 252, 254, 255, 256, 257, 264, 265, 273, 276, 277, 278, 284, 286, 297, 299, 300], "excluded_lines": [], "functions": {"BaseIngester.__init__": {"executed_lines": [], "summary": {"covered_lines": 0, "num_statements": 1, "percent_covered": 0.0, "percent_covered_display": "0", "missing_lines": 1, "excluded_lines": 0}, "missing_lines": [22], "excluded_lines": []}, "BaseIngester.sanitize_content": {"executed_lines": [], "summary": {"covered_lines": 0, "num_statements": 6, "percent_covered": 0.0, "percent_covered_display": "0", "missing_lines": 6, "excluded_lines": 0}, "missing_lines": [27, 28, 31, 34, 37, 39], "excluded_lines": []}, "UrlIngester.process": {"executed_lines": [], "summary": {"covered_lines": 0, "num_statements": 30, "percent_covered": 0.0, "percent_covered_display": "0", "missing_lines": 30, "excluded_lines": 0}, "missing_lines": [46, 49, 51, 68, 71, 79, 81, 83, 86, 88, 90, 103, 104, 106, 107, 113, 116, 117, 123, 134, 135, 136, 138, 139, 141, 147, 148, 150, 151, 152], "excluded_lines": []}, "UrlIngester.process.fetch_url": {"executed_lines": [], "summary": {"covered_lines": 0, "num_statements": 5, "percent_covered": 0.0, "percent_covered_display": "0", "missing_lines": 5, "excluded_lines": 0}, "missing_lines": [56, 57, 58, 64, 65], "excluded_lines": []}, "ImageIngester.process": {"executed_lines": [], "summary": {"covered_lines": 0, "num_statements": 17, "percent_covered": 0.0, "percent_covered_display": "0", "missing_lines": 17, "excluded_lines": 0}, "missing_lines": [159, 161, 164, 167, 168, 169, 170, 177, 180, 181, 188, 191, 192, 198, 208, 209, 210], "excluded_lines": []}, "VideoIngester.process": {"executed_lines": [], "summary": {"covered_lines": 0, "num_statements": 7, "percent_covered": 0.0, "percent_covered_display": "0", "missing_lines": 7, "excluded_lines": 0}, "missing_lines": [217, 219, 220, 223, 229, 230, 231], "excluded_lines": []}, "VideoIngester._is_youtube_url": {"executed_lines": [], "summary": {"covered_lines": 0, "num_statements": 3, "percent_covered": 0.0, "percent_covered_display": "0", "missing_lines": 3, "excluded_lines": 0}, "missing_lines": [235, 236, 237], "excluded_lines": []}, "VideoIngester._extract_youtube_id": {"executed_lines": [], "summary": {"covered_lines": 0, "num_statements": 7, "percent_covered": 0.0, "percent_covered_display": "0", "missing_lines": 7, "excluded_lines": 0}, "missing_lines": [241, 243, 244, 246, 247, 248, 250], "excluded_lines": []}, "VideoIngester._process_youtube": {"executed_lines": [], "summary": {"covered_lines": 0, "num_statements": 15, "percent_covered": 0.0, "percent_covered_display": "0", "missing_lines": 15, "excluded_lines": 0}, "missing_lines": [254, 255, 256, 257, 264, 265, 273, 276, 277, 278, 284, 286, 297, 299, 300], "excluded_lines": []}, "": {"executed_lines": [], "summary": {"covered_lines": 0, "num_statements": 24, "percent_covered": 0.0, "percent_covered_display": "0", "missing_lines": 24, "excluded_lines": 0}, "missing_lines": [1, 2, 3, 4, 5, 6, 7, 8, 9, 10, 11, 16, 18, 21, 24, 41, 44, 154, 157, 212, 215, 233, 239, 252], "excluded_lines": []}}, "classes": {"BaseIngester": {"executed_lines": [], "summary": {"covered_lines": 0, "num_statements": 7, "percent_covered": 0.0, "percent_covered_display": "0", "missing_lines": 7, "excluded_lines": 0}, "missing_lines": [22, 27, 28, 31, 34, 37, 39], "excluded_lines": []}, "UrlIngester": {"executed_lines": [], "summary": {"covered_lines": 0, "num_statements": 35, "percent_covered": 0.0, "percent_covered_display": "0", "missing_lines": 35, "excluded_lines": 0}, "missing_lines": [46, 49, 51, 56, 57, 58, 64, 65, 68, 71, 79, 81, 83, 86, 88, 90, 103, 104, 106, 107, 113, 116, 117, 123, 134, 135, 136, 138, 139, 141, 147, 148, 150, 151, 152], "excluded_lines": []}, "ImageIngester": {"executed_lines": [], "summary": {"covered_lines": 0, "num_statements": 17, "percent_covered": 0.0, "percent_covered_display": "0", "missing_lines": 17, "excluded_lines": 0}, "missing_lines": [159, 161, 164, 167, 168, 169, 170, 177, 180, 181, 188, 191, 192, 198, 208, 209, 210], "excluded_lines": []}, "VideoIngester": {"executed_lines": [], "summary": {"covered_lines": 0, "num_statements": 32, "percent_covered": 0.0, "percent_covered_display": "0", "missing_lines": 32, "excluded_lines": 0}, "missing_lines": [217, 219, 220, 223, 229, 230, 231, 235, 236, 237, 241, 243, 244, 246, 247, 248, 250, 254, 255, 256, 257, 264, 265, 273, 276, 277, 278, 284, 286, 297, 299, 300], "excluded_lines": []}, "": {"executed_lines": [], "summary": {"covered_lines": 0, "num_statements": 24, "percent_covered": 0.0, "percent_covered_display": "0", "missing_lines": 24, "excluded_lines": 0}, "missing_lines": [1, 2, 3, 4, 5, 6, 7, 8, 9, 10, 11, 16, 18, 21, 24, 41, 44, 154, 157, 212, 215, 233, 239, 252], "excluded_lines": []}}}, "app\\pipeline\\judge.py": {"executed_lines": [], "summary": {"covered_lines": 0, "num_statements": 237, "percent_covered": 0.0, "percent_covered_display": "0", "missing_lines": 237, "excluded_lines": 0}, "missing_lines": [1, 2, 3, 4, 5, 6, 7, 8, 9, 11, 13, 16, 18, 19, 20, 21, 22, 23, 24, 26, 27, 37, 40, 41, 42, 43, 44, 45, 46, 49, 158, 160, 161, 163, 166, 168, 171, 172, 173, 174, 175, 178, 179, 180, 181, 182, 185, 200, 203, 204, 205, 206, 207, 210, 214, 221, 231, 232, 239, 241, 242, 244, 245, 254, 259, 328, 331, 334, 335, 336, 338, 339, 340, 342, 351, 353, 376, 377, 378, 380, 382, 384, 385, 386, 404, 405, 406, 407, 409, 410, 412, 413, 414, 416, 418, 419, 420, 440, 441, 442, 444, 445, 446, 447, 448, 450, 452, 453, 455, 456, 457, 459, 461, 463, 464, 465, 466, 467, 468, 471, 472, 473, 474, 475, 476, 477, 478, 480, 481, 482, 484, 500, 511, 512, 513, 516, 517, 524, 525, 526, 527, 535, 536, 537, 545, 546, 548, 550, 556, 557, 565, 566, 574, 576, 587, 588, 591, 594, 595, 597, 598, 599, 602, 604, 605, 606, 607, 608, 610, 612, 614, 615, 618, 619, 621, 623, 626, 633, 634, 635, 637, 639, 648, 651, 652, 653, 655, 659, 660, 663, 664, 667, 669, 670, 671, 672, 673, 676, 677, 678, 681, 682, 683, 686, 691, 692, 693, 695, 698, 701, 703, 710, 711, 714, 715, 716, 717, 719, 720, 721, 723, 732, 734, 736, 738, 739, 741, 742, 743, 744, 746, 756, 759, 761, 764, 765, 766], "excluded_lines": [], "functions": {"JudgmentResult.__init__": {"executed_lines": [], "summary": {"covered_lines": 0, "num_statements": 7, "percent_covered": 0.0, "percent_covered_display": "0", "missing_lines": 7, "excluded_lines": 0}, "missing_lines": [18, 19, 20, 21, 22, 23, 24], "excluded_lines": []}, "JudgmentResult.to_dict": {"executed_lines": [], "summary": {"covered_lines": 0, "num_statements": 1, "percent_covered": 0.0, "percent_covered_display": "0", "missing_lines": 1, "excluded_lines": 0}, "missing_lines": [27], "excluded_lines": []}, "ClaimJudge.__init__": {"executed_lines": [], "summary": {"covered_lines": 0, "num_statements": 7, "percent_covered": 0.0, "percent_covered_display": "0", "missing_lines": 7, "excluded_lines": 0}, "missing_lines": [41, 42, 43, 44, 45, 46, 49], "excluded_lines": []}, "ClaimJudge.initialize": {"executed_lines": [], "summary": {"covered_lines": 0, "num_statements": 2, "percent_covered": 0.0, "percent_covered_display": "0", "missing_lines": 2, "excluded_lines": 0}, "missing_lines": [160, 161], "excluded_lines": []}, "ClaimJudge.judge_claim": {"executed_lines": [], "summary": {"covered_lines": 0, "num_statements": 29, "percent_covered": 0.0, "percent_covered_display": "0", "missing_lines": 29, "excluded_lines": 0}, "missing_lines": [166, 168, 171, 172, 173, 174, 175, 178, 179, 180, 181, 182, 185, 200, 203, 204, 205, 206, 207, 210, 214, 221, 231, 232, 239, 241, 242, 244, 245], "excluded_lines": []}, "ClaimJudge._get_few_shot_examples": {"executed_lines": [], "summary": {"covered_lines": 0, "num_statements": 1, "percent_covered": 0.0, "percent_covered_display": "0", "missing_lines": 1, "excluded_lines": 0}, "missing_lines": [259], "excluded_lines": []}, "ClaimJudge._prepare_judgment_context": {"executed_lines": [], "summary": {"covered_lines": 0, "num_statements": 14, "percent_covered": 0.0, "percent_covered_display": "0", "missing_lines": 14, "excluded_lines": 0}, "missing_lines": [331, 334, 335, 336, 338, 339, 340, 342, 351, 353, 376, 377, 378, 380], "excluded_lines": []}, "ClaimJudge._judge_with_openai": {"executed_lines": [], "summary": {"covered_lines": 0, "num_statements": 12, "percent_covered": 0.0, "percent_covered_display": "0", "missing_lines": 12, "excluded_lines": 0}, "missing_lines": [384, 385, 386, 404, 405, 406, 407, 409, 410, 412, 413, 414], "excluded_lines": []}, "ClaimJudge._judge_with_anthropic": {"executed_lines": [], "summary": {"covered_lines": 0, "num_statements": 17, "percent_covered": 0.0, "percent_covered_display": "0", "missing_lines": 17, "excluded_lines": 0}, "missing_lines": [418, 419, 420, 440, 441, 442, 444, 445, 446, 447, 448, 450, 452, 453, 455, 456, 457], "excluded_lines": []}, "ClaimJudge._fallback_judgment": {"executed_lines": [], "summary": {"covered_lines": 0, "num_statements": 19, "percent_covered": 0.0, "percent_covered_display": "0", "missing_lines": 19, "excluded_lines": 0}, "missing_lines": [461, 463, 464, 465, 466, 467, 468, 471, 472, 473, 474, 475, 476, 477, 478, 480, 481, 482, 484], "excluded_lines": []}, "ClaimJudge._should_abstain": {"executed_lines": [], "summary": {"covered_lines": 0, "num_statements": 21, "percent_covered": 0.0, "percent_covered_display": "0", "missing_lines": 21, "excluded_lines": 0}, "missing_lines": [511, 512, 513, 516, 517, 524, 525, 526, 527, 535, 536, 537, 545, 546, 548, 550, 556, 557, 565, 566, 574], "excluded_lines": []}, "ClaimJudge._calculate_consensus_strength": {"executed_lines": [], "summary": {"covered_lines": 0, "num_statements": 21, "percent_covered": 0.0, "percent_covered_display": "0", "missing_lines": 21, "excluded_lines": 0}, "missing_lines": [587, 588, 591, 594, 595, 597, 598, 599, 602, 604, 605, 606, 607, 608, 610, 612, 614, 615, 618, 619, 621], "excluded_lines": []}, "ClaimJudge._make_judgment_cache_key": {"executed_lines": [], "summary": {"covered_lines": 0, "num_statements": 4, "percent_covered": 0.0, "percent_covered_display": "0", "missing_lines": 4, "excluded_lines": 0}, "missing_lines": [626, 633, 634, 635], "excluded_lines": []}, "ClaimJudge._result_from_dict": {"executed_lines": [], "summary": {"covered_lines": 0, "num_statements": 1, "percent_covered": 0.0, "percent_covered_display": "0", "missing_lines": 1, "excluded_lines": 0}, "missing_lines": [639], "excluded_lines": []}, "PipelineJudge.__init__": {"executed_lines": [], "summary": {"covered_lines": 0, "num_statements": 2, "percent_covered": 0.0, "percent_covered_display": "0", "missing_lines": 2, "excluded_lines": 0}, "missing_lines": [652, 653], "excluded_lines": []}, "PipelineJudge.judge_all_claims": {"executed_lines": [], "summary": {"covered_lines": 0, "num_statements": 27, "percent_covered": 0.0, "percent_covered_display": "0", "missing_lines": 27, "excluded_lines": 0}, "missing_lines": [659, 660, 663, 664, 667, 669, 710, 711, 714, 715, 716, 717, 719, 720, 721, 723, 732, 734, 736, 738, 739, 741, 742, 743, 744, 746, 756], "excluded_lines": []}, "PipelineJudge.judge_all_claims.judge_single_claim": {"executed_lines": [], "summary": {"covered_lines": 0, "num_statements": 18, "percent_covered": 0.0, "percent_covered_display": "0", "missing_lines": 18, "excluded_lines": 0}, "missing_lines": [670, 671, 672, 673, 676, 677, 678, 681, 682, 683, 686, 691, 692, 693, 695, 698, 701, 703], "excluded_lines": []}, "get_pipeline_judge": {"executed_lines": [], "summary": {"covered_lines": 0, "num_statements": 3, "percent_covered": 0.0, "percent_covered_display": "0", "missing_lines": 3, "excluded_lines": 0}, "missing_lines": [764, 765, 766], "excluded_lines": []}, "": {"executed_lines": [], "summary": {"covered_lines": 0, "num_statements": 31, "percent_covered": 0.0, "percent_covered_display": "0", "missing_lines": 31, "excluded_lines": 0}, "missing_lines": [1, 2, 3, 4, 5, 6, 7, 8, 9, 11, 13, 16, 26, 37, 40, 158, 163, 254, 328, 382, 416, 459, 500, 576, 623, 637, 648, 651, 655, 759, 761], "excluded_lines": []}}, "classes": {"JudgmentResult": {"executed_lines": [], "summary": {"covered_lines": 0, "num_statements": 8, "percent_covered": 0.0, "percent_covered_display": "0", "missing_lines": 8, "excluded_lines": 0}, "missing_lines": [18, 19, 20, 21, 22, 23, 24, 27], "excluded_lines": []}, "ClaimJudge": {"executed_lines": [], "summary": {"covered_lines": 0, "num_statements": 148, "percent_covered": 0.0, "percent_covered_display": "0", "missing_lines": 148, "excluded_lines": 0}, "missing_lines": [41, 42, 43, 44, 45, 46, 49, 160, 161, 166, 168, 171, 172, 173, 174, 175, 178, 179, 180, 181, 182, 185, 200, 203, 204, 205, 206, 207, 210, 214, 221, 231, 232, 239, 241, 242, 244, 245, 259, 331, 334, 335, 336, 338, 339, 340, 342, 351, 353, 376, 377, 378, 380, 384, 385, 386, 404, 405, 406, 407, 409, 410, 412, 413, 414, 418, 419, 420, 440, 441, 442, 444, 445, 446, 447, 448, 450, 452, 453, 455, 456, 457, 461, 463, 464, 465, 466, 467, 468, 471, 472, 473, 474, 475, 476, 477, 478, 480, 481, 482, 484, 511, 512, 513, 516, 517, 524, 525, 526, 527, 535, 536, 537, 545, 546, 548, 550, 556, 557, 565, 566, 574, 587, 588, 591, 594, 595, 597, 598, 599, 602, 604, 605, 606, 607, 608, 610, 612, 614, 615, 618, 619, 621, 626, 633, 634, 635, 639], "excluded_lines": []}, "PipelineJudge": {"executed_lines": [], "summary": {"covered_lines": 0, "num_statements": 47, "percent_covered": 0.0, "percent_covered_display": "0", "missing_lines": 47, "excluded_lines": 0}, "missing_lines": [652, 653, 659, 660, 663, 664, 667, 669, 670, 671, 672, 673, 676, 677, 678, 681, 682, 683, 686, 691, 692, 693, 695, 698, 701, 703, 710, 711, 714, 715, 716, 717, 719, 720, 721, 723, 732, 734, 736, 738, 739, 741, 742, 743, 744, 746, 756], "excluded_lines": []}, "": {"executed_lines": [], "summary": {"covered_lines": 0, "num_statements": 34, "percent_covered": 0.0, "percent_covered_display": "0", "missing_lines": 34, "excluded_lines": 0}, "missing_lines": [1, 2, 3, 4, 5, 6, 7, 8, 9, 11, 13, 16, 26, 37, 40, 158, 163, 254, 328, 382, 416, 459, 500, 576, 623, 637, 648, 651, 655, 759, 761, 764, 765, 766], "excluded_lines": []}}}, "app\\pipeline\\query_answer.py": {"executed_lines": [], "summary": {"covered_lines": 0, "num_statements": 85, "percent_covered": 0.0, "percent_covered_display": "0", "missing_lines": 85, "excluded_lines": 0}, "missing_lines": [5, 6, 7, 8, 9, 11, 13, 16, 17, 18, 19, 20, 21, 22, 24, 42, 67, 69, 70, 71, 74, 75, 76, 79, 82, 94, 95, 113, 114, 115, 117, 118, 121, 122, 123, 124, 125, 127, 128, 129, 132, 133, 134, 135, 136, 147, 148, 149, 151, 153, 161, 162, 163, 165, 167, 168, 169, 170, 171, 172, 174, 179, 181, 186, 188, 189, 190, 191, 194, 197, 198, 201, 203, 206, 207, 209, 210, 211, 212, 214, 224, 226, 229, 230, 231], "excluded_lines": [], "functions": {"QueryAnswerer.__init__": {"executed_lines": [], "summary": {"covered_lines": 0, "num_statements": 7, "percent_covered": 0.0, "percent_covered_display": "0", "missing_lines": 7, "excluded_lines": 0}, "missing_lines": [17, 18, 19, 20, 21, 22, 24], "excluded_lines": []}, "QueryAnswerer.answer_query": {"executed_lines": [], "summary": {"covered_lines": 0, "num_statements": 37, "percent_covered": 0.0, "percent_covered_display": "0", "missing_lines": 37, "excluded_lines": 0}, "missing_lines": [67, 69, 70, 71, 74, 75, 76, 79, 82, 94, 95, 113, 114, 115, 117, 118, 121, 122, 123, 124, 125, 127, 128, 129, 132, 133, 134, 135, 136, 147, 148, 149, 151, 153, 161, 162, 163], "excluded_lines": []}, "QueryAnswerer._build_evidence_context": {"executed_lines": [], "summary": {"covered_lines": 0, "num_statements": 8, "percent_covered": 0.0, "percent_covered_display": "0", "missing_lines": 8, "excluded_lines": 0}, "missing_lines": [167, 168, 169, 170, 171, 172, 174, 179], "excluded_lines": []}, "QueryAnswerer._find_related_claims": {"executed_lines": [], "summary": {"covered_lines": 0, "num_statements": 9, "percent_covered": 0.0, "percent_covered_display": "0", "missing_lines": 9, "excluded_lines": 0}, "missing_lines": [186, 188, 189, 190, 191, 194, 197, 198, 201], "excluded_lines": []}, "QueryAnswerer._create_fallback_response": {"executed_lines": [], "summary": {"covered_lines": 0, "num_statements": 7, "percent_covered": 0.0, "percent_covered_display": "0", "missing_lines": 7, "excluded_lines": 0}, "missing_lines": [206, 207, 209, 210, 211, 212, 214], "excluded_lines": []}, "get_query_answerer": {"executed_lines": [], "summary": {"covered_lines": 0, "num_statements": 3, "percent_covered": 0.0, "percent_covered_display": "0", "missing_lines": 3, "excluded_lines": 0}, "missing_lines": [229, 230, 231], "excluded_lines": []}, "": {"executed_lines": [], "summary": {"covered_lines": 0, "num_statements": 14, "percent_covered": 0.0, "percent_covered_display": "0", "missing_lines": 14, "excluded_lines": 0}, "missing_lines": [5, 6, 7, 8, 9, 11, 13, 16, 42, 165, 181, 203, 224, 226], "excluded_lines": []}}, "classes": {"QueryAnswerer": {"executed_lines": [], "summary": {"covered_lines": 0, "num_statements": 68, "percent_covered": 0.0, "percent_covered_display": "0", "missing_lines": 68, "excluded_lines": 0}, "missing_lines": [17, 18, 19, 20, 21, 22, 24, 67, 69, 70, 71, 74, 75, 76, 79, 82, 94, 95, 113, 114, 115, 117, 118, 121, 122, 123, 124, 125, 127, 128, 129, 132, 133, 134, 135, 136, 147, 148, 149, 151, 153, 161, 162, 163, 167, 168, 169, 170, 171, 172, 174, 179, 186, 188, 189, 190, 191, 194, 197, 198, 201, 206, 207, 209, 210, 211, 212, 214], "excluded_lines": []}, "": {"executed_lines": [], "summary": {"covered_lines": 0, "num_statements": 17, "percent_covered": 0.0, "percent_covered_display": "0", "missing_lines": 17, "excluded_lines": 0}, "missing_lines": [5, 6, 7, 8, 9, 11, 13, 16, 42, 165, 181, 203, 224, 226, 229, 230, 231], "excluded_lines": []}}}, "app\\pipeline\\retrieve.py": {"executed_lines": [], "summary": {"covered_lines": 0, "num_statements": 347, "percent_covered": 0.0, "percent_covered_display": "0", "missing_lines": 347, "excluded_lines": 0}, "missing_lines": [1, 2, 3, 4, 5, 6, 7, 8, 9, 10, 11, 12, 14, 16, 19, 20, 21, 22, 23, 26, 27, 28, 31, 40, 46, 48, 49, 50, 51, 54, 55, 60, 63, 64, 65, 66, 67, 69, 71, 73, 74, 75, 77, 84, 85, 86, 87, 89, 90, 92, 95, 96, 97, 99, 100, 103, 113, 116, 123, 124, 125, 126, 127, 128, 131, 132, 135, 137, 138, 139, 141, 144, 146, 152, 158, 161, 164, 166, 167, 168, 170, 173, 174, 175, 178, 181, 188, 189, 190, 191, 195, 196, 198, 213, 216, 218, 219, 221, 222, 224, 225, 227, 228, 230, 246, 248, 263, 264, 266, 267, 269, 270, 272, 274, 276, 277, 278, 279, 282, 285, 288, 289, 290, 293, 296, 297, 299, 305, 307, 308, 309, 310, 311, 312, 313, 315, 317, 318, 321, 323, 324, 325, 328, 331, 334, 335, 337, 344, 347, 348, 349, 352, 353, 354, 356, 360, 364, 365, 366, 367, 371, 374, 375, 376, 377, 378, 381, 382, 383, 384, 385, 386, 389, 390, 391, 395, 402, 403, 404, 405, 406, 412, 413, 419, 420, 422, 423, 424, 426, 443, 446, 447, 448, 450, 451, 454, 455, 456, 457, 458, 461, 462, 463, 466, 467, 468, 469, 471, 472, 473, 482, 483, 485, 487, 488, 489, 492, 495, 497, 498, 501, 502, 505, 506, 509, 510, 513, 516, 520, 523, 524, 525, 527, 534, 535, 536, 539, 540, 542, 543, 548, 550, 552, 554, 555, 557, 559, 560, 561, 562, 563, 564, 565, 566, 568, 570, 571, 573, 592, 595, 596, 598, 601, 602, 604, 605, 607, 609, 610, 611, 613, 619, 620, 621, 622, 624, 630, 632, 633, 634, 635, 637, 638, 639, 642, 643, 645, 651, 654, 660, 661, 667, 668, 670, 671, 672, 673, 675, 676, 677, 678, 679, 681, 682, 684, 686, 691, 696, 697, 698, 700, 713, 715, 716, 717, 731, 732, 733, 734, 736, 738, 741, 742, 743, 745, 746, 749, 750, 753, 754, 755, 762, 765, 766, 768, 769, 772, 774, 775, 776, 779, 782, 788, 789, 791, 792, 793], "excluded_lines": [], "functions": {"EvidenceRetriever.__init__": {"executed_lines": [], "summary": {"covered_lines": 0, "num_statements": 8, "percent_covered": 0.0, "percent_covered_display": "0", "missing_lines": 8, "excluded_lines": 0}, "missing_lines": [20, 21, 22, 23, 26, 27, 28, 31], "excluded_lines": []}, "EvidenceRetriever.retrieve_evidence_for_claims": {"executed_lines": [], "summary": {"covered_lines": 0, "num_statements": 18, "percent_covered": 0.0, "percent_covered_display": "0", "missing_lines": 18, "excluded_lines": 0}, "missing_lines": [46, 48, 49, 50, 51, 54, 55, 60, 63, 64, 65, 66, 67, 69, 71, 73, 74, 75], "excluded_lines": []}, "EvidenceRetriever._retrieve_evidence_for_single_claim": {"executed_lines": [], "summary": {"covered_lines": 0, "num_statements": 37, "percent_covered": 0.0, "percent_covered_display": "0", "missing_lines": 37, "excluded_lines": 0}, "missing_lines": [84, 85, 86, 87, 89, 90, 92, 95, 96, 97, 99, 100, 103, 113, 116, 123, 124, 125, 126, 127, 128, 131, 132, 135, 137, 138, 139, 141, 144, 146, 152, 158, 161, 164, 166, 167, 168], "excluded_lines": []}, "EvidenceRetriever._rank_evidence_with_embeddings": {"executed_lines": [], "summary": {"covered_lines": 0, "num_statements": 24, "percent_covered": 0.0, "percent_covered_display": "0", "missing_lines": 24, "excluded_lines": 0}, "missing_lines": [173, 174, 175, 178, 181, 188, 189, 190, 191, 195, 196, 198, 213, 216, 218, 219, 221, 222, 224, 225, 227, 228, 230, 246], "excluded_lines": []}, "EvidenceRetriever._rerank_with_cross_encoder": {"executed_lines": [], "summary": {"covered_lines": 0, "num_statements": 29, "percent_covered": 0.0, "percent_covered_display": "0", "missing_lines": 29, "excluded_lines": 0}, "missing_lines": [263, 264, 266, 267, 269, 270, 272, 274, 276, 277, 278, 279, 282, 285, 288, 289, 290, 293, 296, 297, 299, 305, 307, 308, 309, 310, 311, 312, 313], "excluded_lines": []}, "EvidenceRetriever._apply_credibility_weighting": {"executed_lines": [], "summary": {"covered_lines": 0, "num_statements": 52, "percent_covered": 0.0, "percent_covered_display": "0", "missing_lines": 52, "excluded_lines": 0}, "missing_lines": [317, 318, 321, 323, 324, 325, 328, 331, 334, 335, 337, 344, 347, 348, 349, 352, 353, 354, 356, 360, 364, 365, 366, 367, 371, 374, 375, 376, 377, 378, 381, 382, 383, 384, 385, 386, 389, 390, 391, 395, 402, 403, 404, 405, 406, 412, 413, 419, 420, 422, 423, 424], "excluded_lines": []}, "EvidenceRetriever._get_credibility_score": {"executed_lines": [], "summary": {"covered_lines": 0, "num_statements": 53, "percent_covered": 0.0, "percent_covered_display": "0", "missing_lines": 53, "excluded_lines": 0}, "missing_lines": [443, 446, 447, 448, 450, 451, 454, 455, 456, 457, 458, 461, 462, 463, 466, 467, 468, 469, 471, 472, 473, 482, 483, 485, 487, 488, 489, 492, 495, 497, 498, 501, 502, 505, 506, 509, 510, 513, 516, 520, 523, 524, 525, 527, 534, 535, 536, 539, 540, 542, 543, 548, 550], "excluded_lines": []}, "EvidenceRetriever._get_recency_score": {"executed_lines": [], "summary": {"covered_lines": 0, "num_statements": 14, "percent_covered": 0.0, "percent_covered_display": "0", "missing_lines": 14, "excluded_lines": 0}, "missing_lines": [554, 555, 557, 559, 560, 561, 562, 563, 564, 565, 566, 568, 570, 571], "excluded_lines": []}, "EvidenceRetriever._retrieve_from_government_apis": {"executed_lines": [], "summary": {"covered_lines": 0, "num_statements": 52, "percent_covered": 0.0, "percent_covered_display": "0", "missing_lines": 52, "excluded_lines": 0}, "missing_lines": [592, 595, 596, 598, 601, 602, 604, 605, 607, 609, 610, 611, 613, 619, 620, 621, 622, 624, 630, 632, 633, 634, 635, 637, 638, 639, 642, 643, 645, 651, 654, 660, 661, 667, 668, 670, 671, 672, 673, 675, 676, 677, 678, 679, 681, 682, 684, 686, 691, 696, 697, 698], "excluded_lines": []}, "EvidenceRetriever._convert_api_evidence_to_snippets": {"executed_lines": [], "summary": {"covered_lines": 0, "num_statements": 9, "percent_covered": 0.0, "percent_covered_display": "0", "missing_lines": 9, "excluded_lines": 0}, "missing_lines": [713, 715, 716, 717, 731, 732, 733, 734, 736], "excluded_lines": []}, "EvidenceRetriever._store_evidence_embeddings": {"executed_lines": [], "summary": {"covered_lines": 0, "num_statements": 15, "percent_covered": 0.0, "percent_covered_display": "0", "missing_lines": 15, "excluded_lines": 0}, "missing_lines": [741, 742, 743, 745, 746, 749, 750, 753, 754, 755, 762, 765, 766, 768, 769], "excluded_lines": []}, "EvidenceRetriever.retrieve_from_vector_store": {"executed_lines": [], "summary": {"covered_lines": 0, "num_statements": 10, "percent_covered": 0.0, "percent_covered_display": "0", "missing_lines": 10, "excluded_lines": 0}, "missing_lines": [774, 775, 776, 779, 782, 788, 789, 791, 792, 793], "excluded_lines": []}, "": {"executed_lines": [], "summary": {"covered_lines": 0, "num_statements": 26, "percent_covered": 0.0, "percent_covered_display": "0", "missing_lines": 26, "excluded_lines": 0}, "missing_lines": [1, 2, 3, 4, 5, 6, 7, 8, 9, 10, 11, 12, 14, 16, 19, 40, 77, 170, 248, 315, 426, 552, 573, 700, 738, 772], "excluded_lines": []}}, "classes": {"EvidenceRetriever": {"executed_lines": [], "summary": {"covered_lines": 0, "num_statements": 321, "percent_covered": 0.0, "percent_covered_display": "0", "missing_lines": 321, "excluded_lines": 0}, "missing_lines": [20, 21, 22, 23, 26, 27, 28, 31, 46, 48, 49, 50, 51, 54, 55, 60, 63, 64, 65, 66, 67, 69, 71, 73, 74, 75, 84, 85, 86, 87, 89, 90, 92, 95, 96, 97, 99, 100, 103, 113, 116, 123, 124, 125, 126, 127, 128, 131, 132, 135, 137, 138, 139, 141, 144, 146, 152, 158, 161, 164, 166, 167, 168, 173, 174, 175, 178, 181, 188, 189, 190, 191, 195, 196, 198, 213, 216, 218, 219, 221, 222, 224, 225, 227, 228, 230, 246, 263, 264, 266, 267, 269, 270, 272, 274, 276, 277, 278, 279, 282, 285, 288, 289, 290, 293, 296, 297, 299, 305, 307, 308, 309, 310, 311, 312, 313, 317, 318, 321, 323, 324, 325, 328, 331, 334, 335, 337, 344, 347, 348, 349, 352, 353, 354, 356, 360, 364, 365, 366, 367, 371, 374, 375, 376, 377, 378, 381, 382, 383, 384, 385, 386, 389, 390, 391, 395, 402, 403, 404, 405, 406, 412, 413, 419, 420, 422, 423, 424, 443, 446, 447, 448, 450, 451, 454, 455, 456, 457, 458, 461, 462, 463, 466, 467, 468, 469, 471, 472, 473, 482, 483, 485, 487, 488, 489, 492, 495, 497, 498, 501, 502, 505, 506, 509, 510, 513, 516, 520, 523, 524, 525, 527, 534, 535, 536, 539, 540, 542, 543, 548, 550, 554, 555, 557, 559, 560, 561, 562, 563, 564, 565, 566, 568, 570, 571, 592, 595, 596, 598, 601, 602, 604, 605, 607, 609, 610, 611, 613, 619, 620, 621, 622, 624, 630, 632, 633, 634, 635, 637, 638, 639, 642, 643, 645, 651, 654, 660, 661, 667, 668, 670, 671, 672, 673, 675, 676, 677, 678, 679, 681, 682, 684, 686, 691, 696, 697, 698, 713, 715, 716, 717, 731, 732, 733, 734, 736, 741, 742, 743, 745, 746, 749, 750, 753, 754, 755, 762, 765, 766, 768, 769, 774, 775, 776, 779, 782, 788, 789, 791, 792, 793], "excluded_lines": []}, "": {"executed_lines": [], "summary": {"covered_lines": 0, "num_statements": 26, "percent_covered": 0.0, "percent_covered_display": "0", "missing_lines": 26, "excluded_lines": 0}, "missing_lines": [1, 2, 3, 4, 5, 6, 7, 8, 9, 10, 11, 12, 14, 16, 19, 40, 77, 170, 248, 315, 426, 552, 573, 700, 738, 772], "excluded_lines": []}}}, "app\\pipeline\\verify.py": {"executed_lines": [], "summary": {"covered_lines": 0, "num_statements": 324, "percent_covered": 0.0, "percent_covered_display": "0", "missing_lines": 324, "excluded_lines": 0}, "missing_lines": [1, 2, 3, 4, 5, 6, 7, 12, 15, 16, 17, 18, 19, 21, 24, 26, 27, 28, 29, 30, 31, 36, 38, 40, 41, 42, 43, 44, 46, 48, 49, 58, 61, 62, 63, 64, 65, 66, 67, 68, 69, 70, 72, 74, 75, 77, 79, 80, 82, 84, 85, 87, 89, 91, 92, 93, 94, 95, 98, 100, 102, 103, 106, 108, 110, 114, 115, 116, 118, 119, 122, 123, 125, 126, 127, 129, 141, 143, 144, 146, 148, 149, 152, 153, 154, 155, 156, 157, 159, 160, 163, 165, 175, 177, 178, 190, 191, 194, 195, 197, 198, 209, 212, 217, 220, 222, 233, 245, 246, 259, 260, 261, 262, 265, 266, 267, 270, 271, 273, 274, 275, 276, 277, 278, 280, 281, 282, 285, 288, 289, 290, 292, 294, 295, 297, 298, 299, 300, 302, 314, 316, 317, 319, 321, 323, 324, 326, 327, 328, 329, 332, 333, 334, 335, 337, 338, 339, 340, 341, 343, 346, 347, 350, 351, 352, 354, 355, 362, 365, 366, 373, 375, 377, 379, 380, 382, 385, 386, 387, 388, 390, 392, 394, 395, 398, 399, 401, 402, 405, 406, 408, 410, 413, 414, 417, 418, 420, 427, 429, 430, 433, 434, 435, 437, 438, 441, 442, 443, 450, 453, 455, 456, 462, 463, 466, 467, 470, 471, 472, 473, 480, 482, 484, 485, 487, 498, 500, 502, 505, 515, 518, 519, 520, 523, 524, 527, 528, 530, 531, 532, 533, 536, 537, 538, 539, 541, 543, 544, 546, 548, 551, 552, 553, 555, 558, 559, 562, 564, 565, 566, 567, 568, 570, 571, 574, 577, 578, 579, 580, 581, 590, 592, 595, 596, 599, 600, 601, 602, 603, 605, 606, 608, 610, 611, 612, 614, 616, 617, 629, 630, 631, 634, 639, 645, 646, 648, 651, 652, 653, 654, 655, 656, 657, 659, 660, 663, 664, 665, 666, 667, 669, 671, 687, 688, 689, 690, 692, 695, 697, 700, 702, 705, 706, 707], "excluded_lines": [], "functions": {"NLIVerificationResult.__init__": {"executed_lines": [], "summary": {"covered_lines": 0, "num_statements": 14, "percent_covered": 0.0, "percent_covered_display": "0", "missing_lines": 14, "excluded_lines": 0}, "missing_lines": [26, 27, 28, 29, 30, 31, 36, 38, 40, 41, 42, 43, 44, 46], "excluded_lines": []}, "NLIVerificationResult.to_dict": {"executed_lines": [], "summary": {"covered_lines": 0, "num_statements": 1, "percent_covered": 0.0, "percent_covered_display": "0", "missing_lines": 1, "excluded_lines": 0}, "missing_lines": [49], "excluded_lines": []}, "NLIVerifier.__init__": {"executed_lines": [], "summary": {"covered_lines": 0, "num_statements": 10, "percent_covered": 0.0, "percent_covered_display": "0", "missing_lines": 10, "excluded_lines": 0}, "missing_lines": [62, 63, 64, 65, 66, 67, 68, 69, 70, 72], "excluded_lines": []}, "NLIVerifier.nli_model": {"executed_lines": [], "summary": {"covered_lines": 0, "num_statements": 1, "percent_covered": 0.0, "percent_covered_display": "0", "missing_lines": 1, "excluded_lines": 0}, "missing_lines": [87], "excluded_lines": []}, "NLIVerifier.initialize": {"executed_lines": [], "summary": {"covered_lines": 0, "num_statements": 14, "percent_covered": 0.0, "percent_covered_display": "0", "missing_lines": 14, "excluded_lines": 0}, "missing_lines": [91, 92, 93, 94, 95, 98, 100, 118, 119, 122, 123, 125, 126, 127], "excluded_lines": []}, "NLIVerifier.initialize.load_model": {"executed_lines": [], "summary": {"covered_lines": 0, "num_statements": 8, "percent_covered": 0.0, "percent_covered_display": "0", "missing_lines": 8, "excluded_lines": 0}, "missing_lines": [102, 103, 106, 108, 110, 114, 115, 116], "excluded_lines": []}, "NLIVerifier.verify_single": {"executed_lines": [], "summary": {"covered_lines": 0, "num_statements": 30, "percent_covered": 0.0, "percent_covered_display": "0", "missing_lines": 30, "excluded_lines": 0}, "missing_lines": [141, 143, 144, 146, 148, 149, 152, 153, 154, 155, 156, 157, 159, 160, 163, 165, 175, 177, 178, 190, 191, 194, 195, 197, 198, 209, 212, 217, 220, 222], "excluded_lines": []}, "NLIVerifier.verify_multiple": {"executed_lines": [], "summary": {"covered_lines": 0, "num_statements": 32, "percent_covered": 0.0, "percent_covered_display": "0", "missing_lines": 32, "excluded_lines": 0}, "missing_lines": [245, 246, 259, 260, 261, 262, 265, 266, 267, 270, 271, 273, 274, 275, 276, 277, 278, 280, 281, 282, 285, 288, 289, 290, 292, 294, 295, 297, 298, 299, 300, 302], "excluded_lines": []}, "NLIVerifier._make_cache_key": {"executed_lines": [], "summary": {"covered_lines": 0, "num_statements": 2, "percent_covered": 0.0, "percent_covered_display": "0", "missing_lines": 2, "excluded_lines": 0}, "missing_lines": [316, 317], "excluded_lines": []}, "NLIVerifier.verify_claim_against_evidence": {"executed_lines": [], "summary": {"covered_lines": 0, "num_statements": 29, "percent_covered": 0.0, "percent_covered_display": "0", "missing_lines": 29, "excluded_lines": 0}, "missing_lines": [321, 323, 324, 326, 327, 328, 329, 332, 333, 334, 335, 337, 338, 339, 340, 341, 343, 346, 347, 350, 351, 352, 354, 355, 362, 365, 366, 373, 375], "excluded_lines": []}, "NLIVerifier._batch_verify": {"executed_lines": [], "summary": {"covered_lines": 0, "num_statements": 8, "percent_covered": 0.0, "percent_covered_display": "0", "missing_lines": 8, "excluded_lines": 0}, "missing_lines": [379, 380, 382, 385, 386, 387, 388, 390], "excluded_lines": []}, "NLIVerifier._process_batch": {"executed_lines": [], "summary": {"covered_lines": 0, "num_statements": 43, "percent_covered": 0.0, "percent_covered_display": "0", "missing_lines": 43, "excluded_lines": 0}, "missing_lines": [394, 395, 398, 399, 401, 402, 405, 406, 408, 410, 413, 414, 417, 418, 420, 427, 429, 430, 433, 434, 435, 437, 438, 441, 442, 443, 450, 453, 455, 456, 462, 463, 466, 467, 470, 471, 472, 473, 480, 482, 484, 485, 487], "excluded_lines": []}, "NLIVerifier._run_inference": {"executed_lines": [], "summary": {"covered_lines": 0, "num_statements": 23, "percent_covered": 0.0, "percent_covered_display": "0", "missing_lines": 23, "excluded_lines": 0}, "missing_lines": [500, 502, 505, 515, 518, 519, 520, 523, 524, 527, 528, 530, 531, 532, 533, 536, 537, 538, 539, 541, 543, 544, 546], "excluded_lines": []}, "ClaimVerifier.__init__": {"executed_lines": [], "summary": {"covered_lines": 0, "num_statements": 2, "percent_covered": 0.0, "percent_covered_display": "0", "missing_lines": 2, "excluded_lines": 0}, "missing_lines": [552, 553], "excluded_lines": []}, "ClaimVerifier.verify_claims_with_evidence": {"executed_lines": [], "summary": {"covered_lines": 0, "num_statements": 17, "percent_covered": 0.0, "percent_covered_display": "0", "missing_lines": 17, "excluded_lines": 0}, "missing_lines": [558, 559, 562, 564, 595, 596, 599, 600, 601, 602, 603, 605, 606, 608, 610, 611, 612], "excluded_lines": []}, "ClaimVerifier.verify_claims_with_evidence.verify_single_claim": {"executed_lines": [], "summary": {"covered_lines": 0, "num_state
[...]
y": "0", "missing_lines": 79, "excluded_lines": 0}, "missing_lines": [1, 2, 3, 4, 6, 9, 12, 14, 22, 24, 27, 28, 29, 30, 31, 33, 36, 37, 38, 39, 40, 41, 42, 43, 44, 45, 47, 48, 50, 58, 60, 61, 63, 65, 66, 67, 68, 69, 70, 72, 74, 76, 77, 79, 80, 81, 83, 84, 86, 87, 88, 89, 91, 92, 93, 95, 96, 98, 101, 103, 106, 108, 111, 112, 115, 116, 117, 118, 121, 122, 123, 124, 125, 126, 129, 130, 131, 132, 134], "excluded_lines": [], "functions": {"TemporalAnalyzer.__init__": {"executed_lines": [], "summary": {"covered_lines": 0, "num_statements": 1, "percent_covered": 0.0, "percent_covered_display": "0", "missing_lines": 1, "excluded_lines": 0}, "missing_lines": [14], "excluded_lines": []}, "TemporalAnalyzer.analyze_claim": {"executed_lines": [], "summary": {"covered_lines": 0, "num_statements": 20, "percent_covered": 0.0, "percent_covered_display": "0", "missing_lines": 20, "excluded_lines": 0}, "missing_lines": [24, 27, 28, 29, 30, 31, 33, 36, 37, 38, 39, 40, 41, 42, 43, 44, 45, 47, 48, 50], "excluded_lines": []}, "TemporalAnalyzer._extract_year": {"executed_lines": [], "summary": {"covered_lines": 0, "num_statements": 2, "percent_covered": 0.0, "percent_covered_display": "0", "missing_lines": 2, "excluded_lines": 0}, "missing_lines": [60, 61], "excluded_lines": []}, "TemporalAnalyzer._classify_temporal_type": {"executed_lines": [], "summary": {"covered_lines": 0, "num_statements": 7, "percent_covered": 0.0, "percent_covered_display": "0", "missing_lines": 7, "excluded_lines": 0}, "missing_lines": [65, 66, 67, 68, 69, 70, 72], "excluded_lines": []}, "TemporalAnalyzer.filter_evidence_by_time": {"executed_lines": [], "summary": {"covered_lines": 0, "num_statements": 20, "percent_covered": 0.0, "percent_covered_display": "0", "missing_lines": 20, "excluded_lines": 0}, "missing_lines": [76, 77, 79, 80, 81, 83, 84, 86, 87, 88, 89, 91, 92, 93, 95, 96, 98, 101, 103, 106], "excluded_lines": []}, "TemporalAnalyzer._parse_date": {"executed_lines": [], "summary": {"covered_lines": 0, "num_statements": 17, "percent_covered": 0.0, "percent_covered_display": "0", "missing_lines": 17, "excluded_lines": 0}, "missing_lines": [111, 112, 115, 116, 117, 118, 121, 122, 123, 124, 125, 126, 129, 130, 131, 132, 134], "excluded_lines": []}, "": {"executed_lines": [], "summary": {"covered_lines": 0, "num_statements": 12, "percent_covered": 0.0, "percent_covered_display": "0", "missing_lines": 12, "excluded_lines": 0}, "missing_lines": [1, 2, 3, 4, 6, 9, 12, 22, 58, 63, 74, 108], "excluded_lines": []}}, "classes": {"TemporalAnalyzer": {"executed_lines": [], "summary": {"covered_lines": 0, "num_statements": 67, "percent_covered": 0.0, "percent_covered_display": "0", "missing_lines": 67, "excluded_lines": 0}, "missing_lines": [14, 24, 27, 28, 29, 30, 31, 33, 36, 37, 38, 39, 40, 41, 42, 43, 44, 45, 47, 48, 50, 60, 61, 65, 66, 67, 68, 69, 70, 72, 76, 77, 79, 80, 81, 83, 84, 86, 87, 88, 89, 91, 92, 93, 95, 96, 98, 101, 103, 106, 111, 112, 115, 116, 117, 118, 121, 122, 123, 124, 125, 126, 129, 130, 131, 132, 134], "excluded_lines": []}, "": {"executed_lines": [], "summary": {"covered_lines": 0, "num_statements": 12, "percent_covered": 0.0, "percent_covered_display": "0", "missing_lines": 12, "excluded_lines": 0}, "missing_lines": [1, 2, 3, 4, 6, 9, 12, 22, 58, 63, 74, 108], "excluded_lines": []}}}, "app\\utils\\url_utils.py": {"executed_lines": [1, 3, 4, 5, 7, 10], "summary": {"covered_lines": 5, "num_statements": 18, "percent_covered": 27.77777777777778, "percent_covered_display": "28", "missing_lines": 13, "excluded_lines": 0}, "missing_lines": [32, 33, 35, 36, 37, 40, 41, 44, 45, 47, 49, 50, 51], "excluded_lines": [], "functions": {"extract_domain": {"executed_lines": [], "summary": {"covered_lines": 0, "num_statements": 13, "percent_covered": 0.0, "percent_covered_display": "0", "missing_lines": 13, "excluded_lines": 0}, "missing_lines": [32, 33, 35, 36, 37, 40, 41, 44, 45, 47, 49, 50, 51], "excluded_lines": []}, "": {"executed_lines": [1, 3, 4, 5, 7, 10], "summary": {"covered_lines": 5, "num_statements": 5, "percent_covered": 100.0, "percent_covered_display": "100", "missing_lines": 0, "excluded_lines": 0}, "missing_lines": [], "excluded_lines": []}}, "classes": {"": {"executed_lines": [1, 3, 4, 5, 7, 10], "summary": {"covered_lines": 5, "num_statements": 18, "percent_covered": 27.77777777777778, "percent_covered_display": "28", "missing_lines": 13, "excluded_lines": 0}, "missing_lines": [32, 33, 35, 36, 37, 40, 41, 44, 45, 47, 49, 50, 51], "excluded_lines": []}}}, "app\\workers\\__init__.py": {"executed_lines": [], "summary": {"covered_lines": 0, "num_statements": 15, "percent_covered": 0.0, "percent_covered_display": "0", "missing_lines": 15, "excluded_lines": 0}, "missing_lines": [1, 2, 3, 4, 6, 8, 15, 46, 47, 54, 56, 57, 58, 59, 61], "excluded_lines": [], "functions": {"initialize_worker": {"executed_lines": [], "summary": {"covered_lines": 0, "num_statements": 6, "percent_covered": 0.0, "percent_covered_display": "0", "missing_lines": 6, "excluded_lines": 0}, "missing_lines": [54, 56, 57, 58, 59, 61], "excluded_lines": []}, "": {"executed_lines": [], "summary": {"covered_lines": 0, "num_statements": 9, "percent_covered": 0.0, "percent_covered_display": "0", "missing_lines": 9, "excluded_lines": 0}, "missing_lines": [1, 2, 3, 4, 6, 8, 15, 46, 47], "excluded_lines": []}}, "classes": {"": {"executed_lines": [], "summary": {"covered_lines": 0, "num_statements": 15, "percent_covered": 0.0, "percent_covered_display": "0", "missing_lines": 15, "excluded_lines": 0}, "missing_lines": [1, 2, 3, 4, 6, 8, 15, 46, 47, 54, 56, 57, 58, 59, 61], "excluded_lines": []}}}, "app\\workers\\pipeline.py": {"executed_lines": [], "summary": {"covered_lines": 0, "num_statements": 558, "percent_covered": 0.0, "percent_covered_display": "0", "missing_lines": 558, "excluded_lines": 0}, "missing_lines": [1, 2, 3, 4, 5, 6, 7, 8, 9, 10, 11, 12, 13, 14, 15, 16, 17, 18, 20, 22, 23, 24, 26, 27, 29, 31, 34, 35, 43, 44, 46, 47, 50, 55, 57, 58, 59, 60, 62, 63, 64, 65, 67, 68, 69, 70, 71, 72, 74, 75, 77, 78, 80, 82, 83, 84, 85, 87, 88, 89, 90, 92, 93, 94, 95, 96, 97, 99, 100, 102, 103, 105, 107, 108, 109, 110, 112, 114, 115, 116, 118, 119, 120, 122, 123, 124, 127, 128, 129, 130, 131, 134, 135, 136, 137, 138, 139, 145, 146, 147, 148, 151, 155, 158, 159, 161, 163, 176, 177, 178, 181, 182, 184, 186, 188, 213, 215, 216, 218, 219, 220, 221, 224, 226, 228, 229, 235, 236, 238, 239, 241, 242, 245, 253, 254, 257, 258, 259, 260, 262, 263, 264, 265, 266, 267, 268, 269, 270, 271, 272, 273, 275, 278, 279, 281, 282, 283, 284, 285, 290, 291, 292, 293, 294, 296, 297, 298, 299, 300, 302, 305, 306, 307, 308, 309, 310, 311, 312, 313, 314, 317, 318, 320, 322, 323, 324, 325, 327, 328, 329, 332, 333, 335, 338, 339, 341, 343, 349, 350, 351, 352, 353, 355, 356, 357, 358, 359, 360, 361, 363, 364, 366, 369, 370, 372, 375, 376, 378, 384, 385, 386, 387, 388, 390, 391, 392, 393, 394, 395, 396, 398, 399, 401, 404, 405, 406, 407, 409, 410, 412, 413, 416, 417, 418, 425, 428, 436, 438, 439, 440, 442, 445, 446, 447, 450, 451, 452, 453, 456, 463, 465, 466, 471, 474, 479, 482, 495, 498, 499, 501, 502, 503, 508, 509, 510, 512, 513, 514, 516, 518, 520, 528, 531, 534, 537, 569, 570, 571, 572, 573, 574, 576, 578, 579, 580, 583, 600, 601, 602, 604, 605, 606, 608, 610, 615, 617, 620, 625, 626, 629, 630, 632, 633, 635, 638, 639, 641, 642, 645, 646, 647, 649, 658, 674, 675, 676, 685, 687, 690, 694, 695, 696, 698, 700, 703, 704, 705, 706, 708, 711, 714, 715, 716, 717, 718, 719, 720, 722, 724, 725, 727, 730, 735, 736, 737, 745, 768, 770, 771, 788, 789, 790, 792, 794, 796, 797, 799, 801, 809, 811, 813, 814, 815, 823, 824, 825, 826, 827, 828, 829, 830, 831, 833, 838, 839, 840, 846, 848, 850, 853, 854, 855, 856, 857, 860, 861, 863, 864, 866, 867, 868, 870, 872, 873, 875, 876, 877, 879, 881, 883, 884, 886, 887, 888, 891, 893, 895, 896, 897, 898, 900, 901, 903, 905, 912, 913, 915, 916, 919, 920, 922, 923, 925, 926, 927, 928, 929, 930, 932, 935, 936, 937, 943, 944, 945, 946, 947, 948, 951, 954, 955, 956, 958, 960, 962, 963, 965, 966, 967, 970, 971, 973, 976, 977, 980, 981, 983, 984, 985, 987, 988, 989, 990, 991, 992, 994, 997, 998, 1001, 1002, 1003, 1004, 1006, 1009, 1010, 1011, 1012, 1013, 1015, 1016, 1024, 1026, 1028, 1029, 1031, 1032, 1033, 1036, 1037, 1039, 1042, 1043, 1045, 1046, 1049, 1051, 1053, 1054, 1056, 1057, 1058, 1061, 1062, 1064, 1066, 1067, 1070, 1071, 1073, 1074, 1075, 1080, 1081, 1083, 1085, 1087, 1088, 1090, 1092, 1094, 1100, 1101, 1102, 1103, 1119, 1121, 1123, 1124, 1126, 1128, 1129, 1131, 1132, 1139, 1141, 1144, 1150, 1151, 1152, 1153, 1155, 1157, 1158, 1159, 1162, 1163, 1165, 1174], "excluded_lines": [], "functions": {"PipelineTask.on_failure": {"executed_lines": [], "summary": {"covered_lines": 0, "num_statements": 7, "percent_covered": 0.0, "percent_covered_display": "0", "missing_lines": 7, "excluded_lines": 0}, "missing_lines": [24, 26, 27, 29, 31, 34, 35], "excluded_lines": []}, "PipelineTask.on_success": {"executed_lines": [], "summary": {"covered_lines": 0, "num_statements": 4, "percent_covered": 0.0, "percent_covered_display": "0", "missing_lines": 4, "excluded_lines": 0}, "missing_lines": [44, 46, 47, 50], "excluded_lines": []}, "update_check_status": {"executed_lines": [], "summary": {"covered_lines": 0, "num_statements": 18, "percent_covered": 0.0, "percent_covered_display": "0", "missing_lines": 18, "excluded_lines": 0}, "missing_lines": [57, 58, 59, 60, 62, 63, 64, 65, 67, 68, 69, 70, 71, 72, 74, 75, 77, 78], "excluded_lines": []}, "update_check_status_sync": {"executed_lines": [], "summary": {"covered_lines": 0, "num_statements": 18, "percent_covered": 0.0, "percent_covered_display": "0", "missing_lines": 18, "excluded_lines": 0}, "missing_lines": [82, 83, 84, 85, 87, 88, 89, 90, 92, 93, 94, 95, 96, 97, 99, 100, 102, 103], "excluded_lines": []}, "save_check_results_sync": {"executed_lines": [], "summary": {"covered_lines": 0, "num_statements": 50, "percent_covered": 0.0, "percent_covered_display": "0", "missing_lines": 50, "excluded_lines": 0}, "missing_lines": [107, 108, 109, 110, 112, 114, 115, 116, 118, 119, 120, 122, 123, 124, 127, 128, 129, 130, 131, 134, 135, 136, 137, 138, 139, 145, 146, 147, 148, 151, 155, 158, 159, 161, 163, 176, 177, 178, 181, 182, 184, 186, 188, 213, 215, 216, 218, 219, 220, 221], "excluded_lines": []}, "save_check_results": {"executed_lines": [], "summary": {"covered_lines": 0, "num_statements": 1, "percent_covered": 0.0, "percent_covered_display": "0", "missing_lines": 1, "excluded_lines": 0}, "missing_lines": [226], "excluded_lines": []}, "process_check": {"executed_lines": [], "summary": {"covered_lines": 0, "num_statements": 167, "percent_covered": 0.0, "percent_covered_display": "0", "missing_lines": 167, "excluded_lines": 0}, "missing_lines": [235, 236, 238, 239, 241, 242, 245, 253, 254, 257, 258, 259, 260, 262, 263, 264, 265, 266, 267, 268, 269, 270, 271, 272, 273, 275, 278, 279, 281, 282, 283, 284, 285, 290, 291, 292, 293, 294, 296, 297, 298, 299, 300, 302, 305, 306, 307, 308, 309, 310, 311, 312, 313, 314, 317, 318, 320, 322, 323, 324, 325, 327, 328, 329, 332, 333, 335, 338, 339, 341, 343, 349, 350, 351, 352, 353, 355, 356, 357, 358, 359, 360, 361, 363, 364, 366, 369, 370, 372, 375, 376, 378, 384, 385, 386, 387, 388, 390, 391, 392, 393, 394, 395, 396, 398, 399, 401, 404, 405, 406, 407, 409, 410, 412, 413, 416, 425, 428, 436, 438, 439, 440, 442, 445, 446, 447, 450, 451, 452, 453, 456, 463, 465, 466, 471, 474, 479, 482, 495, 498, 499, 501, 502, 503, 508, 509, 510, 512, 513, 514, 516, 518, 520, 528, 531, 534, 537, 569, 570, 571, 572, 573, 574, 576, 578, 579, 580], "excluded_lines": []}, "process_check.run_query_answering": {"executed_lines": [], "summary": {"covered_lines": 0, "num_statements": 2, "percent_covered": 0.0, "percent_covered_display": "0", "missing_lines": 2, "excluded_lines": 0}, "missing_lines": [417, 418], "excluded_lines": []}, "aggregate_api_stats": {"executed_lines": [], "summary": {"covered_lines": 0, "num_statements": 26, "percent_covered": 0.0, "percent_covered_display": "0", "missing_lines": 26, "excluded_lines": 0}, "missing_lines": [600, 601, 602, 604, 605, 606, 608, 610, 615, 617, 620, 625, 626, 629, 630, 632, 633, 635, 638, 639, 641, 642, 645, 646, 647, 649], "excluded_lines": []}, "generate_overall_assessment": {"executed_lines": [], "summary": {"covered_lines": 0, "num_statements": 45, "percent_covered": 0.0, "percent_covered_display": "0", "missing_lines": 45, "excluded_lines": 0}, "missing_lines": [674, 675, 676, 685, 687, 690, 694, 695, 696, 698, 700, 703, 704, 705, 706, 708, 711, 714, 715, 716, 717, 718, 719, 720, 722, 724, 725, 727, 730, 735, 736, 737, 745, 768, 770, 771, 788, 789, 790, 792, 794, 796, 797, 799, 801], "excluded_lines": []}, "ingest_content_async": {"executed_lines": [], "summary": {"covered_lines": 0, "num_statements": 17, "percent_covered": 0.0, "percent_covered_display": "0", "missing_lines": 17, "excluded_lines": 0}, "missing_lines": [811, 813, 814, 815, 823, 824, 825, 826, 827, 828, 829, 830, 831, 833, 838, 839, 840], "excluded_lines": []}, "extract_claims_with_cache": {"executed_lines": [], "summary": {"covered_lines": 0, "num_statements": 20, "percent_covered": 0.0, "percent_covered_display": "0", "missing_lines": 20, "excluded_lines": 0}, "missing_lines": [848, 850, 853, 854, 855, 856, 857, 860, 861, 863, 864, 866, 867, 868, 870, 872, 873, 875, 876, 877], "excluded_lines": []}, "search_factchecks_for_claims": {"executed_lines": [], "summary": {"covered_lines": 0, "num_statements": 15, "percent_covered": 0.0, "percent_covered_display": "0", "missing_lines": 15, "excluded_lines": 0}, "missing_lines": [881, 883, 884, 886, 887, 888, 891, 893, 895, 896, 897, 898, 900, 901, 903], "excluded_lines": []}, "retrieve_evidence_with_cache": {"executed_lines": [], "summary": {"covered_lines": 0, "num_statements": 37, "percent_covered": 0.0, "percent_covered_display": "0", "missing_lines": 37, "excluded_lines": 0}, "missing_lines": [912, 913, 915, 916, 919, 920, 922, 923, 925, 926, 927, 928, 929, 930, 932, 935, 936, 937, 943, 944, 945, 946, 947, 948, 951, 954, 955, 956, 958, 960, 962, 963, 965, 966, 967, 970, 971], "excluded_lines": []}, "verify_claims_with_nli": {"executed_lines": [], "summary": {"covered_lines": 0, "num_statements": 37, "percent_covered": 0.0, "percent_covered_display": "0", "missing_lines": 37, "excluded_lines": 0}, "missing_lines": [976, 977, 980, 981, 983, 984, 985, 987, 988, 989, 990, 991, 992, 994, 997, 998, 1001, 1002, 1003, 1004, 1006, 1009, 1010, 1011, 1012, 1013, 1015, 1016, 1024, 1026, 1028, 1029, 1031, 1032, 1033, 1036, 1037], "excluded_lines": []}, "judge_claims_with_llm": {"executed_lines": [], "summary": {"covered_lines": 0, "num_statements": 13, "percent_covered": 0.0, "percent_covered_display": "0", "missing_lines": 13, "excluded_lines": 0}, "missing_lines": [1042, 1043, 1045, 1046, 1049, 1051, 1053, 1054, 1056, 1057, 1058, 1061, 1062], "excluded_lines": []}, "extract_claims_fallback": {"executed_lines": [], "summary": {"covered_lines": 0, "num_statements": 10, "percent_covered": 0.0, "percent_covered_display": "0", "missing_lines": 10, "excluded_lines": 0}, "missing_lines": [1066, 1067, 1070, 1071, 1073, 1074, 1075, 1080, 1081, 1083], "excluded_lines": []}, "retrieve_evidence": {"executed_lines": [], "summary": {"covered_lines": 0, "num_statements": 10, "percent_covered": 0.0, "percent_covered_display": "0", "missing_lines": 10, "excluded_lines": 0}, "missing_lines": [1087, 1088, 1090, 1092, 1094, 1100, 1101, 1102, 1103, 1119], "excluded_lines": []}, "verify_claims": {"executed_lines": [], "summary": {"covered_lines": 0, "num_statements": 8, "percent_covered": 0.0, "percent_covered_display": "0", "missing_lines": 8, "excluded_lines": 0}, "missing_lines": [1123, 1124, 1126, 1128, 1129, 1131, 1132, 1139], "excluded_lines": []}, "judge_claims": {"executed_lines": [], "summary": {"covered_lines": 0, "num_statements": 13, "percent_covered": 0.0, "percent_covered_display": "0", "missing_lines": 13, "excluded_lines": 0}, "missing_lines": [1144, 1150, 1151, 1152, 1153, 1155, 1157, 1158, 1159, 1162, 1163, 1165, 1174], "excluded_lines": []}, "": {"executed_lines": [], "summary": {"covered_lines": 0, "num_statements": 40, "percent_covered": 0.0, "percent_covered_display": "0", "missing_lines": 40, "excluded_lines": 0}, "missing_lines": [1, 2, 3, 4, 5, 6, 7, 8, 9, 10, 11, 12, 13, 14, 15, 16, 17, 18, 20, 22, 23, 43, 55, 80, 105, 224, 228, 229, 583, 658, 809, 846, 879, 905, 973, 1039, 1064, 1085, 1121, 1141], "excluded_lines": []}}, "classes": {"PipelineTask": {"executed_lines": [], "summary": {"covered_lines": 0, "num_statements": 11, "percent_covered": 0.0, "percent_covered_display": "0", "missing_lines": 11, "excluded_lines": 0}, "missing_lines": [24, 26, 27, 29, 31, 34, 35, 44, 46, 47, 50], "excluded_lines": []}, "": {"executed_lines": [], "summary": {"covered_lines": 0, "num_statements": 547, "percent_covered": 0.0, "percent_covered_display": "0", "missing_lines": 547, "excluded_lines": 0}, "missing_lines": [1, 2, 3, 4, 5, 6, 7, 8, 9, 10, 11, 12, 13, 14, 15, 16, 17, 18, 20, 22, 23, 43, 55, 57, 58, 59, 60, 62, 63, 64, 65, 67, 68, 69, 70, 71, 72, 74, 75, 77, 78, 80, 82, 83, 84, 85, 87, 88, 89, 90, 92, 93, 94, 95, 96, 97, 99, 100, 102, 103, 105, 107, 108, 109, 110, 112, 114, 115, 116, 118, 119, 120, 122, 123, 124, 127, 128, 129, 130, 131, 134, 135, 136, 137, 138, 139, 145, 146, 147, 148, 151, 155, 158, 159, 161, 163, 176, 177, 178, 181, 182, 184, 186, 188, 213, 215, 216, 218, 219, 220, 221, 224, 226, 228, 229, 235, 236, 238, 239, 241, 242, 245, 253, 254, 257, 258, 259, 260, 262, 263, 264, 265, 266, 267, 268, 269, 270, 271, 272, 273, 275, 278, 279, 281, 282, 283, 284, 285, 290, 291, 292, 293, 294, 296, 297, 298, 299, 300, 302, 305, 306, 307, 308, 309, 310, 311, 312, 313, 314, 317, 318, 320, 322, 323, 324, 325, 327, 328, 329, 332, 333, 335, 338, 339, 341, 343, 349, 350, 351, 352, 353, 355, 356, 357, 358, 359, 360, 361, 363, 364, 366, 369, 370, 372, 375, 376, 378, 384, 385, 386, 387, 388, 390, 391, 392, 393, 394, 395, 396, 398, 399, 401, 404, 405, 406, 407, 409, 410, 412, 413, 416, 417, 418, 425, 428, 436, 438, 439, 440, 442, 445, 446, 447, 450, 451, 452, 453, 456, 463, 465, 466, 471, 474, 479, 482, 495, 498, 499, 501, 502, 503, 508, 509, 510, 512, 513, 514, 516, 518, 520, 528, 531, 534, 537, 569, 570, 571, 572, 573, 574, 576, 578, 579, 580, 583, 600, 601, 602, 604, 605, 606, 608, 610, 615, 617, 620, 625, 626, 629, 630, 632, 633, 635, 638, 639, 641, 642, 645, 646, 647, 649, 658, 674, 675, 676, 685, 687, 690, 694, 695, 696, 698, 700, 703, 704, 705, 706, 708, 711, 714, 715, 716, 717, 718, 719, 720, 722, 724, 725, 727, 730, 735, 736, 737, 745, 768, 770, 771, 788, 789, 790, 792, 794, 796, 797, 799, 801, 809, 811, 813, 814, 815, 823, 824, 825, 826, 827, 828, 829, 830, 831, 833, 838, 839, 840, 846, 848, 850, 853, 854, 855, 856, 857, 860, 861, 863, 864, 866, 867, 868, 870, 872, 873, 875, 876, 877, 879, 881, 883, 884, 886, 887, 888, 891, 893, 895, 896, 897, 898, 900, 901, 903, 905, 912, 913, 915, 916, 919, 920, 922, 923, 925, 926, 927, 928, 929, 930, 932, 935, 936, 937, 943, 944, 945, 946, 947, 948, 951, 954, 955, 956, 958, 960, 962, 963, 965, 966, 967, 970, 971, 973, 976, 977, 980, 981, 983, 984, 985, 987, 988, 989, 990, 991, 992, 994, 997, 998, 1001, 1002, 1003, 1004, 1006, 1009, 1010, 1011, 1012, 1013, 1015, 1016, 1024, 1026, 1028, 1029, 1031, 1032, 1033, 1036, 1037, 1039, 1042, 1043, 1045, 1046, 1049, 1051, 1053, 1054, 1056, 1057, 1058, 1061, 1062, 1064, 1066, 1067, 1070, 1071, 1073, 1074, 1075, 1080, 1081, 1083, 1085, 1087, 1088, 1090, 1092, 1094, 1100, 1101, 1102, 1103, 1119, 1121, 1123, 1124, 1126, 1128, 1129, 1131, 1132, 1139, 1141, 1144, 1150, 1151, 1152, 1153, 1155, 1157, 1158, 1159, 1162, 1163, 1165, 1174], "excluded_lines": []}}}}, "totals": {"covered_lines": 538, "num_statements": 4246, "percent_covered": 12.670748940178992, "percent_covered_display": "13", "missing_lines": 3708, "excluded_lines": 0}}